2024-05-19 15:25:33,188 [INFO] Activator:176 - 


2024-05-19 15:25:33,194 [INFO] Activator:177 - !SESSION log4j initialized
2024-05-19 15:25:39,667 [INFO] LogOutputStream:77 - [STDOUT_REDIRECT] 
2024-05-19 15:25:40,852 [INFO] ApplicationProperties:184 - Using Application install path: C:\ST\STM32CubeIDE_1.13.2\STM32CubeIDE\plugins\com.st.stm32cube.common.mx_6.10.0.202311202037
2024-05-19 15:25:40,884 [INFO] DbMcusXml:78 - Set database path to: C:\ST\STM32CubeIDE_1.13.2\STM32CubeIDE\plugins\com.st.stm32cube.common.mx_6.10.0.202311202037\\db\/mcu/
2024-05-19 15:25:40,884 [INFO] ApiDb:274 - Set plugin database path to: C:\ST\STM32CubeIDE_1.13.2\STM32CubeIDE\plugins\com.st.stm32cube.common.mx_6.10.0.202311202037\\db\/plugins/boardmanager/
2024-05-19 15:25:40,885 [WARN] ApiDb:259 - Overriding images path with different value:  => C:\ST\STM32CubeIDE_1.13.2\STM32CubeIDE\plugins\com.st.stm32cube.common.mx_6.10.0.202311202037\\db\/plugins/mcufinder/images/
2024-05-19 15:25:40,896 [INFO] ApiDb:250 - Set database path to: C:\Users\emper\.stmcufinder\plugins\mcufinder//mcu/
2024-05-19 15:25:40,899 [INFO] DbMcusAds:125 - Set database path to: C:\Users\emper\.stmcufinder\plugins\mcufinder//mcu/
2024-05-19 15:25:40,901 [INFO] CrossReferenceDbSqlite:203 - Set database path to: C:\Users\emper\.stmcufinder\plugins\mcufinder//mcu/cs/
2024-05-19 15:25:41,033 [INFO] RulesReader:64 - Compatibility file has been processed (297 Rules)
2024-05-19 15:25:41,138 [INFO] DbMcusXml:78 - Set database path to: C:\ST\STM32CubeIDE_1.13.2\STM32CubeIDE\plugins\com.st.stm32cube.common.mx_6.10.0.202311202037\\db\/mcu/
2024-05-19 15:25:41,138 [INFO] ApiDb:274 - Set plugin database path to: C:\ST\STM32CubeIDE_1.13.2\STM32CubeIDE\plugins\com.st.stm32cube.common.mx_6.10.0.202311202037\\db\/plugins/boardmanager/
2024-05-19 15:25:41,138 [INFO] ApiDb:261 - Set plugin images path to: C:\ST\STM32CubeIDE_1.13.2\STM32CubeIDE\plugins\com.st.stm32cube.common.mx_6.10.0.202311202037\\db\/plugins/mcufinder/images/
2024-05-19 15:25:41,138 [WARN] DbFile:41 - Overriding database path with different value: C:\Users\emper\.stmcufinder\plugins\mcufinder/ => C:\Users\emper\.stmcufinder\plugins\mcufinder
2024-05-19 15:25:41,140 [INFO] ApiDb:250 - Set database path to: C:\Users\emper\.stmcufinder\plugins\mcufinder//mcu/
2024-05-19 15:25:41,140 [WARN] DbFile:41 - Overriding database path with different value: C:\Users\emper\.stmcufinder\plugins\mcufinder/ => C:\Users\emper\.stmcufinder\plugins\mcufinder
2024-05-19 15:25:41,140 [INFO] DbMcusAds:125 - Set database path to: C:\Users\emper\.stmcufinder\plugins\mcufinder//mcu/
2024-05-19 15:25:41,140 [WARN] DbFile:41 - Overriding database path with different value: C:\Users\emper\.stmcufinder\plugins\mcufinder/ => C:\Users\emper\.stmcufinder\plugins\mcufinder
2024-05-19 15:25:41,140 [WARN] DbFile:41 - Overriding database path with different value: C:\Users\emper\.stmcufinder\plugins\mcufinder/ => C:\Users\emper\.stmcufinder\plugins\mcufinder
2024-05-19 15:25:41,140 [INFO] CrossReferenceDbSqlite:203 - Set database path to: C:\Users\emper\.stmcufinder\plugins\mcufinder//mcu/cs/
2024-05-19 15:25:41,226 [INFO] MainPanel:264 - HeapMemory: 268435456
2024-05-19 15:25:41,345 [INFO] DbMcusXml:78 - Set database path to: C:\ST\STM32CubeIDE_1.13.2\STM32CubeIDE\plugins\com.st.stm32cube.common.mx_6.10.0.202311202037\\db\/mcu/
2024-05-19 15:25:41,345 [INFO] ApiDb:274 - Set plugin database path to: C:\ST\STM32CubeIDE_1.13.2\STM32CubeIDE\plugins\com.st.stm32cube.common.mx_6.10.0.202311202037\\db\/plugins/boardmanager/
2024-05-19 15:25:41,345 [INFO] ApiDb:261 - Set plugin images path to: C:\ST\STM32CubeIDE_1.13.2\STM32CubeIDE\plugins\com.st.stm32cube.common.mx_6.10.0.202311202037\\db\/plugins/mcufinder/images/
2024-05-19 15:25:41,345 [WARN] DbFile:41 - Overriding database path with different value: C:\Users\emper\.stmcufinder\plugins\mcufinder/ => C:\Users\emper\.stmcufinder\plugins\mcufinder
2024-05-19 15:25:41,346 [INFO] ApiDb:250 - Set database path to: C:\Users\emper\.stmcufinder\plugins\mcufinder//mcu/
2024-05-19 15:25:41,346 [WARN] DbFile:41 - Overriding database path with different value: C:\Users\emper\.stmcufinder\plugins\mcufinder/ => C:\Users\emper\.stmcufinder\plugins\mcufinder
2024-05-19 15:25:41,346 [INFO] DbMcusAds:125 - Set database path to: C:\Users\emper\.stmcufinder\plugins\mcufinder//mcu/
2024-05-19 15:25:41,346 [WARN] DbFile:41 - Overriding database path with different value: C:\Users\emper\.stmcufinder\plugins\mcufinder/ => C:\Users\emper\.stmcufinder\plugins\mcufinder
2024-05-19 15:25:41,346 [WARN] DbFile:41 - Overriding database path with different value: C:\Users\emper\.stmcufinder\plugins\mcufinder/ => C:\Users\emper\.stmcufinder\plugins\mcufinder
2024-05-19 15:25:41,346 [INFO] CrossReferenceDbSqlite:203 - Set database path to: C:\Users\emper\.stmcufinder\plugins\mcufinder//mcu/cs/
2024-05-19 15:25:41,367 [INFO] ApplicationProperties:184 - Using Application install path: C:\ST\STM32CubeIDE_1.13.2\STM32CubeIDE\plugins\com.st.stm32cube.common.mx_6.10.0.202311202037
2024-05-19 15:25:41,370 [INFO] PluginManage:196 - Search for loadable plugins [exclusion list=, ]
2024-05-19 15:25:41,371 [INFO] PluginManage:310 - Check plugin analytics
2024-05-19 15:25:41,501 [INFO] AnalyticsPlugin:253 - Accepted Software Licenses: 
2024-05-19 15:25:41,503 [INFO] AnalyticsPlugin:255 - Accepted CMSIS Pack Licenses: ARM.CMSIS-DSP.1.15.0,ARM.CMSIS.6.0.0
2024-05-19 15:25:41,503 [INFO] AnalyticsPlugin:257 - Accepted Firmware Licenses: FW.G4.1.5.0
2024-05-19 15:25:41,505 [INFO] PluginManage:359 - Loaded plugin analytics (category:tool,tabindex:-1)
2024-05-19 15:25:41,506 [INFO] PluginManage:310 - Check plugin cadmodel
2024-05-19 15:25:41,521 [INFO] CADModel:105 - Init CAD model plugin
2024-05-19 15:25:41,521 [INFO] PluginManage:359 - Loaded plugin cadmodel (category:power,tabindex:5)
2024-05-19 15:25:41,521 [INFO] PluginManage:310 - Check plugin clock
2024-05-19 15:25:41,544 [INFO] PluginManage:359 - Loaded plugin clock (category:base,tabindex:2)
2024-05-19 15:25:41,544 [INFO] PluginManage:310 - Check plugin ddr
2024-05-19 15:25:41,547 [INFO] PluginManage:359 - Loaded plugin ddr (category:tool,tabindex:6)
2024-05-19 15:25:41,547 [INFO] PluginManage:310 - Check plugin filemanager
2024-05-19 15:25:41,740 [INFO] PluginManage:359 - Loaded plugin filemanager (category:base,tabindex:10)
2024-05-19 15:25:41,741 [INFO] PluginManage:310 - Check plugin ipmanager
2024-05-19 15:25:41,752 [INFO] PluginManage:359 - Loaded plugin ipmanager (category:base,tabindex:5)
2024-05-19 15:25:41,752 [INFO] PluginManage:310 - Check plugin lpbam
2024-05-19 15:25:41,774 [INFO] PluginManage:359 - Loaded plugin lpbam (category:base,tabindex:0)
2024-05-19 15:25:41,774 [INFO] PluginManage:310 - Check plugin memorymap
2024-05-19 15:25:41,799 [INFO] PluginManage:359 - Loaded plugin memorymap (category:base,tabindex:4)
2024-05-19 15:25:41,801 [INFO] PluginManage:310 - Check plugin pinoutandconfiguration
2024-05-19 15:25:41,821 [INFO] PluginManage:359 - Loaded plugin pinoutandconfiguration (category:base,tabindex:1)
2024-05-19 15:25:41,821 [INFO] PluginManage:310 - Check plugin pinoutconfig
2024-05-19 15:25:41,919 [WARN] SupportedApi:132 - Cannot load RTOS API schema: s4s-elt-must-match.1: The content of 'definitions' must match (annotation?, (simpleType | complexType)?, (unique | key | keyref)*)). A problem was found starting at: attribute.
2024-05-19 15:25:42,039 [INFO] PluginManage:359 - Loaded plugin pinoutconfig (category:base,tabindex:0)
2024-05-19 15:25:42,039 [INFO] PluginManage:310 - Check plugin power
2024-05-19 15:25:42,060 [INFO] PluginManage:359 - Loaded plugin power (category:power,tabindex:4)
2024-05-19 15:25:42,061 [INFO] PluginManage:310 - Check plugin projectmanager
2024-05-19 15:25:42,076 [INFO] PluginManage:359 - Loaded plugin projectmanager (category:projectmanager,tabindex:3)
2024-05-19 15:25:42,076 [INFO] PluginManage:310 - Check plugin thirdparty
2024-05-19 15:25:42,346 [INFO] PluginManage:359 - Loaded plugin thirdparty (category:base,tabindex:-1)
2024-05-19 15:25:42,346 [WARN] IntegrityCheckThread:84 - waiting for thirdparty lock release [integrity check]
2024-05-19 15:25:42,347 [INFO] PluginManage:310 - Check plugin tools
2024-05-19 15:25:42,347 [INFO] IntegrityCheckThread:86 - entering critical section [integrity check]
2024-05-19 15:25:42,347 [INFO] ThirdPartyUpdaterWithRetryManager:70 - Updater plugin not ready yet. [1/15]
2024-05-19 15:25:42,377 [INFO] PluginManage:359 - Loaded plugin tools (category:base,tabindex:7)
2024-05-19 15:25:42,377 [INFO] PluginManage:310 - Check plugin tutovideos
2024-05-19 15:25:42,562 [INFO] PluginManage:359 - Loaded plugin tutovideos (category:base,tabindex:-1)
2024-05-19 15:25:42,563 [INFO] PluginManage:310 - Check plugin updater
2024-05-19 15:25:42,575 [INFO] PluginManage:359 - Loaded plugin updater (category:base,tabindex:12)
2024-05-19 15:25:42,576 [INFO] PluginManage:310 - Check plugin userauth
2024-05-19 15:25:42,581 [INFO] UserAuth:114 - Init User Auth plugin
2024-05-19 15:25:42,581 [INFO] PluginManage:359 - Loaded plugin userauth (category:base,tabindex:14)
2024-05-19 15:25:42,583 [INFO] PluginManage:283 - PluginManage : Loaded plugins [17]
2024-05-19 15:25:42,816 [INFO] PinOutPanel:1499 - setPackage(No Configuration,No Configuration)
2024-05-19 15:25:42,905 [INFO] CADModel:165 - CPN selected for project level
2024-05-19 15:25:42,905 [INFO] CADModel:114 - Register for checkConnection events
2024-05-19 15:25:42,936 [INFO] IPUIPlugin:80 - create IPUIPlugin
2024-05-19 15:25:42,936 [INFO] PluginManager:220 - loadIPPluginJar : add adc
2024-05-19 15:25:42,970 [INFO] IPUIPlugin:80 - create IPUIPlugin
2024-05-19 15:25:42,970 [INFO] PluginManager:220 - loadIPPluginJar : add aes
2024-05-19 15:25:43,006 [INFO] IPUIPlugin:80 - create IPUIPlugin
2024-05-19 15:25:43,006 [INFO] PluginManager:220 - loadIPPluginJar : add can
2024-05-19 15:25:43,025 [INFO] IPUIPlugin:80 - create IPUIPlugin
2024-05-19 15:25:43,025 [INFO] PluginManager:220 - loadIPPluginJar : add comp
2024-05-19 15:25:43,055 [INFO] IPUIPlugin:80 - create IPUIPlugin
2024-05-19 15:25:43,055 [INFO] PluginManager:220 - loadIPPluginJar : add cryp
2024-05-19 15:25:43,080 [INFO] IPUIPlugin:80 - create IPUIPlugin
2024-05-19 15:25:43,081 [INFO] PluginManager:220 - loadIPPluginJar : add dfsdm
2024-05-19 15:25:43,094 [INFO] IPUIPlugin:80 - create IPUIPlugin
2024-05-19 15:25:43,094 [INFO] PluginManager:220 - loadIPPluginJar : add dma
2024-05-19 15:25:43,130 [INFO] IPUIPlugin:80 - create IPUIPlugin
2024-05-19 15:25:43,130 [INFO] PluginManager:220 - loadIPPluginJar : add dma3
2024-05-19 15:25:43,147 [INFO] IPUIPlugin:80 - create IPUIPlugin
2024-05-19 15:25:43,147 [INFO] PluginManager:220 - loadIPPluginJar : add fatfs
2024-05-19 15:25:43,187 [INFO] IPUIPlugin:80 - create IPUIPlugin
2024-05-19 15:25:43,187 [INFO] PluginManager:220 - loadIPPluginJar : add fmc
2024-05-19 15:25:43,201 [INFO] IPUIPlugin:80 - create IPUIPlugin
2024-05-19 15:25:43,201 [INFO] PluginManager:220 - loadIPPluginJar : add freertos
2024-05-19 15:25:43,219 [INFO] IPUIPlugin:80 - create IPUIPlugin
2024-05-19 15:25:43,219 [INFO] PluginManager:220 - loadIPPluginJar : add genericplugin
2024-05-19 15:25:43,291 [INFO] IPUIPlugin:80 - create IPUIPlugin
2024-05-19 15:25:43,291 [INFO] PluginManager:220 - loadIPPluginJar : add gfxmmu
2024-05-19 15:25:43,399 [INFO] IPUIPlugin:80 - create IPUIPlugin
2024-05-19 15:25:43,399 [INFO] PluginManager:220 - loadIPPluginJar : add gic
2024-05-19 15:25:43,411 [INFO] IPUIPlugin:80 - create IPUIPlugin
2024-05-19 15:25:43,412 [INFO] PluginManager:220 - loadIPPluginJar : add gpio
2024-05-19 15:25:43,490 [INFO] IPUIPlugin:80 - create IPUIPlugin
2024-05-19 15:25:43,490 [INFO] PluginManager:220 - loadIPPluginJar : add gtzc
2024-05-19 15:25:43,519 [INFO] IPUIPlugin:80 - create IPUIPlugin
2024-05-19 15:25:43,519 [INFO] PluginManager:220 - loadIPPluginJar : add hash
2024-05-19 15:25:43,561 [INFO] IPUIPlugin:80 - create IPUIPlugin
2024-05-19 15:25:43,561 [INFO] PluginManager:220 - loadIPPluginJar : add i2c
2024-05-19 15:25:43,591 [INFO] IPUIPlugin:80 - create IPUIPlugin
2024-05-19 15:25:43,591 [INFO] PluginManager:220 - loadIPPluginJar : add i2s
2024-05-19 15:25:43,629 [INFO] IPUIPlugin:80 - create IPUIPlugin
2024-05-19 15:25:43,629 [INFO] PluginManager:220 - loadIPPluginJar : add i3c
2024-05-19 15:25:43,718 [INFO] IPUIPlugin:80 - create IPUIPlugin
2024-05-19 15:25:43,718 [INFO] PluginManager:220 - loadIPPluginJar : add ipddr
2024-05-19 15:25:43,789 [INFO] IPUIPlugin:80 - create IPUIPlugin
2024-05-19 15:25:43,789 [INFO] PluginManager:220 - loadIPPluginJar : add linkedlist
2024-05-19 15:25:43,825 [INFO] IPUIPlugin:80 - create IPUIPlugin
2024-05-19 15:25:43,825 [INFO] PluginManager:220 - loadIPPluginJar : add lorawan
2024-05-19 15:25:43,860 [INFO] IPUIPlugin:80 - create IPUIPlugin
2024-05-19 15:25:43,860 [INFO] PluginManager:220 - loadIPPluginJar : add ltdc
2024-05-19 15:25:43,877 [INFO] IPUIPlugin:80 - create IPUIPlugin
2024-05-19 15:25:43,878 [INFO] PluginManager:220 - loadIPPluginJar : add mdma
2024-05-19 15:25:43,892 [INFO] IPUIPlugin:80 - create IPUIPlugin
2024-05-19 15:25:43,892 [INFO] PluginManager:220 - loadIPPluginJar : add nvic
2024-05-19 15:25:43,931 [INFO] IPUIPlugin:80 - create IPUIPlugin
2024-05-19 15:25:43,931 [INFO] PluginManager:220 - loadIPPluginJar : add opamp
2024-05-19 15:25:43,988 [INFO] IPUIPlugin:80 - create IPUIPlugin
2024-05-19 15:25:43,989 [INFO] PluginManager:220 - loadIPPluginJar : add openamp
2024-05-19 15:25:44,024 [INFO] IPUIPlugin:80 - create IPUIPlugin
2024-05-19 15:25:44,024 [INFO] PluginManager:220 - loadIPPluginJar : add pdm2pcm
2024-05-19 15:25:44,038 [INFO] IPUIPlugin:80 - create IPUIPlugin
2024-05-19 15:25:44,040 [INFO] PluginManager:220 - loadIPPluginJar : add plateformsettings
2024-05-19 15:25:44,058 [INFO] IPUIPlugin:80 - create IPUIPlugin
2024-05-19 15:25:44,058 [INFO] PluginManager:220 - loadIPPluginJar : add quadspi
2024-05-19 15:25:44,070 [INFO] IPUIPlugin:80 - create IPUIPlugin
2024-05-19 15:25:44,071 [INFO] PluginManager:220 - loadIPPluginJar : add resmgrutility
2024-05-19 15:25:44,109 [INFO] IPUIPlugin:80 - create IPUIPlugin
2024-05-19 15:25:44,109 [INFO] PluginManager:220 - loadIPPluginJar : add sai
2024-05-19 15:25:44,138 [INFO] IPUIPlugin:80 - create IPUIPlugin
2024-05-19 15:25:44,139 [INFO] PluginManager:220 - loadIPPluginJar : add spi
2024-05-19 15:25:44,196 [INFO] IPUIPlugin:80 - create IPUIPlugin
2024-05-19 15:25:44,196 [INFO] PluginManager:220 - loadIPPluginJar : add stm32_wpan
2024-05-19 15:25:44,216 [INFO] IPUIPlugin:80 - create IPUIPlugin
2024-05-19 15:25:44,216 [INFO] PluginManager:220 - loadIPPluginJar : add tim
2024-05-19 15:25:44,258 [INFO] IPUIPlugin:80 - create IPUIPlugin
2024-05-19 15:25:44,259 [INFO] PluginManager:220 - loadIPPluginJar : add touchsensing
2024-05-19 15:25:44,275 [INFO] IPUIPlugin:80 - create IPUIPlugin
2024-05-19 15:25:44,275 [INFO] PluginManager:220 - loadIPPluginJar : add tracer_emb
2024-05-19 15:25:44,293 [INFO] IPUIPlugin:80 - create IPUIPlugin
2024-05-19 15:25:44,293 [INFO] PluginManager:220 - loadIPPluginJar : add ts
2024-05-19 15:25:44,312 [INFO] IPUIPlugin:80 - create IPUIPlugin
2024-05-19 15:25:44,312 [INFO] PluginManager:220 - loadIPPluginJar : add tsc
2024-05-19 15:25:44,336 [INFO] IPUIPlugin:80 - create IPUIPlugin
2024-05-19 15:25:44,336 [INFO] PluginManager:220 - loadIPPluginJar : add ucpd
2024-05-19 15:25:44,379 [INFO] IPUIPlugin:80 - create IPUIPlugin
2024-05-19 15:25:44,379 [INFO] PluginManager:220 - loadIPPluginJar : add usart
2024-05-19 15:25:44,413 [INFO] IPUIPlugin:80 - create IPUIPlugin
2024-05-19 15:25:44,413 [INFO] PluginManager:220 - loadIPPluginJar : add usbx
2024-05-19 15:25:44,546 [INFO] CADModel:165 - CPN selected for project level
2024-05-19 15:25:44,546 [INFO] CADModel:114 - Register for checkConnection events
2024-05-19 15:25:44,546 [FATAL] Updater:308 - Updater called before beeing initialized
2024-05-19 15:25:44,546 [ERROR] CADModel:125 - Updater not yet initialized, retry later 
2024-05-19 15:25:44,682 [INFO] CADModel:165 - CPN selected for project level
2024-05-19 15:25:44,682 [INFO] CADModel:114 - Register for checkConnection events
2024-05-19 15:25:44,682 [FATAL] Updater:308 - Updater called before beeing initialized
2024-05-19 15:25:44,683 [ERROR] CADModel:125 - Updater not yet initialized, retry later 
2024-05-19 15:25:44,686 [FATAL] Updater:308 - Updater called before beeing initialized
2024-05-19 15:25:44,781 [FATAL] Updater:308 - Updater called before beeing initialized
2024-05-19 15:25:44,792 [INFO] DbMcusAds:53 - JSON generation date=Thu May 02 15:37:29 ICT 2024 (1714639049318)
2024-05-19 15:25:44,792 [FATAL] Updater:308 - Updater called before beeing initialized
2024-05-19 15:25:44,881 [WARN] DetailPanel:346 - Failed to get advertising image, set to default
2024-05-19 15:25:45,008 [FATAL] Updater:308 - Updater called before beeing initialized
2024-05-19 15:25:45,010 [FATAL] Updater:308 - Updater called before beeing initialized
2024-05-19 15:25:45,010 [FATAL] Updater:308 - Updater called before beeing initialized
2024-05-19 15:25:45,010 [WARN] DetailPanel:346 - Failed to get advertising image, set to default
2024-05-19 15:25:45,010 [FATAL] Updater:308 - Updater called before beeing initialized
2024-05-19 15:25:45,073 [ERROR] Updater:1120 - MainUpdater not yet initialized. External WinMGr cannot be set.
2024-05-19 15:25:45,084 [INFO] Updater:1056 - Updater Version found : 6.10.0
2024-05-19 15:25:45,101 [INFO] ApplicationProperties:184 - Using Application install path: C:\ST\STM32CubeIDE_1.13.2\STM32CubeIDE\plugins\com.st.stm32cube.common.mx_6.10.0.202311202037
2024-05-19 15:25:45,350 [INFO] ThirdPartyUpdaterWithRetryManager:70 - Updater plugin not ready yet. [2/15]
2024-05-19 15:25:46,691 [ERROR] LogOutputStream:75 - [STDERR_REDIRECT] May 19, 2024 3:25:46 PM java.util.prefs.WindowsPreferences <init>
2024-05-19 15:25:46,692 [ERROR] LogOutputStream:75 - [STDERR_REDIRECT] WARNING: Could not open/create prefs root node Software\JavaSoft\Prefs at root 0xffffffff80000002. Windows RegCreateKeyEx(...) returned error code 5.
2024-05-19 15:25:46,692 [ERROR] LogOutputStream:75 - [STDERR_REDIRECT] 
2024-05-19 15:25:47,585 [INFO] MainUpdater:2873 - connection check result : 10
2024-05-19 15:25:47,585 [INFO] MainUpdater:290 - Updater Check For Update Now.
2024-05-19 15:25:47,585 [INFO] MicroXplorer:498 - Change Database Version : DB.6.0.100
2024-05-19 15:25:47,605 [INFO] McuFinderGlobals:63 - Set McuFinder mode to 2 (CubeIDE integrated)
2024-05-19 15:25:47,621 [INFO] UserAuth:404 - Internet connection configuration mode: 1
2024-05-19 15:25:47,648 [INFO] JxBrowserEngine:152 - Initiate JxBrowser Engine with user profile folder
2024-05-19 15:25:47,775 [INFO] CheckServerUpdateThread:120 - End of CheckServer Thread
2024-05-19 15:25:48,562 [WARN] PackLoader:240 - Cannot read IP mode file for STMicroelectronics.FP-SNS-MOTENVWB1.1.4.0
2024-05-19 15:25:48,580 [WARN] PackLoader:240 - Cannot read IP mode file for STMicroelectronics.X-CUBE-SMBUS.2.1.0
2024-05-19 15:25:48,594 [WARN] PackLoader:240 - Cannot read IP mode file for STMicroelectronics.X-CUBE-TOUCHGFX.4.23.0
2024-05-19 15:25:48,604 [WARN] PackLoader:240 - Cannot read IP mode file for STMicroelectronics.X-CUBE-TOUCHGFX.4.23.2
2024-05-19 15:25:48,632 [WARN] PackLoader:240 - Cannot read IP mode file for STMicroelectronics.X-CUBE-AZRTOS-F7.1.1.0
2024-05-19 15:25:48,647 [WARN] PackLoader:240 - Cannot read IP mode file for STMicroelectronics.FP-SNS-MOTENV1.4.3.2
2024-05-19 15:25:48,661 [WARN] PackLoader:240 - Cannot read IP mode file for STMicroelectronics.FP-SNS-FLIGHT1.5.0.2
2024-05-19 15:25:48,675 [WARN] PackLoader:240 - Cannot read IP mode file for STMicroelectronics.X-CUBE-DISPLAY.3.0.0
2024-05-19 15:25:48,691 [WARN] PackLoader:240 - Cannot read IP mode file for STMicroelectronics.X-CUBE-BLE1.7.0.0
2024-05-19 15:25:48,705 [WARN] PackLoader:240 - Cannot read IP mode file for emotas.I-CUBE-CANOPEN.1.3.0
2024-05-19 15:25:48,717 [WARN] PackLoader:240 - Cannot read IP mode file for STMicroelectronics.X-CUBE-TOUCHGFX.4.22.1
2024-05-19 15:25:48,733 [WARN] PackLoader:240 - Cannot read IP mode file for STMicroelectronics.X-CUBE-BLEMGR.3.1.0
2024-05-19 15:25:48,747 [WARN] PackLoader:240 - Cannot read IP mode file for STMicroelectronics.FP-SNS-SMARTAG2.1.2.0
2024-05-19 15:25:48,765 [INFO] LogOutputStream:77 - [STDOUT_REDIRECT] 1 : Invalid condition id : UX_CORESTACK_Condition cause : null
2024-05-19 15:25:48,765 [INFO] LogOutputStream:77 - [STDOUT_REDIRECT] 1 : Invalid condition id : UX_CORESTACK_Condition cause : null
2024-05-19 15:25:48,766 [INFO] LogOutputStream:77 - [STDOUT_REDIRECT] 1 : Invalid condition id : UX_CORESTACK_Condition cause : null
2024-05-19 15:25:48,766 [INFO] LogOutputStream:77 - [STDOUT_REDIRECT] 1 : Invalid condition id : UX_CORESTACK_Condition cause : null
2024-05-19 15:25:48,767 [INFO] LogOutputStream:77 - [STDOUT_REDIRECT] 1 : Invalid condition id : UX_CORESTACK_Condition cause : null
2024-05-19 15:25:48,768 [WARN] PackLoader:240 - Cannot read IP mode file for STMicroelectronics.X-CUBE-AZRTOS-WL.2.0.0
2024-05-19 15:25:48,779 [WARN] PackLoader:240 - Cannot read IP mode file for STMicroelectronics.FP-SNS-MOTENV1.5.0.0
2024-05-19 15:25:48,793 [WARN] PackLoader:240 - Cannot read IP mode file for WES.I-CUBE-Cesium.1.3.0
2024-05-19 15:25:48,804 [WARN] PackLoader:240 - Cannot read IP mode file for STMicroelectronics.X-CUBE-BLE2.3.3.0
2024-05-19 15:25:48,816 [WARN] PackLoader:240 - Cannot read IP mode file for STMicroelectronics.X-CUBE-TCPP.4.1.0
2024-05-19 15:25:48,830 [WARN] PackLoader:240 - Cannot read IP mode file for STMicroelectronics.X-CUBE-ALGOBUILD.1.3.0
2024-05-19 15:25:48,857 [WARN] PackLoader:240 - Cannot read IP mode file for STMicroelectronics.X-CUBE-AZRTOS-G0.1.1.0
2024-05-19 15:25:48,877 [WARN] PackLoader:240 - Cannot read IP mode file for STMicroelectronics.X-CUBE-SAFEA1.1.2.2
2024-05-19 15:25:48,894 [WARN] PackLoader:240 - Cannot read IP mode file for STMicroelectronics.X-CUBE-NFC4.3.0.0
2024-05-19 15:25:48,926 [WARN] PackLoader:240 - Cannot read IP mode file for STMicroelectronics.X-CUBE-BLEMGR.3.0.0
2024-05-19 15:25:48,953 [WARN] PackLoader:240 - Cannot read IP mode file for STMicroelectronics.FP-ATR-SIGFOX1.3.2.0
2024-05-19 15:25:48,973 [WARN] PackLoader:240 - Cannot read IP mode file for STMicroelectronics.X-CUBE-EEPRMA1.5.1.0
2024-05-19 15:25:49,012 [WARN] PackLoader:240 - Cannot read IP mode file for SEGGER.I-CUBE-embOS.1.3.1
2024-05-19 15:25:49,069 [WARN] PackLoader:240 - Cannot read IP mode file for STMicroelectronics.X-CUBE-ALGOBUILD.1.4.0
2024-05-19 15:25:49,088 [WARN] PackLoader:240 - Cannot read IP mode file for STMicroelectronics.X-CUBE-GNSS1.6.0.0
2024-05-19 15:25:49,128 [WARN] PackLoader:240 - Cannot read IP mode file for STMicroelectronics.X-CUBE-AZRTOS-F4.1.1.0
2024-05-19 15:25:49,151 [WARN] PackLoader:240 - Cannot read IP mode file for wolfSSL.I-CUBE-wolfSSL.5.6.3
2024-05-19 15:25:49,169 [WARN] PackLoader:240 - Cannot read IP mode file for STMicroelectronics.X-CUBE-FREERTOS.1.2.0
2024-05-19 15:25:49,186 [WARN] PackLoader:240 - Cannot read IP mode file for wolfSSL.I-CUBE-wolfSSL.5.6.6
2024-05-19 15:25:49,219 [WARN] PackLoader:240 - Cannot read IP mode file for STMicroelectronics.X-CUBE-AZRTOS-L5.2.0.0
2024-05-19 15:25:49,278 [WARN] PackLoader:240 - Cannot read IP mode file for STMicroelectronics.X-CUBE-MEMS1.9.6.0
2024-05-19 15:25:49,448 [WARN] PackLoader:240 - Cannot read IP mode file for STMicroelectronics.X-CUBE-EEPRMA1.4.2.0
2024-05-19 15:25:49,481 [WARN] PackLoader:240 - Cannot read IP mode file for STMicroelectronics.X-CUBE-NFC6.3.1.0
2024-05-19 15:25:49,506 [WARN] PackLoader:240 - Cannot read IP mode file for ITTIA_DB.I-CUBE-ITTIADB.8.8.0
2024-05-19 15:25:49,590 [WARN] PackLoader:240 - Cannot read IP mode file for STMicroelectronics.X-CUBE-BLEMGR.2.0.0
2024-05-19 15:25:49,608 [WARN] PackLoader:240 - Cannot read IP mode file for STMicroelectronics.X-CUBE-AI.9.0.0
2024-05-19 15:25:49,643 [WARN] ConditionMgr:438 - getConditionDescription Invalid condition id : UX DEVICE CLASS RTOS Condition cause : null
2024-05-19 15:25:49,644 [WARN] ConditionMgr:438 - getConditionDescription Invalid condition id : UX DEVICE CLASS RTOS Condition cause : null
2024-05-19 15:25:49,646 [WARN] PackLoader:240 - Cannot read IP mode file for STMicroelectronics.X-CUBE-AZRTOS-H7.3.1.0
2024-05-19 15:25:49,648 [WARN] ConditionMgr:1039 - genDependencies : Invalid condition id : UX DEVICE CLASS RTOS Condition cause : null
2024-05-19 15:25:49,650 [WARN] ConditionMgr:1039 - genDependencies : Invalid condition id : UX DEVICE CLASS RTOS Condition cause : null
2024-05-19 15:25:49,650 [WARN] ConditionMgr:1039 - genDependencies : Invalid condition id : UX DEVICE CLASS RTOS Condition cause : null
2024-05-19 15:25:49,651 [WARN] ConditionMgr:1039 - genDependencies : Invalid condition id : UX DEVICE CLASS RTOS Condition cause : null
2024-05-19 15:25:49,651 [WARN] ConditionMgr:1039 - genDependencies : Invalid condition id : UX DEVICE CLASS RTOS Condition cause : null
2024-05-19 15:25:49,671 [WARN] PackLoader:240 - Cannot read IP mode file for STMicroelectronics.X-CUBE-NFC7.1.0.1
2024-05-19 15:25:49,694 [WARN] PackLoader:240 - Cannot read IP mode file for STMicroelectronics.X-CUBE-NFC6.3.0.0
2024-05-19 15:25:49,713 [WARN] PackLoader:240 - Cannot read IP mode file for STMicroelectronics.X-CUBE-EEPRMA1.4.1.0
2024-05-19 15:25:49,735 [WARN] PackLoader:240 - Cannot read IP mode file for STMicroelectronics.X-CUBE-AI.8.1.0
2024-05-19 15:25:49,773 [WARN] ConditionMgr:438 - getConditionDescription Invalid condition id : LAN8742 Phy interface Condition cause : null
2024-05-19 15:25:49,774 [WARN] PackLoader:240 - Cannot read IP mode file for STMicroelectronics.X-CUBE-AZRTOS-L4.2.0.0
2024-05-19 15:25:49,776 [WARN] ConditionMgr:1039 - genDependencies : Invalid condition id : LAN8742 Phy interface Condition cause : null
2024-05-19 15:25:49,778 [WARN] ConditionMgr:1039 - genDependencies : Invalid condition id : LAN8742 Phy interface Condition cause : null
2024-05-19 15:25:49,779 [WARN] ConditionMgr:1039 - genDependencies : Invalid condition id : LAN8742 Phy interface Condition cause : null
2024-05-19 15:25:49,936 [WARN] PackLoader:240 - Cannot read IP mode file for STMicroelectronics.X-CUBE-SFXS2LP1.4.0.0
2024-05-19 15:25:49,964 [WARN] PackLoader:240 - Cannot read IP mode file for STMicroelectronics.X-CUBE-ISPU.1.1.0
2024-05-19 15:25:50,014 [WARN] ConditionMgr:438 - getConditionDescription Invalid condition id : UX DEVICE CLASS RTOS Condition cause : null
2024-05-19 15:25:50,014 [WARN] ConditionMgr:438 - getConditionDescription Invalid condition id : UX DEVICE CLASS RTOS Condition cause : null
2024-05-19 15:25:50,017 [WARN] PackLoader:240 - Cannot read IP mode file for STMicroelectronics.X-CUBE-AZRTOS-WB.2.0.0
2024-05-19 15:25:50,018 [WARN] ConditionMgr:1039 - genDependencies : Invalid condition id : UX DEVICE CLASS RTOS Condition cause : null
2024-05-19 15:25:50,018 [WARN] ConditionMgr:1039 - genDependencies : Invalid condition id : UX DEVICE CLASS RTOS Condition cause : null
2024-05-19 15:25:50,019 [WARN] ConditionMgr:1039 - genDependencies : Invalid condition id : UX DEVICE CLASS RTOS Condition cause : null
2024-05-19 15:25:50,020 [WARN] ConditionMgr:1039 - genDependencies : Invalid condition id : UX DEVICE CLASS RTOS Condition cause : null
2024-05-19 15:25:50,021 [WARN] ConditionMgr:1039 - genDependencies : Invalid condition id : UX DEVICE CLASS RTOS Condition cause : null
2024-05-19 15:25:50,057 [WARN] PackLoader:240 - Cannot read IP mode file for STMicroelectronics.X-CUBE-SUBG2.5.0.0
2024-05-19 15:25:50,101 [WARN] PackLoader:240 - Cannot read IP mode file for STMicroelectronics.X-CUBE-TOF1.3.3.1
2024-05-19 15:25:50,248 [WARN] PackLoader:240 - Cannot read IP mode file for STMicroelectronics.X-CUBE-AZRTOS-G4.2.0.0
2024-05-19 15:25:50,273 [WARN] PackLoader:240 - Cannot read IP mode file for Infineon.AIROC-Wi-Fi-Bluetooth-STM32.1.5.1
2024-05-19 15:25:50,292 [WARN] PackLoader:240 - Cannot read IP mode file for STMicroelectronics.FP-SNS-MOTENVWB1.1.3.0
2024-05-19 15:25:50,306 [WARN] PackLoader:240 - Cannot read IP mode file for STMicroelectronics.FP-SNS-MOTENVWB1.1.3.1
2024-05-19 15:25:50,321 [WARN] PackLoader:240 - Cannot read IP mode file for STMicroelectronics.X-CUBE-ISPU.2.0.0
2024-05-19 15:25:50,371 [WARN] PackLoader:240 - Cannot read IP mode file for STMicroelectronics.X-CUBE-MEMS1.10.0.0
2024-05-19 15:25:50,481 [WARN] PackLoader:240 - Cannot read IP mode file for STMicroelectronics.X-CUBE-FREERTOS.1.1.0
2024-05-19 15:25:50,509 [WARN] PackLoader:240 - Cannot read IP mode file for portGmbH.I-Cube-SoM-uGOAL.1.1.0
2024-05-19 15:25:50,532 [WARN] PackLoader:240 - Cannot read IP mode file for STMicroelectronics.X-CUBE-ALS.1.0.1
2024-05-19 15:25:50,582 [WARN] PackLoader:240 - Cannot read IP mode file for STMicroelectronics.X-CUBE-AZRTOS-H7RS.1.0.0
2024-05-19 15:25:50,612 [WARN] PackLoader:240 - Cannot read IP mode file for STMicroelectronics.FP-ATR-ASTRA1.2.0.0
2024-05-19 15:25:50,643 [WARN] PackLoader:240 - Cannot read IP mode file for STMicroelectronics.X-CUBE-TOF1.3.4.0
2024-05-19 15:25:50,686 [WARN] PackLoader:240 - Cannot read IP mode file for STMicroelectronics.X-CUBE-TOF1.3.4.1
2024-05-19 15:25:50,756 [WARN] PackLoader:240 - Cannot read IP mode file for STMicroelectronics.X-CUBE-AZRTOS-H7.3.2.0
2024-05-19 15:25:50,761 [INFO] ThirdParty:978 - Integrity check success = true
2024-05-19 15:25:50,761 [INFO] IntegrityCheckThread:100 - exiting critical section [integrity check]
2024-05-19 15:25:50,761 [INFO] IntegrityCheckThread:103 - End integrity checks thread
2024-05-19 15:25:51,092 [INFO] WebApp:161 - Instantiating new browser for Auth
2024-05-19 15:25:51,775 [INFO] WebApp:780 - Register for checkConnection events
2024-05-19 15:25:51,776 [INFO] WebApp:414 - Apply proxy settings
2024-05-19 15:25:51,776 [INFO] WebApp:499 - Chromium requires no authentication
2024-05-19 15:25:51,784 [INFO] WebApp:442 - Direct internet connection detected
2024-05-19 15:25:51,945 [INFO] WebApp:192 - Starting web application
2024-05-19 15:25:51,945 [INFO] WebApp:544 - Web application path used C:\ST\STM32CubeIDE_1.13.2\STM32CubeIDE\plugins\com.st.stm32cube.common.mx_6.10.0.202311202037\db\plugins\mcufinder\reactClient1\index.html
2024-05-19 15:26:12,705 [ERROR] LogOutputStream:75 - [STDERR_REDIRECT] SLF4J: Failed to load class "org.slf4j.impl.StaticLoggerBinder".
2024-05-19 15:26:12,706 [ERROR] LogOutputStream:75 - [STDERR_REDIRECT] SLF4J: Defaulting to no-operation (NOP) logger implementation
2024-05-19 15:26:12,707 [ERROR] LogOutputStream:75 - [STDERR_REDIRECT] SLF4J: See http://www.slf4j.org/codes.html#StaticLoggerBinder for further details.
