2024-04-29 14:11:02,731 [INFO] Activator:176 - 


2024-04-29 14:11:02,737 [INFO] Activator:177 - !SESSION log4j initialized
2024-04-29 14:11:10,059 [INFO] LogOutputStream:77 - [STDOUT_REDIRECT] 
2024-04-29 14:11:11,153 [INFO] ApplicationProperties:184 - Using Application install path: C:\ST\STM32CubeIDE_1.13.2\STM32CubeIDE\plugins\com.st.stm32cube.common.mx_6.10.0.202311202037
2024-04-29 14:11:11,169 [INFO] DbMcusXml:78 - Set database path to: C:\ST\STM32CubeIDE_1.13.2\STM32CubeIDE\plugins\com.st.stm32cube.common.mx_6.10.0.202311202037\\db\/mcu/
2024-04-29 14:11:11,169 [INFO] ApiDb:274 - Set plugin database path to: C:\ST\STM32CubeIDE_1.13.2\STM32CubeIDE\plugins\com.st.stm32cube.common.mx_6.10.0.202311202037\\db\/plugins/boardmanager/
2024-04-29 14:11:11,170 [WARN] ApiDb:259 - Overriding images path with different value:  => C:\ST\STM32CubeIDE_1.13.2\STM32CubeIDE\plugins\com.st.stm32cube.common.mx_6.10.0.202311202037\\db\/plugins/mcufinder/images/
2024-04-29 14:11:11,187 [INFO] ApiDb:250 - Set database path to: C:\Users\emper\.stmcufinder\plugins\mcufinder//mcu/
2024-04-29 14:11:11,188 [INFO] DbMcusAds:125 - Set database path to: C:\Users\emper\.stmcufinder\plugins\mcufinder//mcu/
2024-04-29 14:11:11,189 [INFO] CrossReferenceDbSqlite:203 - Set database path to: C:\Users\emper\.stmcufinder\plugins\mcufinder//mcu/cs/
2024-04-29 14:11:11,276 [INFO] RulesReader:64 - Compatibility file has been processed (297 Rules)
2024-04-29 14:11:11,362 [INFO] DbMcusXml:78 - Set database path to: C:\ST\STM32CubeIDE_1.13.2\STM32CubeIDE\plugins\com.st.stm32cube.common.mx_6.10.0.202311202037\\db\/mcu/
2024-04-29 14:11:11,362 [INFO] ApiDb:274 - Set plugin database path to: C:\ST\STM32CubeIDE_1.13.2\STM32CubeIDE\plugins\com.st.stm32cube.common.mx_6.10.0.202311202037\\db\/plugins/boardmanager/
2024-04-29 14:11:11,362 [INFO] ApiDb:261 - Set plugin images path to: C:\ST\STM32CubeIDE_1.13.2\STM32CubeIDE\plugins\com.st.stm32cube.common.mx_6.10.0.202311202037\\db\/plugins/mcufinder/images/
2024-04-29 14:11:11,362 [WARN] DbFile:41 - Overriding database path with different value: C:\Users\emper\.stmcufinder\plugins\mcufinder/ => C:\Users\emper\.stmcufinder\plugins\mcufinder
2024-04-29 14:11:11,362 [INFO] ApiDb:250 - Set database path to: C:\Users\emper\.stmcufinder\plugins\mcufinder//mcu/
2024-04-29 14:11:11,362 [WARN] DbFile:41 - Overriding database path with different value: C:\Users\emper\.stmcufinder\plugins\mcufinder/ => C:\Users\emper\.stmcufinder\plugins\mcufinder
2024-04-29 14:11:11,362 [INFO] DbMcusAds:125 - Set database path to: C:\Users\emper\.stmcufinder\plugins\mcufinder//mcu/
2024-04-29 14:11:11,362 [WARN] DbFile:41 - Overriding database path with different value: C:\Users\emper\.stmcufinder\plugins\mcufinder/ => C:\Users\emper\.stmcufinder\plugins\mcufinder
2024-04-29 14:11:11,362 [WARN] DbFile:41 - Overriding database path with different value: C:\Users\emper\.stmcufinder\plugins\mcufinder/ => C:\Users\emper\.stmcufinder\plugins\mcufinder
2024-04-29 14:11:11,362 [INFO] CrossReferenceDbSqlite:203 - Set database path to: C:\Users\emper\.stmcufinder\plugins\mcufinder//mcu/cs/
2024-04-29 14:11:11,437 [INFO] MainPanel:264 - HeapMemory: 268435456
2024-04-29 14:11:11,520 [INFO] DbMcusXml:78 - Set database path to: C:\ST\STM32CubeIDE_1.13.2\STM32CubeIDE\plugins\com.st.stm32cube.common.mx_6.10.0.202311202037\\db\/mcu/
2024-04-29 14:11:11,520 [INFO] ApiDb:274 - Set plugin database path to: C:\ST\STM32CubeIDE_1.13.2\STM32CubeIDE\plugins\com.st.stm32cube.common.mx_6.10.0.202311202037\\db\/plugins/boardmanager/
2024-04-29 14:11:11,520 [INFO] ApiDb:261 - Set plugin images path to: C:\ST\STM32CubeIDE_1.13.2\STM32CubeIDE\plugins\com.st.stm32cube.common.mx_6.10.0.202311202037\\db\/plugins/mcufinder/images/
2024-04-29 14:11:11,520 [WARN] DbFile:41 - Overriding database path with different value: C:\Users\emper\.stmcufinder\plugins\mcufinder/ => C:\Users\emper\.stmcufinder\plugins\mcufinder
2024-04-29 14:11:11,520 [INFO] ApiDb:250 - Set database path to: C:\Users\emper\.stmcufinder\plugins\mcufinder//mcu/
2024-04-29 14:11:11,520 [WARN] DbFile:41 - Overriding database path with different value: C:\Users\emper\.stmcufinder\plugins\mcufinder/ => C:\Users\emper\.stmcufinder\plugins\mcufinder
2024-04-29 14:11:11,520 [INFO] DbMcusAds:125 - Set database path to: C:\Users\emper\.stmcufinder\plugins\mcufinder//mcu/
2024-04-29 14:11:11,520 [WARN] DbFile:41 - Overriding database path with different value: C:\Users\emper\.stmcufinder\plugins\mcufinder/ => C:\Users\emper\.stmcufinder\plugins\mcufinder
2024-04-29 14:11:11,520 [WARN] DbFile:41 - Overriding database path with different value: C:\Users\emper\.stmcufinder\plugins\mcufinder/ => C:\Users\emper\.stmcufinder\plugins\mcufinder
2024-04-29 14:11:11,520 [INFO] CrossReferenceDbSqlite:203 - Set database path to: C:\Users\emper\.stmcufinder\plugins\mcufinder//mcu/cs/
2024-04-29 14:11:11,539 [INFO] ApplicationProperties:184 - Using Application install path: C:\ST\STM32CubeIDE_1.13.2\STM32CubeIDE\plugins\com.st.stm32cube.common.mx_6.10.0.202311202037
2024-04-29 14:11:11,541 [INFO] PluginManage:196 - Search for loadable plugins [exclusion list=, ]
2024-04-29 14:11:11,542 [INFO] PluginManage:310 - Check plugin analytics
2024-04-29 14:11:11,654 [INFO] AnalyticsPlugin:253 - Accepted Software Licenses: 
2024-04-29 14:11:11,655 [INFO] AnalyticsPlugin:255 - Accepted CMSIS Pack Licenses: ARM.CMSIS-DSP.1.15.0,ARM.CMSIS.6.0.0
2024-04-29 14:11:11,655 [INFO] AnalyticsPlugin:257 - Accepted Firmware Licenses: FW.G4.1.5.0
2024-04-29 14:11:11,658 [INFO] PluginManage:359 - Loaded plugin analytics (category:tool,tabindex:-1)
2024-04-29 14:11:11,658 [INFO] PluginManage:310 - Check plugin cadmodel
2024-04-29 14:11:11,671 [INFO] CADModel:105 - Init CAD model plugin
2024-04-29 14:11:11,672 [INFO] PluginManage:359 - Loaded plugin cadmodel (category:power,tabindex:5)
2024-04-29 14:11:11,672 [INFO] PluginManage:310 - Check plugin clock
2024-04-29 14:11:11,691 [INFO] PluginManage:359 - Loaded plugin clock (category:base,tabindex:2)
2024-04-29 14:11:11,691 [INFO] PluginManage:310 - Check plugin ddr
2024-04-29 14:11:11,693 [INFO] PluginManage:359 - Loaded plugin ddr (category:tool,tabindex:6)
2024-04-29 14:11:11,693 [INFO] PluginManage:310 - Check plugin filemanager
2024-04-29 14:11:11,813 [INFO] PluginManage:359 - Loaded plugin filemanager (category:base,tabindex:10)
2024-04-29 14:11:11,813 [INFO] PluginManage:310 - Check plugin ipmanager
2024-04-29 14:11:11,822 [INFO] PluginManage:359 - Loaded plugin ipmanager (category:base,tabindex:5)
2024-04-29 14:11:11,822 [INFO] PluginManage:310 - Check plugin lpbam
2024-04-29 14:11:11,835 [INFO] PluginManage:359 - Loaded plugin lpbam (category:base,tabindex:0)
2024-04-29 14:11:11,836 [INFO] PluginManage:310 - Check plugin memorymap
2024-04-29 14:11:11,857 [INFO] PluginManage:359 - Loaded plugin memorymap (category:base,tabindex:4)
2024-04-29 14:11:11,857 [INFO] PluginManage:310 - Check plugin pinoutandconfiguration
2024-04-29 14:11:11,873 [INFO] PluginManage:359 - Loaded plugin pinoutandconfiguration (category:base,tabindex:1)
2024-04-29 14:11:11,873 [INFO] PluginManage:310 - Check plugin pinoutconfig
2024-04-29 14:11:11,957 [WARN] SupportedApi:132 - Cannot load RTOS API schema: s4s-elt-must-match.1: The content of 'definitions' must match (annotation?, (simpleType | complexType)?, (unique | key | keyref)*)). A problem was found starting at: attribute.
2024-04-29 14:11:12,062 [INFO] PluginManage:359 - Loaded plugin pinoutconfig (category:base,tabindex:0)
2024-04-29 14:11:12,062 [INFO] PluginManage:310 - Check plugin power
2024-04-29 14:11:12,081 [INFO] PluginManage:359 - Loaded plugin power (category:power,tabindex:4)
2024-04-29 14:11:12,081 [INFO] PluginManage:310 - Check plugin projectmanager
2024-04-29 14:11:12,094 [INFO] PluginManage:359 - Loaded plugin projectmanager (category:projectmanager,tabindex:3)
2024-04-29 14:11:12,094 [INFO] PluginManage:310 - Check plugin thirdparty
2024-04-29 14:11:12,332 [INFO] PluginManage:359 - Loaded plugin thirdparty (category:base,tabindex:-1)
2024-04-29 14:11:12,332 [WARN] IntegrityCheckThread:84 - waiting for thirdparty lock release [integrity check]
2024-04-29 14:11:12,332 [INFO] PluginManage:310 - Check plugin tools
2024-04-29 14:11:12,332 [INFO] IntegrityCheckThread:86 - entering critical section [integrity check]
2024-04-29 14:11:12,332 [INFO] ThirdPartyUpdaterWithRetryManager:70 - Updater plugin not ready yet. [1/15]
2024-04-29 14:11:12,360 [INFO] PluginManage:359 - Loaded plugin tools (category:base,tabindex:7)
2024-04-29 14:11:12,360 [INFO] PluginManage:310 - Check plugin tutovideos
2024-04-29 14:11:12,543 [INFO] PluginManage:359 - Loaded plugin tutovideos (category:base,tabindex:-1)
2024-04-29 14:11:12,543 [INFO] PluginManage:310 - Check plugin updater
2024-04-29 14:11:12,555 [INFO] PluginManage:359 - Loaded plugin updater (category:base,tabindex:12)
2024-04-29 14:11:12,555 [INFO] PluginManage:310 - Check plugin userauth
2024-04-29 14:11:12,561 [INFO] UserAuth:114 - Init User Auth plugin
2024-04-29 14:11:12,561 [INFO] PluginManage:359 - Loaded plugin userauth (category:base,tabindex:14)
2024-04-29 14:11:12,561 [INFO] PluginManage:283 - PluginManage : Loaded plugins [17]
2024-04-29 14:11:12,771 [INFO] PinOutPanel:1499 - setPackage(No Configuration,No Configuration)
2024-04-29 14:11:12,847 [INFO] CADModel:165 - CPN selected for project level
2024-04-29 14:11:12,847 [INFO] CADModel:114 - Register for checkConnection events
2024-04-29 14:11:12,873 [INFO] IPUIPlugin:80 - create IPUIPlugin
2024-04-29 14:11:12,873 [INFO] PluginManager:220 - loadIPPluginJar : add adc
2024-04-29 14:11:12,901 [INFO] IPUIPlugin:80 - create IPUIPlugin
2024-04-29 14:11:12,901 [INFO] PluginManager:220 - loadIPPluginJar : add aes
2024-04-29 14:11:12,931 [INFO] IPUIPlugin:80 - create IPUIPlugin
2024-04-29 14:11:12,931 [INFO] PluginManager:220 - loadIPPluginJar : add can
2024-04-29 14:11:12,949 [INFO] IPUIPlugin:80 - create IPUIPlugin
2024-04-29 14:11:12,950 [INFO] PluginManager:220 - loadIPPluginJar : add comp
2024-04-29 14:11:12,975 [INFO] IPUIPlugin:80 - create IPUIPlugin
2024-04-29 14:11:12,975 [INFO] PluginManager:220 - loadIPPluginJar : add cryp
2024-04-29 14:11:12,996 [INFO] IPUIPlugin:80 - create IPUIPlugin
2024-04-29 14:11:12,997 [INFO] PluginManager:220 - loadIPPluginJar : add dfsdm
2024-04-29 14:11:13,009 [INFO] IPUIPlugin:80 - create IPUIPlugin
2024-04-29 14:11:13,009 [INFO] PluginManager:220 - loadIPPluginJar : add dma
2024-04-29 14:11:13,040 [INFO] IPUIPlugin:80 - create IPUIPlugin
2024-04-29 14:11:13,040 [INFO] PluginManager:220 - loadIPPluginJar : add dma3
2024-04-29 14:11:13,056 [INFO] IPUIPlugin:80 - create IPUIPlugin
2024-04-29 14:11:13,056 [INFO] PluginManager:220 - loadIPPluginJar : add fatfs
2024-04-29 14:11:13,090 [INFO] IPUIPlugin:80 - create IPUIPlugin
2024-04-29 14:11:13,090 [INFO] PluginManager:220 - loadIPPluginJar : add fmc
2024-04-29 14:11:13,104 [INFO] IPUIPlugin:80 - create IPUIPlugin
2024-04-29 14:11:13,104 [INFO] PluginManager:220 - loadIPPluginJar : add freertos
2024-04-29 14:11:13,122 [INFO] IPUIPlugin:80 - create IPUIPlugin
2024-04-29 14:11:13,123 [INFO] PluginManager:220 - loadIPPluginJar : add genericplugin
2024-04-29 14:11:13,186 [INFO] IPUIPlugin:80 - create IPUIPlugin
2024-04-29 14:11:13,186 [INFO] PluginManager:220 - loadIPPluginJar : add gfxmmu
2024-04-29 14:11:13,281 [INFO] IPUIPlugin:80 - create IPUIPlugin
2024-04-29 14:11:13,281 [INFO] PluginManager:220 - loadIPPluginJar : add gic
2024-04-29 14:11:13,294 [INFO] IPUIPlugin:80 - create IPUIPlugin
2024-04-29 14:11:13,294 [INFO] PluginManager:220 - loadIPPluginJar : add gpio
2024-04-29 14:11:13,357 [INFO] IPUIPlugin:80 - create IPUIPlugin
2024-04-29 14:11:13,357 [INFO] PluginManager:220 - loadIPPluginJar : add gtzc
2024-04-29 14:11:13,381 [INFO] IPUIPlugin:80 - create IPUIPlugin
2024-04-29 14:11:13,381 [INFO] PluginManager:220 - loadIPPluginJar : add hash
2024-04-29 14:11:13,421 [INFO] IPUIPlugin:80 - create IPUIPlugin
2024-04-29 14:11:13,422 [INFO] PluginManager:220 - loadIPPluginJar : add i2c
2024-04-29 14:11:13,451 [INFO] IPUIPlugin:80 - create IPUIPlugin
2024-04-29 14:11:13,451 [INFO] PluginManager:220 - loadIPPluginJar : add i2s
2024-04-29 14:11:13,480 [INFO] IPUIPlugin:80 - create IPUIPlugin
2024-04-29 14:11:13,480 [INFO] PluginManager:220 - loadIPPluginJar : add i3c
2024-04-29 14:11:13,554 [INFO] IPUIPlugin:80 - create IPUIPlugin
2024-04-29 14:11:13,556 [INFO] PluginManager:220 - loadIPPluginJar : add ipddr
2024-04-29 14:11:13,619 [INFO] IPUIPlugin:80 - create IPUIPlugin
2024-04-29 14:11:13,620 [INFO] PluginManager:220 - loadIPPluginJar : add linkedlist
2024-04-29 14:11:13,646 [INFO] IPUIPlugin:80 - create IPUIPlugin
2024-04-29 14:11:13,646 [INFO] PluginManager:220 - loadIPPluginJar : add lorawan
2024-04-29 14:11:13,673 [INFO] IPUIPlugin:80 - create IPUIPlugin
2024-04-29 14:11:13,673 [INFO] PluginManager:220 - loadIPPluginJar : add ltdc
2024-04-29 14:11:13,686 [INFO] IPUIPlugin:80 - create IPUIPlugin
2024-04-29 14:11:13,686 [INFO] PluginManager:220 - loadIPPluginJar : add mdma
2024-04-29 14:11:13,698 [INFO] IPUIPlugin:80 - create IPUIPlugin
2024-04-29 14:11:13,698 [INFO] PluginManager:220 - loadIPPluginJar : add nvic
2024-04-29 14:11:13,726 [INFO] IPUIPlugin:80 - create IPUIPlugin
2024-04-29 14:11:13,726 [INFO] PluginManager:220 - loadIPPluginJar : add opamp
2024-04-29 14:11:13,769 [INFO] IPUIPlugin:80 - create IPUIPlugin
2024-04-29 14:11:13,769 [INFO] PluginManager:220 - loadIPPluginJar : add openamp
2024-04-29 14:11:13,801 [INFO] IPUIPlugin:80 - create IPUIPlugin
2024-04-29 14:11:13,801 [INFO] PluginManager:220 - loadIPPluginJar : add pdm2pcm
2024-04-29 14:11:13,813 [INFO] IPUIPlugin:80 - create IPUIPlugin
2024-04-29 14:11:13,815 [INFO] PluginManager:220 - loadIPPluginJar : add plateformsettings
2024-04-29 14:11:13,832 [INFO] IPUIPlugin:80 - create IPUIPlugin
2024-04-29 14:11:13,832 [INFO] PluginManager:220 - loadIPPluginJar : add quadspi
2024-04-29 14:11:13,845 [INFO] IPUIPlugin:80 - create IPUIPlugin
2024-04-29 14:11:13,845 [INFO] PluginManager:220 - loadIPPluginJar : add resmgrutility
2024-04-29 14:11:13,883 [INFO] IPUIPlugin:80 - create IPUIPlugin
2024-04-29 14:11:13,883 [INFO] PluginManager:220 - loadIPPluginJar : add sai
2024-04-29 14:11:13,910 [INFO] IPUIPlugin:80 - create IPUIPlugin
2024-04-29 14:11:13,910 [INFO] PluginManager:220 - loadIPPluginJar : add spi
2024-04-29 14:11:13,961 [INFO] IPUIPlugin:80 - create IPUIPlugin
2024-04-29 14:11:13,961 [INFO] PluginManager:220 - loadIPPluginJar : add stm32_wpan
2024-04-29 14:11:13,981 [INFO] IPUIPlugin:80 - create IPUIPlugin
2024-04-29 14:11:13,981 [INFO] PluginManager:220 - loadIPPluginJar : add tim
2024-04-29 14:11:14,022 [INFO] IPUIPlugin:80 - create IPUIPlugin
2024-04-29 14:11:14,022 [INFO] PluginManager:220 - loadIPPluginJar : add touchsensing
2024-04-29 14:11:14,040 [INFO] IPUIPlugin:80 - create IPUIPlugin
2024-04-29 14:11:14,040 [INFO] PluginManager:220 - loadIPPluginJar : add tracer_emb
2024-04-29 14:11:14,060 [INFO] IPUIPlugin:80 - create IPUIPlugin
2024-04-29 14:11:14,060 [INFO] PluginManager:220 - loadIPPluginJar : add ts
2024-04-29 14:11:14,079 [INFO] IPUIPlugin:80 - create IPUIPlugin
2024-04-29 14:11:14,079 [INFO] PluginManager:220 - loadIPPluginJar : add tsc
2024-04-29 14:11:14,099 [INFO] IPUIPlugin:80 - create IPUIPlugin
2024-04-29 14:11:14,099 [INFO] PluginManager:220 - loadIPPluginJar : add ucpd
2024-04-29 14:11:14,132 [INFO] IPUIPlugin:80 - create IPUIPlugin
2024-04-29 14:11:14,132 [INFO] PluginManager:220 - loadIPPluginJar : add usart
2024-04-29 14:11:14,165 [INFO] IPUIPlugin:80 - create IPUIPlugin
2024-04-29 14:11:14,165 [INFO] PluginManager:220 - loadIPPluginJar : add usbx
2024-04-29 14:11:14,285 [INFO] CADModel:165 - CPN selected for project level
2024-04-29 14:11:14,285 [INFO] CADModel:114 - Register for checkConnection events
2024-04-29 14:11:14,285 [FATAL] Updater:308 - Updater called before beeing initialized
2024-04-29 14:11:14,285 [ERROR] CADModel:125 - Updater not yet initialized, retry later 
2024-04-29 14:11:14,431 [INFO] CADModel:165 - CPN selected for project level
2024-04-29 14:11:14,431 [INFO] CADModel:114 - Register for checkConnection events
2024-04-29 14:11:14,431 [FATAL] Updater:308 - Updater called before beeing initialized
2024-04-29 14:11:14,431 [ERROR] CADModel:125 - Updater not yet initialized, retry later 
2024-04-29 14:11:14,435 [FATAL] Updater:308 - Updater called before beeing initialized
2024-04-29 14:11:14,532 [FATAL] Updater:308 - Updater called before beeing initialized
2024-04-29 14:11:14,540 [INFO] DbMcusAds:53 - JSON generation date=Wed Nov 29 17:52:27 ICT 2023 (1701255147349)
2024-04-29 14:11:14,541 [FATAL] Updater:308 - Updater called before beeing initialized
2024-04-29 14:11:14,612 [WARN] DetailPanel:346 - Failed to get advertising image, set to default
2024-04-29 14:11:14,705 [FATAL] Updater:308 - Updater called before beeing initialized
2024-04-29 14:11:14,708 [FATAL] Updater:308 - Updater called before beeing initialized
2024-04-29 14:11:14,708 [FATAL] Updater:308 - Updater called before beeing initialized
2024-04-29 14:11:14,708 [WARN] DetailPanel:346 - Failed to get advertising image, set to default
2024-04-29 14:11:14,709 [FATAL] Updater:308 - Updater called before beeing initialized
2024-04-29 14:11:14,762 [ERROR] Updater:1120 - MainUpdater not yet initialized. External WinMGr cannot be set.
2024-04-29 14:11:14,771 [INFO] Updater:1056 - Updater Version found : 6.10.0
2024-04-29 14:11:14,788 [INFO] ApplicationProperties:184 - Using Application install path: C:\ST\STM32CubeIDE_1.13.2\STM32CubeIDE\plugins\com.st.stm32cube.common.mx_6.10.0.202311202037
2024-04-29 14:11:15,336 [INFO] ThirdPartyUpdaterWithRetryManager:70 - Updater plugin not ready yet. [2/15]
2024-04-29 14:11:16,374 [ERROR] LogOutputStream:75 - [STDERR_REDIRECT] Apr 29, 2024 2:11:16 PM java.util.prefs.WindowsPreferences <init>
2024-04-29 14:11:16,376 [ERROR] LogOutputStream:75 - [STDERR_REDIRECT] WARNING: Could not open/create prefs root node Software\JavaSoft\Prefs at root 0xffffffff80000002. Windows RegCreateKeyEx(...) returned error code 5.
2024-04-29 14:11:16,376 [ERROR] LogOutputStream:75 - [STDERR_REDIRECT] 
2024-04-29 14:11:17,125 [INFO] MainUpdater:2873 - connection check result : 10
2024-04-29 14:11:17,126 [INFO] MainUpdater:290 - Updater Check For Update Now.
2024-04-29 14:11:17,126 [INFO] MicroXplorer:498 - Change Database Version : DB.6.0.100
2024-04-29 14:11:17,145 [INFO] McuFinderGlobals:63 - Set McuFinder mode to 2 (CubeIDE integrated)
2024-04-29 14:11:17,158 [INFO] UserAuth:404 - Internet connection configuration mode: 1
2024-04-29 14:11:17,182 [INFO] JxBrowserEngine:152 - Initiate JxBrowser Engine with user profile folder
2024-04-29 14:11:17,300 [INFO] CheckServerUpdateThread:120 - End of CheckServer Thread
2024-04-29 14:11:18,586 [WARN] PackLoader:240 - Cannot read IP mode file for STMicroelectronics.FP-SNS-MOTENVWB1.1.4.0
2024-04-29 14:11:18,600 [WARN] PackLoader:240 - Cannot read IP mode file for STMicroelectronics.X-CUBE-SMBUS.2.1.0
2024-04-29 14:11:18,612 [WARN] PackLoader:240 - Cannot read IP mode file for STMicroelectronics.X-CUBE-TOUCHGFX.4.23.0
2024-04-29 14:11:18,621 [WARN] PackLoader:240 - Cannot read IP mode file for STMicroelectronics.X-CUBE-TOUCHGFX.4.23.2
2024-04-29 14:11:18,650 [WARN] PackLoader:240 - Cannot read IP mode file for STMicroelectronics.X-CUBE-AZRTOS-F7.1.1.0
2024-04-29 14:11:18,665 [WARN] PackLoader:240 - Cannot read IP mode file for STMicroelectronics.FP-SNS-MOTENV1.4.3.2
2024-04-29 14:11:18,678 [WARN] PackLoader:240 - Cannot read IP mode file for STMicroelectronics.FP-SNS-FLIGHT1.5.0.2
2024-04-29 14:11:18,692 [WARN] PackLoader:240 - Cannot read IP mode file for STMicroelectronics.X-CUBE-DISPLAY.3.0.0
2024-04-29 14:11:18,711 [WARN] PackLoader:240 - Cannot read IP mode file for STMicroelectronics.X-CUBE-BLE1.7.0.0
2024-04-29 14:11:18,724 [WARN] PackLoader:240 - Cannot read IP mode file for emotas.I-CUBE-CANOPEN.1.3.0
2024-04-29 14:11:18,734 [WARN] PackLoader:240 - Cannot read IP mode file for STMicroelectronics.X-CUBE-TOUCHGFX.4.22.1
2024-04-29 14:11:18,748 [WARN] PackLoader:240 - Cannot read IP mode file for STMicroelectronics.X-CUBE-BLEMGR.3.1.0
2024-04-29 14:11:18,760 [WARN] PackLoader:240 - Cannot read IP mode file for STMicroelectronics.FP-SNS-SMARTAG2.1.2.0
2024-04-29 14:11:18,780 [INFO] LogOutputStream:77 - [STDOUT_REDIRECT] 1 : Invalid condition id : UX_CORESTACK_Condition cause : null
2024-04-29 14:11:18,780 [INFO] LogOutputStream:77 - [STDOUT_REDIRECT] 1 : Invalid condition id : UX_CORESTACK_Condition cause : null
2024-04-29 14:11:18,781 [INFO] LogOutputStream:77 - [STDOUT_REDIRECT] 1 : Invalid condition id : UX_CORESTACK_Condition cause : null
2024-04-29 14:11:18,781 [INFO] LogOutputStream:77 - [STDOUT_REDIRECT] 1 : Invalid condition id : UX_CORESTACK_Condition cause : null
2024-04-29 14:11:18,782 [INFO] LogOutputStream:77 - [STDOUT_REDIRECT] 1 : Invalid condition id : UX_CORESTACK_Condition cause : null
2024-04-29 14:11:18,784 [WARN] PackLoader:240 - Cannot read IP mode file for STMicroelectronics.X-CUBE-AZRTOS-WL.2.0.0
2024-04-29 14:11:18,795 [WARN] PackLoader:240 - Cannot read IP mode file for STMicroelectronics.FP-SNS-MOTENV1.5.0.0
2024-04-29 14:11:18,808 [WARN] PackLoader:240 - Cannot read IP mode file for WES.I-CUBE-Cesium.1.3.0
2024-04-29 14:11:18,821 [WARN] PackLoader:240 - Cannot read IP mode file for STMicroelectronics.X-CUBE-BLE2.3.3.0
2024-04-29 14:11:18,832 [WARN] PackLoader:240 - Cannot read IP mode file for STMicroelectronics.X-CUBE-TCPP.4.1.0
2024-04-29 14:11:18,846 [WARN] PackLoader:240 - Cannot read IP mode file for STMicroelectronics.X-CUBE-ALGOBUILD.1.3.0
2024-04-29 14:11:18,877 [WARN] PackLoader:240 - Cannot read IP mode file for STMicroelectronics.X-CUBE-AZRTOS-G0.1.1.0
2024-04-29 14:11:18,893 [WARN] PackLoader:240 - Cannot read IP mode file for STMicroelectronics.X-CUBE-SAFEA1.1.2.2
2024-04-29 14:11:18,908 [WARN] PackLoader:240 - Cannot read IP mode file for STMicroelectronics.X-CUBE-NFC4.3.0.0
2024-04-29 14:11:18,925 [WARN] PackLoader:240 - Cannot read IP mode file for STMicroelectronics.X-CUBE-BLEMGR.3.0.0
2024-04-29 14:11:18,943 [WARN] PackLoader:240 - Cannot read IP mode file for STMicroelectronics.FP-ATR-SIGFOX1.3.2.0
2024-04-29 14:11:18,965 [WARN] PackLoader:240 - Cannot read IP mode file for STMicroelectronics.X-CUBE-EEPRMA1.5.1.0
2024-04-29 14:11:19,001 [WARN] PackLoader:240 - Cannot read IP mode file for SEGGER.I-CUBE-embOS.1.3.1
2024-04-29 14:11:19,049 [WARN] PackLoader:240 - Cannot read IP mode file for STMicroelectronics.X-CUBE-GNSS1.6.0.0
2024-04-29 14:11:19,087 [WARN] PackLoader:240 - Cannot read IP mode file for STMicroelectronics.X-CUBE-AZRTOS-F4.1.1.0
2024-04-29 14:11:19,107 [WARN] PackLoader:240 - Cannot read IP mode file for wolfSSL.I-CUBE-wolfSSL.5.6.3
2024-04-29 14:11:19,123 [WARN] PackLoader:240 - Cannot read IP mode file for STMicroelectronics.X-CUBE-FREERTOS.1.2.0
2024-04-29 14:11:19,138 [WARN] PackLoader:240 - Cannot read IP mode file for wolfSSL.I-CUBE-wolfSSL.5.6.6
2024-04-29 14:11:19,170 [WARN] PackLoader:240 - Cannot read IP mode file for STMicroelectronics.X-CUBE-AZRTOS-L5.2.0.0
2024-04-29 14:11:19,230 [WARN] PackLoader:240 - Cannot read IP mode file for STMicroelectronics.X-CUBE-MEMS1.9.6.0
2024-04-29 14:11:19,395 [WARN] PackLoader:240 - Cannot read IP mode file for STMicroelectronics.X-CUBE-EEPRMA1.4.2.0
2024-04-29 14:11:19,420 [WARN] PackLoader:240 - Cannot read IP mode file for STMicroelectronics.X-CUBE-NFC6.3.1.0
2024-04-29 14:11:19,453 [WARN] PackLoader:240 - Cannot read IP mode file for ITTIA_DB.I-CUBE-ITTIADB.8.8.0
2024-04-29 14:11:19,586 [WARN] PackLoader:240 - Cannot read IP mode file for STMicroelectronics.X-CUBE-BLEMGR.2.0.0
2024-04-29 14:11:19,605 [WARN] PackLoader:240 - Cannot read IP mode file for STMicroelectronics.X-CUBE-AI.9.0.0
2024-04-29 14:11:19,642 [WARN] ConditionMgr:438 - getConditionDescription Invalid condition id : UX DEVICE CLASS RTOS Condition cause : null
2024-04-29 14:11:19,642 [WARN] ConditionMgr:438 - getConditionDescription Invalid condition id : UX DEVICE CLASS RTOS Condition cause : null
2024-04-29 14:11:19,645 [WARN] PackLoader:240 - Cannot read IP mode file for STMicroelectronics.X-CUBE-AZRTOS-H7.3.1.0
2024-04-29 14:11:19,648 [WARN] ConditionMgr:1039 - genDependencies : Invalid condition id : UX DEVICE CLASS RTOS Condition cause : null
2024-04-29 14:11:19,648 [WARN] ConditionMgr:1039 - genDependencies : Invalid condition id : UX DEVICE CLASS RTOS Condition cause : null
2024-04-29 14:11:19,649 [WARN] ConditionMgr:1039 - genDependencies : Invalid condition id : UX DEVICE CLASS RTOS Condition cause : null
2024-04-29 14:11:19,654 [WARN] ConditionMgr:1039 - genDependencies : Invalid condition id : UX DEVICE CLASS RTOS Condition cause : null
2024-04-29 14:11:19,655 [WARN] ConditionMgr:1039 - genDependencies : Invalid condition id : UX DEVICE CLASS RTOS Condition cause : null
2024-04-29 14:11:19,680 [WARN] PackLoader:240 - Cannot read IP mode file for STMicroelectronics.X-CUBE-NFC7.1.0.1
2024-04-29 14:11:19,703 [WARN] PackLoader:240 - Cannot read IP mode file for STMicroelectronics.X-CUBE-NFC6.3.0.0
2024-04-29 14:11:19,729 [WARN] PackLoader:240 - Cannot read IP mode file for STMicroelectronics.X-CUBE-EEPRMA1.4.1.0
2024-04-29 14:11:19,749 [WARN] PackLoader:240 - Cannot read IP mode file for STMicroelectronics.X-CUBE-AI.8.1.0
2024-04-29 14:11:19,782 [WARN] ConditionMgr:438 - getConditionDescription Invalid condition id : LAN8742 Phy interface Condition cause : null
2024-04-29 14:11:19,783 [WARN] PackLoader:240 - Cannot read IP mode file for STMicroelectronics.X-CUBE-AZRTOS-L4.2.0.0
2024-04-29 14:11:19,784 [WARN] ConditionMgr:1039 - genDependencies : Invalid condition id : LAN8742 Phy interface Condition cause : null
2024-04-29 14:11:19,784 [WARN] ConditionMgr:1039 - genDependencies : Invalid condition id : LAN8742 Phy interface Condition cause : null
2024-04-29 14:11:19,785 [WARN] ConditionMgr:1039 - genDependencies : Invalid condition id : LAN8742 Phy interface Condition cause : null
2024-04-29 14:11:19,970 [WARN] PackLoader:240 - Cannot read IP mode file for STMicroelectronics.X-CUBE-SFXS2LP1.4.0.0
2024-04-29 14:11:19,985 [WARN] PackLoader:240 - Cannot read IP mode file for STMicroelectronics.X-CUBE-ISPU.1.1.0
2024-04-29 14:11:20,012 [WARN] ConditionMgr:438 - getConditionDescription Invalid condition id : UX DEVICE CLASS RTOS Condition cause : null
2024-04-29 14:11:20,012 [WARN] ConditionMgr:438 - getConditionDescription Invalid condition id : UX DEVICE CLASS RTOS Condition cause : null
2024-04-29 14:11:20,013 [WARN] PackLoader:240 - Cannot read IP mode file for STMicroelectronics.X-CUBE-AZRTOS-WB.2.0.0
2024-04-29 14:11:20,014 [WARN] ConditionMgr:1039 - genDependencies : Invalid condition id : UX DEVICE CLASS RTOS Condition cause : null
2024-04-29 14:11:20,014 [WARN] ConditionMgr:1039 - genDependencies : Invalid condition id : UX DEVICE CLASS RTOS Condition cause : null
2024-04-29 14:11:20,015 [WARN] ConditionMgr:1039 - genDependencies : Invalid condition id : UX DEVICE CLASS RTOS Condition cause : null
2024-04-29 14:11:20,015 [WARN] ConditionMgr:1039 - genDependencies : Invalid condition id : UX DEVICE CLASS RTOS Condition cause : null
2024-04-29 14:11:20,015 [WARN] ConditionMgr:1039 - genDependencies : Invalid condition id : UX DEVICE CLASS RTOS Condition cause : null
2024-04-29 14:11:20,037 [WARN] PackLoader:240 - Cannot read IP mode file for STMicroelectronics.X-CUBE-SUBG2.5.0.0
2024-04-29 14:11:20,064 [WARN] PackLoader:240 - Cannot read IP mode file for STMicroelectronics.X-CUBE-TOF1.3.3.1
2024-04-29 14:11:20,093 [WARN] PackLoader:240 - Cannot read IP mode file for STMicroelectronics.X-CUBE-AZRTOS-G4.2.0.0
2024-04-29 14:11:20,117 [WARN] PackLoader:240 - Cannot read IP mode file for Infineon.AIROC-Wi-Fi-Bluetooth-STM32.1.5.1
2024-04-29 14:11:20,131 [WARN] PackLoader:240 - Cannot read IP mode file for STMicroelectronics.FP-SNS-MOTENVWB1.1.3.0
2024-04-29 14:11:20,144 [WARN] PackLoader:240 - Cannot read IP mode file for STMicroelectronics.FP-SNS-MOTENVWB1.1.3.1
2024-04-29 14:11:20,157 [WARN] PackLoader:240 - Cannot read IP mode file for STMicroelectronics.X-CUBE-ISPU.2.0.0
2024-04-29 14:11:20,193 [WARN] PackLoader:240 - Cannot read IP mode file for STMicroelectronics.X-CUBE-MEMS1.10.0.0
2024-04-29 14:11:20,364 [WARN] PackLoader:240 - Cannot read IP mode file for STMicroelectronics.X-CUBE-FREERTOS.1.1.0
2024-04-29 14:11:20,389 [WARN] PackLoader:240 - Cannot read IP mode file for portGmbH.I-Cube-SoM-uGOAL.1.1.0
2024-04-29 14:11:20,412 [WARN] PackLoader:240 - Cannot read IP mode file for STMicroelectronics.X-CUBE-ALS.1.0.1
2024-04-29 14:11:20,460 [WARN] PackLoader:240 - Cannot read IP mode file for STMicroelectronics.X-CUBE-AZRTOS-H7RS.1.0.0
2024-04-29 14:11:20,481 [WARN] PackLoader:240 - Cannot read IP mode file for STMicroelectronics.FP-ATR-ASTRA1.2.0.0
2024-04-29 14:11:20,504 [WARN] PackLoader:240 - Cannot read IP mode file for STMicroelectronics.X-CUBE-TOF1.3.4.0
2024-04-29 14:11:20,543 [WARN] PackLoader:240 - Cannot read IP mode file for STMicroelectronics.X-CUBE-TOF1.3.4.1
2024-04-29 14:11:20,585 [WARN] PackLoader:240 - Cannot read IP mode file for STMicroelectronics.X-CUBE-AZRTOS-H7.3.2.0
2024-04-29 14:11:20,587 [INFO] ThirdParty:978 - Integrity check success = true
2024-04-29 14:11:20,588 [INFO] IntegrityCheckThread:100 - exiting critical section [integrity check]
2024-04-29 14:11:20,588 [INFO] IntegrityCheckThread:103 - End integrity checks thread
2024-04-29 14:11:20,641 [INFO] WebApp:161 - Instantiating new browser for Auth
2024-04-29 14:11:21,279 [INFO] WebApp:780 - Register for checkConnection events
2024-04-29 14:11:21,279 [INFO] WebApp:414 - Apply proxy settings
2024-04-29 14:11:21,279 [INFO] WebApp:499 - Chromium requires no authentication
2024-04-29 14:11:21,285 [INFO] WebApp:442 - Direct internet connection detected
2024-04-29 14:11:21,427 [INFO] WebApp:192 - Starting web application
2024-04-29 14:11:21,427 [INFO] WebApp:544 - Web application path used C:\ST\STM32CubeIDE_1.13.2\STM32CubeIDE\plugins\com.st.stm32cube.common.mx_6.10.0.202311202037\db\plugins\mcufinder\reactClient1\index.html
2024-04-29 14:11:42,155 [ERROR] LogOutputStream:75 - [STDERR_REDIRECT] SLF4J: Failed to load class "org.slf4j.impl.StaticLoggerBinder".
2024-04-29 14:11:42,156 [ERROR] LogOutputStream:75 - [STDERR_REDIRECT] SLF4J: Defaulting to no-operation (NOP) logger implementation
2024-04-29 14:11:42,157 [ERROR] LogOutputStream:75 - [STDERR_REDIRECT] SLF4J: See http://www.slf4j.org/codes.html#StaticLoggerBinder for further details.
2024-04-29 14:53:43,199 [INFO] Activator:176 - 


2024-04-29 14:53:43,202 [INFO] Activator:177 - !SESSION log4j initialized
2024-04-29 14:53:50,530 [INFO] LogOutputStream:77 - [STDOUT_REDIRECT] 
2024-04-29 14:53:51,666 [INFO] ApplicationProperties:184 - Using Application install path: C:\ST\STM32CubeIDE_1.13.2\STM32CubeIDE\plugins\com.st.stm32cube.common.mx_6.10.0.202311202037
2024-04-29 14:53:51,683 [INFO] DbMcusXml:78 - Set database path to: C:\ST\STM32CubeIDE_1.13.2\STM32CubeIDE\plugins\com.st.stm32cube.common.mx_6.10.0.202311202037\\db\/mcu/
2024-04-29 14:53:51,683 [INFO] ApiDb:274 - Set plugin database path to: C:\ST\STM32CubeIDE_1.13.2\STM32CubeIDE\plugins\com.st.stm32cube.common.mx_6.10.0.202311202037\\db\/plugins/boardmanager/
2024-04-29 14:53:51,683 [WARN] ApiDb:259 - Overriding images path with different value:  => C:\ST\STM32CubeIDE_1.13.2\STM32CubeIDE\plugins\com.st.stm32cube.common.mx_6.10.0.202311202037\\db\/plugins/mcufinder/images/
2024-04-29 14:53:51,693 [INFO] ApiDb:250 - Set database path to: C:\Users\emper\.stmcufinder\plugins\mcufinder//mcu/
2024-04-29 14:53:51,695 [INFO] DbMcusAds:125 - Set database path to: C:\Users\emper\.stmcufinder\plugins\mcufinder//mcu/
2024-04-29 14:53:51,698 [INFO] CrossReferenceDbSqlite:203 - Set database path to: C:\Users\emper\.stmcufinder\plugins\mcufinder//mcu/cs/
2024-04-29 14:53:51,817 [INFO] RulesReader:64 - Compatibility file has been processed (297 Rules)
2024-04-29 14:53:51,915 [INFO] DbMcusXml:78 - Set database path to: C:\ST\STM32CubeIDE_1.13.2\STM32CubeIDE\plugins\com.st.stm32cube.common.mx_6.10.0.202311202037\\db\/mcu/
2024-04-29 14:53:51,915 [INFO] ApiDb:274 - Set plugin database path to: C:\ST\STM32CubeIDE_1.13.2\STM32CubeIDE\plugins\com.st.stm32cube.common.mx_6.10.0.202311202037\\db\/plugins/boardmanager/
2024-04-29 14:53:51,915 [INFO] ApiDb:261 - Set plugin images path to: C:\ST\STM32CubeIDE_1.13.2\STM32CubeIDE\plugins\com.st.stm32cube.common.mx_6.10.0.202311202037\\db\/plugins/mcufinder/images/
2024-04-29 14:53:51,915 [WARN] DbFile:41 - Overriding database path with different value: C:\Users\emper\.stmcufinder\plugins\mcufinder/ => C:\Users\emper\.stmcufinder\plugins\mcufinder
2024-04-29 14:53:51,915 [INFO] ApiDb:250 - Set database path to: C:\Users\emper\.stmcufinder\plugins\mcufinder//mcu/
2024-04-29 14:53:51,915 [WARN] DbFile:41 - Overriding database path with different value: C:\Users\emper\.stmcufinder\plugins\mcufinder/ => C:\Users\emper\.stmcufinder\plugins\mcufinder
2024-04-29 14:53:51,915 [INFO] DbMcusAds:125 - Set database path to: C:\Users\emper\.stmcufinder\plugins\mcufinder//mcu/
2024-04-29 14:53:51,915 [WARN] DbFile:41 - Overriding database path with different value: C:\Users\emper\.stmcufinder\plugins\mcufinder/ => C:\Users\emper\.stmcufinder\plugins\mcufinder
2024-04-29 14:53:51,916 [WARN] DbFile:41 - Overriding database path with different value: C:\Users\emper\.stmcufinder\plugins\mcufinder/ => C:\Users\emper\.stmcufinder\plugins\mcufinder
2024-04-29 14:53:51,916 [INFO] CrossReferenceDbSqlite:203 - Set database path to: C:\Users\emper\.stmcufinder\plugins\mcufinder//mcu/cs/
2024-04-29 14:53:51,992 [INFO] MainPanel:264 - HeapMemory: 268435456
2024-04-29 14:53:52,078 [INFO] DbMcusXml:78 - Set database path to: C:\ST\STM32CubeIDE_1.13.2\STM32CubeIDE\plugins\com.st.stm32cube.common.mx_6.10.0.202311202037\\db\/mcu/
2024-04-29 14:53:52,078 [INFO] ApiDb:274 - Set plugin database path to: C:\ST\STM32CubeIDE_1.13.2\STM32CubeIDE\plugins\com.st.stm32cube.common.mx_6.10.0.202311202037\\db\/plugins/boardmanager/
2024-04-29 14:53:52,078 [INFO] ApiDb:261 - Set plugin images path to: C:\ST\STM32CubeIDE_1.13.2\STM32CubeIDE\plugins\com.st.stm32cube.common.mx_6.10.0.202311202037\\db\/plugins/mcufinder/images/
2024-04-29 14:53:52,079 [WARN] DbFile:41 - Overriding database path with different value: C:\Users\emper\.stmcufinder\plugins\mcufinder/ => C:\Users\emper\.stmcufinder\plugins\mcufinder
2024-04-29 14:53:52,079 [INFO] ApiDb:250 - Set database path to: C:\Users\emper\.stmcufinder\plugins\mcufinder//mcu/
2024-04-29 14:53:52,079 [WARN] DbFile:41 - Overriding database path with different value: C:\Users\emper\.stmcufinder\plugins\mcufinder/ => C:\Users\emper\.stmcufinder\plugins\mcufinder
2024-04-29 14:53:52,079 [INFO] DbMcusAds:125 - Set database path to: C:\Users\emper\.stmcufinder\plugins\mcufinder//mcu/
2024-04-29 14:53:52,079 [WARN] DbFile:41 - Overriding database path with different value: C:\Users\emper\.stmcufinder\plugins\mcufinder/ => C:\Users\emper\.stmcufinder\plugins\mcufinder
2024-04-29 14:53:52,079 [WARN] DbFile:41 - Overriding database path with different value: C:\Users\emper\.stmcufinder\plugins\mcufinder/ => C:\Users\emper\.stmcufinder\plugins\mcufinder
2024-04-29 14:53:52,079 [INFO] CrossReferenceDbSqlite:203 - Set database path to: C:\Users\emper\.stmcufinder\plugins\mcufinder//mcu/cs/
2024-04-29 14:53:52,100 [INFO] ApplicationProperties:184 - Using Application install path: C:\ST\STM32CubeIDE_1.13.2\STM32CubeIDE\plugins\com.st.stm32cube.common.mx_6.10.0.202311202037
2024-04-29 14:53:52,102 [INFO] PluginManage:196 - Search for loadable plugins [exclusion list=, ]
2024-04-29 14:53:52,103 [INFO] PluginManage:310 - Check plugin analytics
2024-04-29 14:53:52,216 [INFO] AnalyticsPlugin:253 - Accepted Software Licenses: 
2024-04-29 14:53:52,216 [INFO] AnalyticsPlugin:255 - Accepted CMSIS Pack Licenses: ARM.CMSIS-DSP.1.15.0,ARM.CMSIS.6.0.0
2024-04-29 14:53:52,217 [INFO] AnalyticsPlugin:257 - Accepted Firmware Licenses: FW.G4.1.5.0
2024-04-29 14:53:52,219 [INFO] PluginManage:359 - Loaded plugin analytics (category:tool,tabindex:-1)
2024-04-29 14:53:52,219 [INFO] PluginManage:310 - Check plugin cadmodel
2024-04-29 14:53:52,231 [INFO] CADModel:105 - Init CAD model plugin
2024-04-29 14:53:52,231 [INFO] PluginManage:359 - Loaded plugin cadmodel (category:power,tabindex:5)
2024-04-29 14:53:52,231 [INFO] PluginManage:310 - Check plugin clock
2024-04-29 14:53:52,249 [INFO] PluginManage:359 - Loaded plugin clock (category:base,tabindex:2)
2024-04-29 14:53:52,249 [INFO] PluginManage:310 - Check plugin ddr
2024-04-29 14:53:52,251 [INFO] PluginManage:359 - Loaded plugin ddr (category:tool,tabindex:6)
2024-04-29 14:53:52,251 [INFO] PluginManage:310 - Check plugin filemanager
2024-04-29 14:53:52,374 [INFO] PluginManage:359 - Loaded plugin filemanager (category:base,tabindex:10)
2024-04-29 14:53:52,374 [INFO] PluginManage:310 - Check plugin ipmanager
2024-04-29 14:53:52,382 [INFO] PluginManage:359 - Loaded plugin ipmanager (category:base,tabindex:5)
2024-04-29 14:53:52,382 [INFO] PluginManage:310 - Check plugin lpbam
2024-04-29 14:53:52,395 [INFO] PluginManage:359 - Loaded plugin lpbam (category:base,tabindex:0)
2024-04-29 14:53:52,395 [INFO] PluginManage:310 - Check plugin memorymap
2024-04-29 14:53:52,417 [INFO] PluginManage:359 - Loaded plugin memorymap (category:base,tabindex:4)
2024-04-29 14:53:52,418 [INFO] PluginManage:310 - Check plugin pinoutandconfiguration
2024-04-29 14:53:52,430 [INFO] PluginManage:359 - Loaded plugin pinoutandconfiguration (category:base,tabindex:1)
2024-04-29 14:53:52,430 [INFO] PluginManage:310 - Check plugin pinoutconfig
2024-04-29 14:53:52,516 [WARN] SupportedApi:132 - Cannot load RTOS API schema: s4s-elt-must-match.1: The content of 'definitions' must match (annotation?, (simpleType | complexType)?, (unique | key | keyref)*)). A problem was found starting at: attribute.
2024-04-29 14:53:52,633 [INFO] PluginManage:359 - Loaded plugin pinoutconfig (category:base,tabindex:0)
2024-04-29 14:53:52,633 [INFO] PluginManage:310 - Check plugin power
2024-04-29 14:53:52,650 [INFO] PluginManage:359 - Loaded plugin power (category:power,tabindex:4)
2024-04-29 14:53:52,650 [INFO] PluginManage:310 - Check plugin projectmanager
2024-04-29 14:53:52,666 [INFO] PluginManage:359 - Loaded plugin projectmanager (category:projectmanager,tabindex:3)
2024-04-29 14:53:52,666 [INFO] PluginManage:310 - Check plugin thirdparty
2024-04-29 14:53:52,887 [INFO] PluginManage:359 - Loaded plugin thirdparty (category:base,tabindex:-1)
2024-04-29 14:53:52,887 [INFO] PluginManage:310 - Check plugin tools
2024-04-29 14:53:52,887 [WARN] IntegrityCheckThread:84 - waiting for thirdparty lock release [integrity check]
2024-04-29 14:53:52,888 [INFO] IntegrityCheckThread:86 - entering critical section [integrity check]
2024-04-29 14:53:52,888 [INFO] ThirdPartyUpdaterWithRetryManager:70 - Updater plugin not ready yet. [1/15]
2024-04-29 14:53:52,914 [INFO] PluginManage:359 - Loaded plugin tools (category:base,tabindex:7)
2024-04-29 14:53:52,914 [INFO] PluginManage:310 - Check plugin tutovideos
2024-04-29 14:53:53,103 [INFO] PluginManage:359 - Loaded plugin tutovideos (category:base,tabindex:-1)
2024-04-29 14:53:53,103 [INFO] PluginManage:310 - Check plugin updater
2024-04-29 14:53:53,114 [INFO] PluginManage:359 - Loaded plugin updater (category:base,tabindex:12)
2024-04-29 14:53:53,114 [INFO] PluginManage:310 - Check plugin userauth
2024-04-29 14:53:53,121 [INFO] UserAuth:114 - Init User Auth plugin
2024-04-29 14:53:53,121 [INFO] PluginManage:359 - Loaded plugin userauth (category:base,tabindex:14)
2024-04-29 14:53:53,122 [INFO] PluginManage:283 - PluginManage : Loaded plugins [17]
2024-04-29 14:53:53,326 [INFO] PinOutPanel:1499 - setPackage(No Configuration,No Configuration)
2024-04-29 14:53:53,412 [INFO] CADModel:165 - CPN selected for project level
2024-04-29 14:53:53,412 [INFO] CADModel:114 - Register for checkConnection events
2024-04-29 14:53:53,440 [INFO] IPUIPlugin:80 - create IPUIPlugin
2024-04-29 14:53:53,440 [INFO] PluginManager:220 - loadIPPluginJar : add adc
2024-04-29 14:53:53,468 [INFO] IPUIPlugin:80 - create IPUIPlugin
2024-04-29 14:53:53,469 [INFO] PluginManager:220 - loadIPPluginJar : add aes
2024-04-29 14:53:53,504 [INFO] IPUIPlugin:80 - create IPUIPlugin
2024-04-29 14:53:53,504 [INFO] PluginManager:220 - loadIPPluginJar : add can
2024-04-29 14:53:53,521 [INFO] IPUIPlugin:80 - create IPUIPlugin
2024-04-29 14:53:53,521 [INFO] PluginManager:220 - loadIPPluginJar : add comp
2024-04-29 14:53:53,546 [INFO] IPUIPlugin:80 - create IPUIPlugin
2024-04-29 14:53:53,546 [INFO] PluginManager:220 - loadIPPluginJar : add cryp
2024-04-29 14:53:53,568 [INFO] IPUIPlugin:80 - create IPUIPlugin
2024-04-29 14:53:53,568 [INFO] PluginManager:220 - loadIPPluginJar : add dfsdm
2024-04-29 14:53:53,581 [INFO] IPUIPlugin:80 - create IPUIPlugin
2024-04-29 14:53:53,581 [INFO] PluginManager:220 - loadIPPluginJar : add dma
2024-04-29 14:53:53,611 [INFO] IPUIPlugin:80 - create IPUIPlugin
2024-04-29 14:53:53,612 [INFO] PluginManager:220 - loadIPPluginJar : add dma3
2024-04-29 14:53:53,627 [INFO] IPUIPlugin:80 - create IPUIPlugin
2024-04-29 14:53:53,627 [INFO] PluginManager:220 - loadIPPluginJar : add fatfs
2024-04-29 14:53:53,662 [INFO] IPUIPlugin:80 - create IPUIPlugin
2024-04-29 14:53:53,662 [INFO] PluginManager:220 - loadIPPluginJar : add fmc
2024-04-29 14:53:53,676 [INFO] IPUIPlugin:80 - create IPUIPlugin
2024-04-29 14:53:53,676 [INFO] PluginManager:220 - loadIPPluginJar : add freertos
2024-04-29 14:53:53,694 [INFO] IPUIPlugin:80 - create IPUIPlugin
2024-04-29 14:53:53,694 [INFO] PluginManager:220 - loadIPPluginJar : add genericplugin
2024-04-29 14:53:53,758 [INFO] IPUIPlugin:80 - create IPUIPlugin
2024-04-29 14:53:53,759 [INFO] PluginManager:220 - loadIPPluginJar : add gfxmmu
2024-04-29 14:53:53,850 [INFO] IPUIPlugin:80 - create IPUIPlugin
2024-04-29 14:53:53,850 [INFO] PluginManager:220 - loadIPPluginJar : add gic
2024-04-29 14:53:53,861 [INFO] IPUIPlugin:80 - create IPUIPlugin
2024-04-29 14:53:53,861 [INFO] PluginManager:220 - loadIPPluginJar : add gpio
2024-04-29 14:53:53,930 [INFO] IPUIPlugin:80 - create IPUIPlugin
2024-04-29 14:53:53,930 [INFO] PluginManager:220 - loadIPPluginJar : add gtzc
2024-04-29 14:53:53,954 [INFO] IPUIPlugin:80 - create IPUIPlugin
2024-04-29 14:53:53,954 [INFO] PluginManager:220 - loadIPPluginJar : add hash
2024-04-29 14:53:53,997 [INFO] IPUIPlugin:80 - create IPUIPlugin
2024-04-29 14:53:53,998 [INFO] PluginManager:220 - loadIPPluginJar : add i2c
2024-04-29 14:53:54,028 [INFO] IPUIPlugin:80 - create IPUIPlugin
2024-04-29 14:53:54,028 [INFO] PluginManager:220 - loadIPPluginJar : add i2s
2024-04-29 14:53:54,061 [INFO] IPUIPlugin:80 - create IPUIPlugin
2024-04-29 14:53:54,061 [INFO] PluginManager:220 - loadIPPluginJar : add i3c
2024-04-29 14:53:54,144 [INFO] IPUIPlugin:80 - create IPUIPlugin
2024-04-29 14:53:54,144 [INFO] PluginManager:220 - loadIPPluginJar : add ipddr
2024-04-29 14:53:54,208 [INFO] IPUIPlugin:80 - create IPUIPlugin
2024-04-29 14:53:54,208 [INFO] PluginManager:220 - loadIPPluginJar : add linkedlist
2024-04-29 14:53:54,234 [INFO] IPUIPlugin:80 - create IPUIPlugin
2024-04-29 14:53:54,234 [INFO] PluginManager:220 - loadIPPluginJar : add lorawan
2024-04-29 14:53:54,261 [INFO] IPUIPlugin:80 - create IPUIPlugin
2024-04-29 14:53:54,261 [INFO] PluginManager:220 - loadIPPluginJar : add ltdc
2024-04-29 14:53:54,272 [INFO] IPUIPlugin:80 - create IPUIPlugin
2024-04-29 14:53:54,272 [INFO] PluginManager:220 - loadIPPluginJar : add mdma
2024-04-29 14:53:54,281 [INFO] IPUIPlugin:80 - create IPUIPlugin
2024-04-29 14:53:54,281 [INFO] PluginManager:220 - loadIPPluginJar : add nvic
2024-04-29 14:53:54,308 [INFO] IPUIPlugin:80 - create IPUIPlugin
2024-04-29 14:53:54,309 [INFO] PluginManager:220 - loadIPPluginJar : add opamp
2024-04-29 14:53:54,351 [INFO] IPUIPlugin:80 - create IPUIPlugin
2024-04-29 14:53:54,351 [INFO] PluginManager:220 - loadIPPluginJar : add openamp
2024-04-29 14:53:54,382 [INFO] IPUIPlugin:80 - create IPUIPlugin
2024-04-29 14:53:54,382 [INFO] PluginManager:220 - loadIPPluginJar : add pdm2pcm
2024-04-29 14:53:54,394 [INFO] IPUIPlugin:80 - create IPUIPlugin
2024-04-29 14:53:54,396 [INFO] PluginManager:220 - loadIPPluginJar : add plateformsettings
2024-04-29 14:53:54,420 [INFO] IPUIPlugin:80 - create IPUIPlugin
2024-04-29 14:53:54,420 [INFO] PluginManager:220 - loadIPPluginJar : add quadspi
2024-04-29 14:53:54,431 [INFO] IPUIPlugin:80 - create IPUIPlugin
2024-04-29 14:53:54,431 [INFO] PluginManager:220 - loadIPPluginJar : add resmgrutility
2024-04-29 14:53:54,467 [INFO] IPUIPlugin:80 - create IPUIPlugin
2024-04-29 14:53:54,467 [INFO] PluginManager:220 - loadIPPluginJar : add sai
2024-04-29 14:53:54,494 [INFO] IPUIPlugin:80 - create IPUIPlugin
2024-04-29 14:53:54,494 [INFO] PluginManager:220 - loadIPPluginJar : add spi
2024-04-29 14:53:54,544 [INFO] IPUIPlugin:80 - create IPUIPlugin
2024-04-29 14:53:54,544 [INFO] PluginManager:220 - loadIPPluginJar : add stm32_wpan
2024-04-29 14:53:54,561 [INFO] IPUIPlugin:80 - create IPUIPlugin
2024-04-29 14:53:54,562 [INFO] PluginManager:220 - loadIPPluginJar : add tim
2024-04-29 14:53:54,607 [INFO] IPUIPlugin:80 - create IPUIPlugin
2024-04-29 14:53:54,607 [INFO] PluginManager:220 - loadIPPluginJar : add touchsensing
2024-04-29 14:53:54,625 [INFO] IPUIPlugin:80 - create IPUIPlugin
2024-04-29 14:53:54,625 [INFO] PluginManager:220 - loadIPPluginJar : add tracer_emb
2024-04-29 14:53:54,642 [INFO] IPUIPlugin:80 - create IPUIPlugin
2024-04-29 14:53:54,642 [INFO] PluginManager:220 - loadIPPluginJar : add ts
2024-04-29 14:53:54,659 [INFO] IPUIPlugin:80 - create IPUIPlugin
2024-04-29 14:53:54,659 [INFO] PluginManager:220 - loadIPPluginJar : add tsc
2024-04-29 14:53:54,678 [INFO] IPUIPlugin:80 - create IPUIPlugin
2024-04-29 14:53:54,678 [INFO] PluginManager:220 - loadIPPluginJar : add ucpd
2024-04-29 14:53:54,715 [INFO] IPUIPlugin:80 - create IPUIPlugin
2024-04-29 14:53:54,715 [INFO] PluginManager:220 - loadIPPluginJar : add usart
2024-04-29 14:53:54,746 [INFO] IPUIPlugin:80 - create IPUIPlugin
2024-04-29 14:53:54,746 [INFO] PluginManager:220 - loadIPPluginJar : add usbx
2024-04-29 14:53:54,867 [INFO] CADModel:165 - CPN selected for project level
2024-04-29 14:53:54,867 [INFO] CADModel:114 - Register for checkConnection events
2024-04-29 14:53:54,868 [FATAL] Updater:308 - Updater called before beeing initialized
2024-04-29 14:53:54,868 [ERROR] CADModel:125 - Updater not yet initialized, retry later 
2024-04-29 14:53:55,005 [INFO] CADModel:165 - CPN selected for project level
2024-04-29 14:53:55,005 [INFO] CADModel:114 - Register for checkConnection events
2024-04-29 14:53:55,005 [FATAL] Updater:308 - Updater called before beeing initialized
2024-04-29 14:53:55,005 [ERROR] CADModel:125 - Updater not yet initialized, retry later 
2024-04-29 14:53:55,008 [FATAL] Updater:308 - Updater called before beeing initialized
2024-04-29 14:53:55,107 [FATAL] Updater:308 - Updater called before beeing initialized
2024-04-29 14:53:55,116 [INFO] DbMcusAds:53 - JSON generation date=Wed Nov 29 17:52:27 ICT 2023 (1701255147349)
2024-04-29 14:53:55,116 [FATAL] Updater:308 - Updater called before beeing initialized
2024-04-29 14:53:55,184 [WARN] DetailPanel:346 - Failed to get advertising image, set to default
2024-04-29 14:53:55,296 [FATAL] Updater:308 - Updater called before beeing initialized
2024-04-29 14:53:55,298 [FATAL] Updater:308 - Updater called before beeing initialized
2024-04-29 14:53:55,298 [FATAL] Updater:308 - Updater called before beeing initialized
2024-04-29 14:53:55,298 [WARN] DetailPanel:346 - Failed to get advertising image, set to default
2024-04-29 14:53:55,299 [FATAL] Updater:308 - Updater called before beeing initialized
2024-04-29 14:53:55,346 [ERROR] Updater:1120 - MainUpdater not yet initialized. External WinMGr cannot be set.
2024-04-29 14:53:55,355 [INFO] Updater:1056 - Updater Version found : 6.10.0
2024-04-29 14:53:55,366 [INFO] ApplicationProperties:184 - Using Application install path: C:\ST\STM32CubeIDE_1.13.2\STM32CubeIDE\plugins\com.st.stm32cube.common.mx_6.10.0.202311202037
2024-04-29 14:53:55,889 [INFO] ThirdPartyUpdaterWithRetryManager:70 - Updater plugin not ready yet. [2/15]
2024-04-29 14:53:56,941 [ERROR] LogOutputStream:75 - [STDERR_REDIRECT] Apr 29, 2024 2:53:56 PM java.util.prefs.WindowsPreferences <init>
2024-04-29 14:53:56,942 [ERROR] LogOutputStream:75 - [STDERR_REDIRECT] WARNING: Could not open/create prefs root node Software\JavaSoft\Prefs at root 0xffffffff80000002. Windows RegCreateKeyEx(...) returned error code 5.
2024-04-29 14:53:56,943 [ERROR] LogOutputStream:75 - [STDERR_REDIRECT] 
2024-04-29 14:53:57,679 [INFO] MainUpdater:2873 - connection check result : 10
2024-04-29 14:53:57,679 [INFO] MainUpdater:290 - Updater Check For Update Now.
2024-04-29 14:53:57,679 [INFO] MicroXplorer:498 - Change Database Version : DB.6.0.100
2024-04-29 14:53:57,692 [INFO] McuFinderGlobals:63 - Set McuFinder mode to 2 (CubeIDE integrated)
2024-04-29 14:53:57,704 [INFO] UserAuth:404 - Internet connection configuration mode: 1
2024-04-29 14:53:57,728 [INFO] JxBrowserEngine:152 - Initiate JxBrowser Engine with user profile folder
2024-04-29 14:53:57,860 [INFO] CheckServerUpdateThread:120 - End of CheckServer Thread
2024-04-29 14:53:59,097 [WARN] PackLoader:240 - Cannot read IP mode file for STMicroelectronics.FP-SNS-MOTENVWB1.1.4.0
2024-04-29 14:53:59,111 [WARN] PackLoader:240 - Cannot read IP mode file for STMicroelectronics.X-CUBE-SMBUS.2.1.0
2024-04-29 14:53:59,121 [WARN] PackLoader:240 - Cannot read IP mode file for STMicroelectronics.X-CUBE-TOUCHGFX.4.23.0
2024-04-29 14:53:59,130 [WARN] PackLoader:240 - Cannot read IP mode file for STMicroelectronics.X-CUBE-TOUCHGFX.4.23.2
2024-04-29 14:53:59,159 [WARN] PackLoader:240 - Cannot read IP mode file for STMicroelectronics.X-CUBE-AZRTOS-F7.1.1.0
2024-04-29 14:53:59,174 [WARN] PackLoader:240 - Cannot read IP mode file for STMicroelectronics.FP-SNS-MOTENV1.4.3.2
2024-04-29 14:53:59,187 [WARN] PackLoader:240 - Cannot read IP mode file for STMicroelectronics.FP-SNS-FLIGHT1.5.0.2
2024-04-29 14:53:59,201 [WARN] PackLoader:240 - Cannot read IP mode file for STMicroelectronics.X-CUBE-DISPLAY.3.0.0
2024-04-29 14:53:59,217 [WARN] PackLoader:240 - Cannot read IP mode file for STMicroelectronics.X-CUBE-BLE1.7.0.0
2024-04-29 14:53:59,230 [WARN] PackLoader:240 - Cannot read IP mode file for emotas.I-CUBE-CANOPEN.1.3.0
2024-04-29 14:53:59,240 [WARN] PackLoader:240 - Cannot read IP mode file for STMicroelectronics.X-CUBE-TOUCHGFX.4.22.1
2024-04-29 14:53:59,258 [WARN] PackLoader:240 - Cannot read IP mode file for STMicroelectronics.X-CUBE-BLEMGR.3.1.0
2024-04-29 14:53:59,270 [WARN] PackLoader:240 - Cannot read IP mode file for STMicroelectronics.FP-SNS-SMARTAG2.1.2.0
2024-04-29 14:53:59,289 [INFO] LogOutputStream:77 - [STDOUT_REDIRECT] 1 : Invalid condition id : UX_CORESTACK_Condition cause : null
2024-04-29 14:53:59,289 [INFO] LogOutputStream:77 - [STDOUT_REDIRECT] 1 : Invalid condition id : UX_CORESTACK_Condition cause : null
2024-04-29 14:53:59,290 [INFO] LogOutputStream:77 - [STDOUT_REDIRECT] 1 : Invalid condition id : UX_CORESTACK_Condition cause : null
2024-04-29 14:53:59,291 [INFO] LogOutputStream:77 - [STDOUT_REDIRECT] 1 : Invalid condition id : UX_CORESTACK_Condition cause : null
2024-04-29 14:53:59,291 [INFO] LogOutputStream:77 - [STDOUT_REDIRECT] 1 : Invalid condition id : UX_CORESTACK_Condition cause : null
2024-04-29 14:53:59,293 [WARN] PackLoader:240 - Cannot read IP mode file for STMicroelectronics.X-CUBE-AZRTOS-WL.2.0.0
2024-04-29 14:53:59,303 [WARN] PackLoader:240 - Cannot read IP mode file for STMicroelectronics.FP-SNS-MOTENV1.5.0.0
2024-04-29 14:53:59,316 [WARN] PackLoader:240 - Cannot read IP mode file for WES.I-CUBE-Cesium.1.3.0
2024-04-29 14:53:59,326 [WARN] PackLoader:240 - Cannot read IP mode file for STMicroelectronics.X-CUBE-BLE2.3.3.0
2024-04-29 14:53:59,338 [WARN] PackLoader:240 - Cannot read IP mode file for STMicroelectronics.X-CUBE-TCPP.4.1.0
2024-04-29 14:53:59,351 [WARN] PackLoader:240 - Cannot read IP mode file for STMicroelectronics.X-CUBE-ALGOBUILD.1.3.0
2024-04-29 14:53:59,374 [WARN] PackLoader:240 - Cannot read IP mode file for STMicroelectronics.X-CUBE-AZRTOS-G0.1.1.0
2024-04-29 14:53:59,390 [WARN] PackLoader:240 - Cannot read IP mode file for STMicroelectronics.X-CUBE-SAFEA1.1.2.2
2024-04-29 14:53:59,403 [WARN] PackLoader:240 - Cannot read IP mode file for STMicroelectronics.X-CUBE-NFC4.3.0.0
2024-04-29 14:53:59,420 [WARN] PackLoader:240 - Cannot read IP mode file for STMicroelectronics.X-CUBE-BLEMGR.3.0.0
2024-04-29 14:53:59,449 [WARN] PackLoader:240 - Cannot read IP mode file for STMicroelectronics.FP-ATR-SIGFOX1.3.2.0
2024-04-29 14:53:59,468 [WARN] PackLoader:240 - Cannot read IP mode file for STMicroelectronics.X-CUBE-EEPRMA1.5.1.0
2024-04-29 14:53:59,504 [WARN] PackLoader:240 - Cannot read IP mode file for SEGGER.I-CUBE-embOS.1.3.1
2024-04-29 14:53:59,552 [WARN] PackLoader:240 - Cannot read IP mode file for STMicroelectronics.X-CUBE-GNSS1.6.0.0
2024-04-29 14:53:59,596 [WARN] PackLoader:240 - Cannot read IP mode file for STMicroelectronics.X-CUBE-AZRTOS-F4.1.1.0
2024-04-29 14:53:59,620 [WARN] PackLoader:240 - Cannot read IP mode file for wolfSSL.I-CUBE-wolfSSL.5.6.3
2024-04-29 14:53:59,643 [WARN] PackLoader:240 - Cannot read IP mode file for STMicroelectronics.X-CUBE-FREERTOS.1.2.0
2024-04-29 14:53:59,676 [WARN] PackLoader:240 - Cannot read IP mode file for wolfSSL.I-CUBE-wolfSSL.5.6.6
2024-04-29 14:53:59,716 [WARN] PackLoader:240 - Cannot read IP mode file for STMicroelectronics.X-CUBE-AZRTOS-L5.2.0.0
2024-04-29 14:53:59,775 [WARN] PackLoader:240 - Cannot read IP mode file for STMicroelectronics.X-CUBE-MEMS1.9.6.0
2024-04-29 14:53:59,905 [WARN] PackLoader:240 - Cannot read IP mode file for STMicroelectronics.X-CUBE-EEPRMA1.4.2.0
2024-04-29 14:53:59,933 [WARN] PackLoader:240 - Cannot read IP mode file for STMicroelectronics.X-CUBE-NFC6.3.1.0
2024-04-29 14:53:59,959 [WARN] PackLoader:240 - Cannot read IP mode file for ITTIA_DB.I-CUBE-ITTIADB.8.8.0
2024-04-29 14:54:00,093 [WARN] PackLoader:240 - Cannot read IP mode file for STMicroelectronics.X-CUBE-BLEMGR.2.0.0
2024-04-29 14:54:00,157 [WARN] PackLoader:240 - Cannot read IP mode file for STMicroelectronics.X-CUBE-AI.9.0.0
2024-04-29 14:54:00,212 [WARN] ConditionMgr:438 - getConditionDescription Invalid condition id : UX DEVICE CLASS RTOS Condition cause : null
2024-04-29 14:54:00,213 [WARN] ConditionMgr:438 - getConditionDescription Invalid condition id : UX DEVICE CLASS RTOS Condition cause : null
2024-04-29 14:54:00,215 [WARN] PackLoader:240 - Cannot read IP mode file for STMicroelectronics.X-CUBE-AZRTOS-H7.3.1.0
2024-04-29 14:54:00,216 [WARN] ConditionMgr:1039 - genDependencies : Invalid condition id : UX DEVICE CLASS RTOS Condition cause : null
2024-04-29 14:54:00,217 [WARN] ConditionMgr:1039 - genDependencies : Invalid condition id : UX DEVICE CLASS RTOS Condition cause : null
2024-04-29 14:54:00,217 [WARN] ConditionMgr:1039 - genDependencies : Invalid condition id : UX DEVICE CLASS RTOS Condition cause : null
2024-04-29 14:54:00,219 [WARN] ConditionMgr:1039 - genDependencies : Invalid condition id : UX DEVICE CLASS RTOS Condition cause : null
2024-04-29 14:54:00,219 [WARN] ConditionMgr:1039 - genDependencies : Invalid condition id : UX DEVICE CLASS RTOS Condition cause : null
2024-04-29 14:54:00,239 [WARN] PackLoader:240 - Cannot read IP mode file for STMicroelectronics.X-CUBE-NFC7.1.0.1
2024-04-29 14:54:00,259 [WARN] PackLoader:240 - Cannot read IP mode file for STMicroelectronics.X-CUBE-NFC6.3.0.0
2024-04-29 14:54:00,281 [WARN] PackLoader:240 - Cannot read IP mode file for STMicroelectronics.X-CUBE-EEPRMA1.4.1.0
2024-04-29 14:54:00,294 [WARN] PackLoader:240 - Cannot read IP mode file for STMicroelectronics.X-CUBE-AI.8.1.0
2024-04-29 14:54:00,324 [WARN] ConditionMgr:438 - getConditionDescription Invalid condition id : LAN8742 Phy interface Condition cause : null
2024-04-29 14:54:00,326 [WARN] PackLoader:240 - Cannot read IP mode file for STMicroelectronics.X-CUBE-AZRTOS-L4.2.0.0
2024-04-29 14:54:00,327 [WARN] ConditionMgr:1039 - genDependencies : Invalid condition id : LAN8742 Phy interface Condition cause : null
2024-04-29 14:54:00,327 [WARN] ConditionMgr:1039 - genDependencies : Invalid condition id : LAN8742 Phy interface Condition cause : null
2024-04-29 14:54:00,335 [WARN] ConditionMgr:1039 - genDependencies : Invalid condition id : LAN8742 Phy interface Condition cause : null
2024-04-29 14:54:00,465 [WARN] PackLoader:240 - Cannot read IP mode file for STMicroelectronics.X-CUBE-SFXS2LP1.4.0.0
2024-04-29 14:54:00,488 [WARN] PackLoader:240 - Cannot read IP mode file for STMicroelectronics.X-CUBE-ISPU.1.1.0
2024-04-29 14:54:00,525 [WARN] ConditionMgr:438 - getConditionDescription Invalid condition id : UX DEVICE CLASS RTOS Condition cause : null
2024-04-29 14:54:00,526 [WARN] ConditionMgr:438 - getConditionDescription Invalid condition id : UX DEVICE CLASS RTOS Condition cause : null
2024-04-29 14:54:00,527 [WARN] PackLoader:240 - Cannot read IP mode file for STMicroelectronics.X-CUBE-AZRTOS-WB.2.0.0
2024-04-29 14:54:00,528 [WARN] ConditionMgr:1039 - genDependencies : Invalid condition id : UX DEVICE CLASS RTOS Condition cause : null
2024-04-29 14:54:00,529 [WARN] ConditionMgr:1039 - genDependencies : Invalid condition id : UX DEVICE CLASS RTOS Condition cause : null
2024-04-29 14:54:00,529 [WARN] ConditionMgr:1039 - genDependencies : Invalid condition id : UX DEVICE CLASS RTOS Condition cause : null
2024-04-29 14:54:00,529 [WARN] ConditionMgr:1039 - genDependencies : Invalid condition id : UX DEVICE CLASS RTOS Condition cause : null
2024-04-29 14:54:00,529 [WARN] ConditionMgr:1039 - genDependencies : Invalid condition id : UX DEVICE CLASS RTOS Condition cause : null
2024-04-29 14:54:00,557 [WARN] PackLoader:240 - Cannot read IP mode file for STMicroelectronics.X-CUBE-SUBG2.5.0.0
2024-04-29 14:54:00,586 [WARN] PackLoader:240 - Cannot read IP mode file for STMicroelectronics.X-CUBE-TOF1.3.3.1
2024-04-29 14:54:00,627 [WARN] PackLoader:240 - Cannot read IP mode file for STMicroelectronics.X-CUBE-AZRTOS-G4.2.0.0
2024-04-29 14:54:00,672 [WARN] PackLoader:240 - Cannot read IP mode file for Infineon.AIROC-Wi-Fi-Bluetooth-STM32.1.5.1
2024-04-29 14:54:00,696 [WARN] PackLoader:240 - Cannot read IP mode file for STMicroelectronics.FP-SNS-MOTENVWB1.1.3.0
2024-04-29 14:54:00,727 [WARN] PackLoader:240 - Cannot read IP mode file for STMicroelectronics.FP-SNS-MOTENVWB1.1.3.1
2024-04-29 14:54:00,746 [WARN] PackLoader:240 - Cannot read IP mode file for STMicroelectronics.X-CUBE-ISPU.2.0.0
2024-04-29 14:54:00,818 [WARN] PackLoader:240 - Cannot read IP mode file for STMicroelectronics.X-CUBE-MEMS1.10.0.0
2024-04-29 14:54:00,938 [WARN] PackLoader:240 - Cannot read IP mode file for STMicroelectronics.X-CUBE-FREERTOS.1.1.0
2024-04-29 14:54:00,963 [WARN] PackLoader:240 - Cannot read IP mode file for portGmbH.I-Cube-SoM-uGOAL.1.1.0
2024-04-29 14:54:00,967 [INFO] WebApp:161 - Instantiating new browser for Auth
2024-04-29 14:54:00,983 [WARN] PackLoader:240 - Cannot read IP mode file for STMicroelectronics.X-CUBE-ALS.1.0.1
2024-04-29 14:54:01,037 [WARN] PackLoader:240 - Cannot read IP mode file for STMicroelectronics.X-CUBE-AZRTOS-H7RS.1.0.0
2024-04-29 14:54:01,065 [WARN] PackLoader:240 - Cannot read IP mode file for STMicroelectronics.FP-ATR-ASTRA1.2.0.0
2024-04-29 14:54:01,095 [WARN] PackLoader:240 - Cannot read IP mode file for STMicroelectronics.X-CUBE-TOF1.3.4.0
2024-04-29 14:54:01,153 [WARN] PackLoader:240 - Cannot read IP mode file for STMicroelectronics.X-CUBE-TOF1.3.4.1
2024-04-29 14:54:01,201 [WARN] PackLoader:240 - Cannot read IP mode file for STMicroelectronics.X-CUBE-AZRTOS-H7.3.2.0
2024-04-29 14:54:01,205 [INFO] ThirdParty:978 - Integrity check success = true
2024-04-29 14:54:01,206 [INFO] IntegrityCheckThread:100 - exiting critical section [integrity check]
2024-04-29 14:54:01,206 [INFO] IntegrityCheckThread:103 - End integrity checks thread
2024-04-29 14:54:01,752 [INFO] WebApp:780 - Register for checkConnection events
2024-04-29 14:54:01,752 [INFO] WebApp:414 - Apply proxy settings
2024-04-29 14:54:01,752 [INFO] WebApp:499 - Chromium requires no authentication
2024-04-29 14:54:01,761 [INFO] WebApp:442 - Direct internet connection detected
2024-04-29 14:54:01,932 [INFO] WebApp:192 - Starting web application
2024-04-29 14:54:01,932 [INFO] WebApp:544 - Web application path used C:\ST\STM32CubeIDE_1.13.2\STM32CubeIDE\plugins\com.st.stm32cube.common.mx_6.10.0.202311202037\db\plugins\mcufinder\reactClient1\index.html
2024-04-29 14:54:22,747 [ERROR] LogOutputStream:75 - [STDERR_REDIRECT] SLF4J: Failed to load class "org.slf4j.impl.StaticLoggerBinder".
2024-04-29 14:54:22,749 [ERROR] LogOutputStream:75 - [STDERR_REDIRECT] SLF4J: Defaulting to no-operation (NOP) logger implementation
2024-04-29 14:54:22,751 [ERROR] LogOutputStream:75 - [STDERR_REDIRECT] SLF4J: See http://www.slf4j.org/codes.html#StaticLoggerBinder for further details.
