2024-05-31 17:10:52,130 [ERROR] LogOutputStream:75 - [STDERR_REDIRECT] 
2024-05-31 17:26:32,361 [INFO] Activator:176 - 


2024-05-31 17:26:32,362 [INFO] Activator:177 - !SESSION log4j initialized
2024-05-31 17:26:40,276 [INFO] LogOutputStream:77 - [STDOUT_REDIRECT] 
2024-05-31 17:26:41,328 [INFO] ApplicationProperties:184 - Using Application install path: C:\ST\STM32CubeIDE_1.13.2\STM32CubeIDE\plugins\com.st.stm32cube.common.mx_6.10.0.202311202037
2024-05-31 17:26:41,350 [INFO] DbMcusXml:78 - Set database path to: C:\ST\STM32CubeIDE_1.13.2\STM32CubeIDE\plugins\com.st.stm32cube.common.mx_6.10.0.202311202037\\db\/mcu/
2024-05-31 17:26:41,351 [INFO] ApiDb:274 - Set plugin database path to: C:\ST\STM32CubeIDE_1.13.2\STM32CubeIDE\plugins\com.st.stm32cube.common.mx_6.10.0.202311202037\\db\/plugins/boardmanager/
2024-05-31 17:26:41,351 [WARN] ApiDb:259 - Overriding images path with different value:  => C:\ST\STM32CubeIDE_1.13.2\STM32CubeIDE\plugins\com.st.stm32cube.common.mx_6.10.0.202311202037\\db\/plugins/mcufinder/images/
2024-05-31 17:26:41,363 [INFO] ApiDb:250 - Set database path to: C:\Users\emper\.stmcufinder\plugins\mcufinder//mcu/
2024-05-31 17:26:41,365 [INFO] DbMcusAds:125 - Set database path to: C:\Users\emper\.stmcufinder\plugins\mcufinder//mcu/
2024-05-31 17:26:41,367 [INFO] CrossReferenceDbSqlite:203 - Set database path to: C:\Users\emper\.stmcufinder\plugins\mcufinder//mcu/cs/
2024-05-31 17:26:41,509 [INFO] RulesReader:64 - Compatibility file has been processed (297 Rules)
2024-05-31 17:26:41,624 [INFO] DbMcusXml:78 - Set database path to: C:\ST\STM32CubeIDE_1.13.2\STM32CubeIDE\plugins\com.st.stm32cube.common.mx_6.10.0.202311202037\\db\/mcu/
2024-05-31 17:26:41,625 [INFO] ApiDb:274 - Set plugin database path to: C:\ST\STM32CubeIDE_1.13.2\STM32CubeIDE\plugins\com.st.stm32cube.common.mx_6.10.0.202311202037\\db\/plugins/boardmanager/
2024-05-31 17:26:41,625 [INFO] ApiDb:261 - Set plugin images path to: C:\ST\STM32CubeIDE_1.13.2\STM32CubeIDE\plugins\com.st.stm32cube.common.mx_6.10.0.202311202037\\db\/plugins/mcufinder/images/
2024-05-31 17:26:41,625 [WARN] DbFile:41 - Overriding database path with different value: C:\Users\emper\.stmcufinder\plugins\mcufinder/ => C:\Users\emper\.stmcufinder\plugins\mcufinder
2024-05-31 17:26:41,625 [INFO] ApiDb:250 - Set database path to: C:\Users\emper\.stmcufinder\plugins\mcufinder//mcu/
2024-05-31 17:26:41,625 [WARN] DbFile:41 - Overriding database path with different value: C:\Users\emper\.stmcufinder\plugins\mcufinder/ => C:\Users\emper\.stmcufinder\plugins\mcufinder
2024-05-31 17:26:41,625 [INFO] DbMcusAds:125 - Set database path to: C:\Users\emper\.stmcufinder\plugins\mcufinder//mcu/
2024-05-31 17:26:41,626 [WARN] DbFile:41 - Overriding database path with different value: C:\Users\emper\.stmcufinder\plugins\mcufinder/ => C:\Users\emper\.stmcufinder\plugins\mcufinder
2024-05-31 17:26:41,626 [WARN] DbFile:41 - Overriding database path with different value: C:\Users\emper\.stmcufinder\plugins\mcufinder/ => C:\Users\emper\.stmcufinder\plugins\mcufinder
2024-05-31 17:26:41,626 [INFO] CrossReferenceDbSqlite:203 - Set database path to: C:\Users\emper\.stmcufinder\plugins\mcufinder//mcu/cs/
2024-05-31 17:26:41,719 [INFO] MainPanel:264 - HeapMemory: 268435456
2024-05-31 17:26:41,831 [INFO] DbMcusXml:78 - Set database path to: C:\ST\STM32CubeIDE_1.13.2\STM32CubeIDE\plugins\com.st.stm32cube.common.mx_6.10.0.202311202037\\db\/mcu/
2024-05-31 17:26:41,831 [INFO] ApiDb:274 - Set plugin database path to: C:\ST\STM32CubeIDE_1.13.2\STM32CubeIDE\plugins\com.st.stm32cube.common.mx_6.10.0.202311202037\\db\/plugins/boardmanager/
2024-05-31 17:26:41,832 [INFO] ApiDb:261 - Set plugin images path to: C:\ST\STM32CubeIDE_1.13.2\STM32CubeIDE\plugins\com.st.stm32cube.common.mx_6.10.0.202311202037\\db\/plugins/mcufinder/images/
2024-05-31 17:26:41,832 [WARN] DbFile:41 - Overriding database path with different value: C:\Users\emper\.stmcufinder\plugins\mcufinder/ => C:\Users\emper\.stmcufinder\plugins\mcufinder
2024-05-31 17:26:41,832 [INFO] ApiDb:250 - Set database path to: C:\Users\emper\.stmcufinder\plugins\mcufinder//mcu/
2024-05-31 17:26:41,832 [WARN] DbFile:41 - Overriding database path with different value: C:\Users\emper\.stmcufinder\plugins\mcufinder/ => C:\Users\emper\.stmcufinder\plugins\mcufinder
2024-05-31 17:26:41,832 [INFO] DbMcusAds:125 - Set database path to: C:\Users\emper\.stmcufinder\plugins\mcufinder//mcu/
2024-05-31 17:26:41,832 [WARN] DbFile:41 - Overriding database path with different value: C:\Users\emper\.stmcufinder\plugins\mcufinder/ => C:\Users\emper\.stmcufinder\plugins\mcufinder
2024-05-31 17:26:41,832 [WARN] DbFile:41 - Overriding database path with different value: C:\Users\emper\.stmcufinder\plugins\mcufinder/ => C:\Users\emper\.stmcufinder\plugins\mcufinder
2024-05-31 17:26:41,832 [INFO] CrossReferenceDbSqlite:203 - Set database path to: C:\Users\emper\.stmcufinder\plugins\mcufinder//mcu/cs/
2024-05-31 17:26:41,856 [INFO] ApplicationProperties:184 - Using Application install path: C:\ST\STM32CubeIDE_1.13.2\STM32CubeIDE\plugins\com.st.stm32cube.common.mx_6.10.0.202311202037
2024-05-31 17:26:41,858 [INFO] PluginManage:196 - Search for loadable plugins [exclusion list=, ]
2024-05-31 17:26:41,860 [INFO] PluginManage:310 - Check plugin analytics
2024-05-31 17:26:42,032 [INFO] AnalyticsPlugin:253 - Accepted Software Licenses: 
2024-05-31 17:26:42,033 [INFO] AnalyticsPlugin:255 - Accepted CMSIS Pack Licenses: ARM.CMSIS-DSP.1.15.0,ARM.CMSIS.6.0.0
2024-05-31 17:26:42,033 [INFO] AnalyticsPlugin:257 - Accepted Firmware Licenses: FW.G4.1.5.0
2024-05-31 17:26:42,037 [INFO] PluginManage:359 - Loaded plugin analytics (category:tool,tabindex:-1)
2024-05-31 17:26:42,037 [INFO] PluginManage:310 - Check plugin cadmodel
2024-05-31 17:26:42,052 [INFO] CADModel:105 - Init CAD model plugin
2024-05-31 17:26:42,052 [INFO] PluginManage:359 - Loaded plugin cadmodel (category:power,tabindex:5)
2024-05-31 17:26:42,052 [INFO] PluginManage:310 - Check plugin clock
2024-05-31 17:26:42,074 [INFO] PluginManage:359 - Loaded plugin clock (category:base,tabindex:2)
2024-05-31 17:26:42,075 [INFO] PluginManage:310 - Check plugin ddr
2024-05-31 17:26:42,077 [INFO] PluginManage:359 - Loaded plugin ddr (category:tool,tabindex:6)
2024-05-31 17:26:42,078 [INFO] PluginManage:310 - Check plugin filemanager
2024-05-31 17:26:42,215 [INFO] PluginManage:359 - Loaded plugin filemanager (category:base,tabindex:10)
2024-05-31 17:26:42,216 [INFO] PluginManage:310 - Check plugin ipmanager
2024-05-31 17:26:42,225 [INFO] PluginManage:359 - Loaded plugin ipmanager (category:base,tabindex:5)
2024-05-31 17:26:42,227 [INFO] PluginManage:310 - Check plugin lpbam
2024-05-31 17:26:42,246 [INFO] PluginManage:359 - Loaded plugin lpbam (category:base,tabindex:0)
2024-05-31 17:26:42,246 [INFO] PluginManage:310 - Check plugin memorymap
2024-05-31 17:26:42,275 [INFO] PluginManage:359 - Loaded plugin memorymap (category:base,tabindex:4)
2024-05-31 17:26:42,275 [INFO] PluginManage:310 - Check plugin pinoutandconfiguration
2024-05-31 17:26:42,291 [INFO] PluginManage:359 - Loaded plugin pinoutandconfiguration (category:base,tabindex:1)
2024-05-31 17:26:42,293 [INFO] PluginManage:310 - Check plugin pinoutconfig
2024-05-31 17:26:42,398 [WARN] SupportedApi:132 - Cannot load RTOS API schema: s4s-elt-must-match.1: The content of 'definitions' must match (annotation?, (simpleType | complexType)?, (unique | key | keyref)*)). A problem was found starting at: attribute.
2024-05-31 17:26:42,545 [INFO] PluginManage:359 - Loaded plugin pinoutconfig (category:base,tabindex:0)
2024-05-31 17:26:42,545 [INFO] PluginManage:310 - Check plugin power
2024-05-31 17:26:42,571 [INFO] PluginManage:359 - Loaded plugin power (category:power,tabindex:4)
2024-05-31 17:26:42,571 [INFO] PluginManage:310 - Check plugin projectmanager
2024-05-31 17:26:42,590 [INFO] PluginManage:359 - Loaded plugin projectmanager (category:projectmanager,tabindex:3)
2024-05-31 17:26:42,590 [INFO] PluginManage:310 - Check plugin thirdparty
2024-05-31 17:26:42,886 [INFO] PluginManage:359 - Loaded plugin thirdparty (category:base,tabindex:-1)
2024-05-31 17:26:42,886 [INFO] PluginManage:310 - Check plugin tools
2024-05-31 17:26:42,886 [WARN] IntegrityCheckThread:84 - waiting for thirdparty lock release [integrity check]
2024-05-31 17:26:42,886 [INFO] IntegrityCheckThread:86 - entering critical section [integrity check]
2024-05-31 17:26:42,886 [INFO] ThirdPartyUpdaterWithRetryManager:70 - Updater plugin not ready yet. [1/15]
2024-05-31 17:26:42,919 [INFO] PluginManage:359 - Loaded plugin tools (category:base,tabindex:7)
2024-05-31 17:26:42,919 [INFO] PluginManage:310 - Check plugin tutovideos
2024-05-31 17:26:43,140 [INFO] PluginManage:359 - Loaded plugin tutovideos (category:base,tabindex:-1)
2024-05-31 17:26:43,140 [INFO] PluginManage:310 - Check plugin updater
2024-05-31 17:26:43,155 [INFO] PluginManage:359 - Loaded plugin updater (category:base,tabindex:12)
2024-05-31 17:26:43,155 [INFO] PluginManage:310 - Check plugin userauth
2024-05-31 17:26:43,161 [INFO] UserAuth:114 - Init User Auth plugin
2024-05-31 17:26:43,161 [INFO] PluginManage:359 - Loaded plugin userauth (category:base,tabindex:14)
2024-05-31 17:26:43,161 [INFO] PluginManage:283 - PluginManage : Loaded plugins [17]
2024-05-31 17:26:43,446 [INFO] PinOutPanel:1499 - setPackage(No Configuration,No Configuration)
2024-05-31 17:26:43,546 [INFO] CADModel:165 - CPN selected for project level
2024-05-31 17:26:43,547 [INFO] CADModel:114 - Register for checkConnection events
2024-05-31 17:26:43,579 [INFO] IPUIPlugin:80 - create IPUIPlugin
2024-05-31 17:26:43,579 [INFO] PluginManager:220 - loadIPPluginJar : add adc
2024-05-31 17:26:43,616 [INFO] IPUIPlugin:80 - create IPUIPlugin
2024-05-31 17:26:43,616 [INFO] PluginManager:220 - loadIPPluginJar : add aes
2024-05-31 17:26:43,655 [INFO] IPUIPlugin:80 - create IPUIPlugin
2024-05-31 17:26:43,655 [INFO] PluginManager:220 - loadIPPluginJar : add can
2024-05-31 17:26:43,678 [INFO] IPUIPlugin:80 - create IPUIPlugin
2024-05-31 17:26:43,678 [INFO] PluginManager:220 - loadIPPluginJar : add comp
2024-05-31 17:26:43,711 [INFO] IPUIPlugin:80 - create IPUIPlugin
2024-05-31 17:26:43,713 [INFO] PluginManager:220 - loadIPPluginJar : add cryp
2024-05-31 17:26:43,742 [INFO] IPUIPlugin:80 - create IPUIPlugin
2024-05-31 17:26:43,742 [INFO] PluginManager:220 - loadIPPluginJar : add dfsdm
2024-05-31 17:26:43,757 [INFO] IPUIPlugin:80 - create IPUIPlugin
2024-05-31 17:26:43,757 [INFO] PluginManager:220 - loadIPPluginJar : add dma
2024-05-31 17:26:43,798 [INFO] IPUIPlugin:80 - create IPUIPlugin
2024-05-31 17:26:43,798 [INFO] PluginManager:220 - loadIPPluginJar : add dma3
2024-05-31 17:26:43,819 [INFO] IPUIPlugin:80 - create IPUIPlugin
2024-05-31 17:26:43,820 [INFO] PluginManager:220 - loadIPPluginJar : add fatfs
2024-05-31 17:26:43,865 [INFO] IPUIPlugin:80 - create IPUIPlugin
2024-05-31 17:26:43,865 [INFO] PluginManager:220 - loadIPPluginJar : add fmc
2024-05-31 17:26:43,883 [INFO] IPUIPlugin:80 - create IPUIPlugin
2024-05-31 17:26:43,883 [INFO] PluginManager:220 - loadIPPluginJar : add freertos
2024-05-31 17:26:43,903 [INFO] IPUIPlugin:80 - create IPUIPlugin
2024-05-31 17:26:43,903 [INFO] PluginManager:220 - loadIPPluginJar : add genericplugin
2024-05-31 17:26:43,992 [INFO] IPUIPlugin:80 - create IPUIPlugin
2024-05-31 17:26:43,992 [INFO] PluginManager:220 - loadIPPluginJar : add gfxmmu
2024-05-31 17:26:44,117 [INFO] IPUIPlugin:80 - create IPUIPlugin
2024-05-31 17:26:44,117 [INFO] PluginManager:220 - loadIPPluginJar : add gic
2024-05-31 17:26:44,132 [INFO] IPUIPlugin:80 - create IPUIPlugin
2024-05-31 17:26:44,132 [INFO] PluginManager:220 - loadIPPluginJar : add gpio
2024-05-31 17:26:44,221 [INFO] IPUIPlugin:80 - create IPUIPlugin
2024-05-31 17:26:44,221 [INFO] PluginManager:220 - loadIPPluginJar : add gtzc
2024-05-31 17:26:44,252 [INFO] IPUIPlugin:80 - create IPUIPlugin
2024-05-31 17:26:44,252 [INFO] PluginManager:220 - loadIPPluginJar : add hash
2024-05-31 17:26:44,302 [INFO] IPUIPlugin:80 - create IPUIPlugin
2024-05-31 17:26:44,302 [INFO] PluginManager:220 - loadIPPluginJar : add i2c
2024-05-31 17:26:44,340 [INFO] IPUIPlugin:80 - create IPUIPlugin
2024-05-31 17:26:44,340 [INFO] PluginManager:220 - loadIPPluginJar : add i2s
2024-05-31 17:26:44,378 [INFO] IPUIPlugin:80 - create IPUIPlugin
2024-05-31 17:26:44,379 [INFO] PluginManager:220 - loadIPPluginJar : add i3c
2024-05-31 17:26:44,484 [INFO] IPUIPlugin:80 - create IPUIPlugin
2024-05-31 17:26:44,484 [INFO] PluginManager:220 - loadIPPluginJar : add ipddr
2024-05-31 17:26:44,571 [INFO] IPUIPlugin:80 - create IPUIPlugin
2024-05-31 17:26:44,571 [INFO] PluginManager:220 - loadIPPluginJar : add linkedlist
2024-05-31 17:26:44,606 [INFO] IPUIPlugin:80 - create IPUIPlugin
2024-05-31 17:26:44,606 [INFO] PluginManager:220 - loadIPPluginJar : add lorawan
2024-05-31 17:26:44,647 [INFO] IPUIPlugin:80 - create IPUIPlugin
2024-05-31 17:26:44,647 [INFO] PluginManager:220 - loadIPPluginJar : add ltdc
2024-05-31 17:26:44,661 [INFO] IPUIPlugin:80 - create IPUIPlugin
2024-05-31 17:26:44,663 [INFO] PluginManager:220 - loadIPPluginJar : add mdma
2024-05-31 17:26:44,676 [INFO] IPUIPlugin:80 - create IPUIPlugin
2024-05-31 17:26:44,676 [INFO] PluginManager:220 - loadIPPluginJar : add nvic
2024-05-31 17:26:44,713 [INFO] IPUIPlugin:80 - create IPUIPlugin
2024-05-31 17:26:44,713 [INFO] PluginManager:220 - loadIPPluginJar : add opamp
2024-05-31 17:26:44,769 [INFO] IPUIPlugin:80 - create IPUIPlugin
2024-05-31 17:26:44,770 [INFO] PluginManager:220 - loadIPPluginJar : add openamp
2024-05-31 17:26:44,812 [INFO] IPUIPlugin:80 - create IPUIPlugin
2024-05-31 17:26:44,812 [INFO] PluginManager:220 - loadIPPluginJar : add pdm2pcm
2024-05-31 17:26:44,826 [INFO] IPUIPlugin:80 - create IPUIPlugin
2024-05-31 17:26:44,829 [INFO] PluginManager:220 - loadIPPluginJar : add plateformsettings
2024-05-31 17:26:44,851 [INFO] IPUIPlugin:80 - create IPUIPlugin
2024-05-31 17:26:44,851 [INFO] PluginManager:220 - loadIPPluginJar : add quadspi
2024-05-31 17:26:44,865 [INFO] IPUIPlugin:80 - create IPUIPlugin
2024-05-31 17:26:44,865 [INFO] PluginManager:220 - loadIPPluginJar : add resmgrutility
2024-05-31 17:26:44,913 [INFO] IPUIPlugin:80 - create IPUIPlugin
2024-05-31 17:26:44,913 [INFO] PluginManager:220 - loadIPPluginJar : add sai
2024-05-31 17:26:44,950 [INFO] IPUIPlugin:80 - create IPUIPlugin
2024-05-31 17:26:44,950 [INFO] PluginManager:220 - loadIPPluginJar : add spi
2024-05-31 17:26:45,019 [INFO] IPUIPlugin:80 - create IPUIPlugin
2024-05-31 17:26:45,019 [INFO] PluginManager:220 - loadIPPluginJar : add stm32_wpan
2024-05-31 17:26:45,043 [INFO] IPUIPlugin:80 - create IPUIPlugin
2024-05-31 17:26:45,043 [INFO] PluginManager:220 - loadIPPluginJar : add tim
2024-05-31 17:26:45,099 [INFO] IPUIPlugin:80 - create IPUIPlugin
2024-05-31 17:26:45,100 [INFO] PluginManager:220 - loadIPPluginJar : add touchsensing
2024-05-31 17:26:45,123 [INFO] IPUIPlugin:80 - create IPUIPlugin
2024-05-31 17:26:45,123 [INFO] PluginManager:220 - loadIPPluginJar : add tracer_emb
2024-05-31 17:26:45,146 [INFO] IPUIPlugin:80 - create IPUIPlugin
2024-05-31 17:26:45,146 [INFO] PluginManager:220 - loadIPPluginJar : add ts
2024-05-31 17:26:45,167 [INFO] IPUIPlugin:80 - create IPUIPlugin
2024-05-31 17:26:45,167 [INFO] PluginManager:220 - loadIPPluginJar : add tsc
2024-05-31 17:26:45,189 [INFO] IPUIPlugin:80 - create IPUIPlugin
2024-05-31 17:26:45,190 [INFO] PluginManager:220 - loadIPPluginJar : add ucpd
2024-05-31 17:26:45,233 [INFO] IPUIPlugin:80 - create IPUIPlugin
2024-05-31 17:26:45,233 [INFO] PluginManager:220 - loadIPPluginJar : add usart
2024-05-31 17:26:45,274 [INFO] IPUIPlugin:80 - create IPUIPlugin
2024-05-31 17:26:45,274 [INFO] PluginManager:220 - loadIPPluginJar : add usbx
2024-05-31 17:26:45,412 [INFO] CADModel:165 - CPN selected for project level
2024-05-31 17:26:45,412 [INFO] CADModel:114 - Register for checkConnection events
2024-05-31 17:26:45,413 [FATAL] Updater:308 - Updater called before beeing initialized
2024-05-31 17:26:45,413 [ERROR] CADModel:125 - Updater not yet initialized, retry later 
2024-05-31 17:26:45,591 [INFO] CADModel:165 - CPN selected for project level
2024-05-31 17:26:45,591 [INFO] CADModel:114 - Register for checkConnection events
2024-05-31 17:26:45,591 [FATAL] Updater:308 - Updater called before beeing initialized
2024-05-31 17:26:45,591 [ERROR] CADModel:125 - Updater not yet initialized, retry later 
2024-05-31 17:26:45,594 [FATAL] Updater:308 - Updater called before beeing initialized
2024-05-31 17:26:45,732 [FATAL] Updater:308 - Updater called before beeing initialized
2024-05-31 17:26:45,743 [INFO] DbMcusAds:53 - JSON generation date=Thu May 16 16:22:00 ICT 2024 (1715851320852)
2024-05-31 17:26:45,743 [FATAL] Updater:308 - Updater called before beeing initialized
2024-05-31 17:26:45,829 [WARN] DetailPanel:346 - Failed to get advertising image, set to default
2024-05-31 17:26:45,887 [INFO] ThirdPartyUpdaterWithRetryManager:70 - Updater plugin not ready yet. [2/15]
2024-05-31 17:26:45,959 [FATAL] Updater:308 - Updater called before beeing initialized
2024-05-31 17:26:45,962 [FATAL] Updater:308 - Updater called before beeing initialized
2024-05-31 17:26:45,962 [FATAL] Updater:308 - Updater called before beeing initialized
2024-05-31 17:26:45,962 [WARN] DetailPanel:346 - Failed to get advertising image, set to default
2024-05-31 17:26:45,963 [FATAL] Updater:308 - Updater called before beeing initialized
2024-05-31 17:26:46,051 [ERROR] Updater:1120 - MainUpdater not yet initialized. External WinMGr cannot be set.
2024-05-31 17:26:46,062 [INFO] Updater:1056 - Updater Version found : 6.10.0
2024-05-31 17:26:46,083 [INFO] ApplicationProperties:184 - Using Application install path: C:\ST\STM32CubeIDE_1.13.2\STM32CubeIDE\plugins\com.st.stm32cube.common.mx_6.10.0.202311202037
2024-05-31 17:26:47,675 [ERROR] LogOutputStream:75 - [STDERR_REDIRECT] May 31, 2024 5:26:47 PM java.util.prefs.WindowsPreferences <init>
2024-05-31 17:26:47,677 [ERROR] LogOutputStream:75 - [STDERR_REDIRECT] WARNING: Could not open/create prefs root node Software\JavaSoft\Prefs at root 0xffffffff80000002. Windows RegCreateKeyEx(...) returned error code 5.
2024-05-31 17:26:47,677 [ERROR] LogOutputStream:75 - [STDERR_REDIRECT] 
2024-05-31 17:26:48,034 [INFO] MainUpdater:2873 - connection check result : 22
2024-05-31 17:26:48,035 [INFO] MainUpdater:290 - Updater Check For Update Now.
2024-05-31 17:26:48,035 [INFO] MicroXplorer:498 - Change Database Version : DB.6.0.100
2024-05-31 17:26:48,059 [INFO] McuFinderGlobals:63 - Set McuFinder mode to 2 (CubeIDE integrated)
2024-05-31 17:26:48,081 [INFO] UserAuth:404 - Internet connection configuration mode: 2
2024-05-31 17:26:48,279 [INFO] CheckServerUpdateThread:120 - End of CheckServer Thread
2024-05-31 17:26:49,291 [WARN] PackLoader:240 - Cannot read IP mode file for STMicroelectronics.FP-SNS-MOTENVWB1.1.4.0
2024-05-31 17:26:49,312 [WARN] PackLoader:240 - Cannot read IP mode file for STMicroelectronics.X-CUBE-SMBUS.2.1.0
2024-05-31 17:26:49,328 [WARN] PackLoader:240 - Cannot read IP mode file for STMicroelectronics.X-CUBE-TOUCHGFX.4.23.0
2024-05-31 17:26:49,341 [WARN] PackLoader:240 - Cannot read IP mode file for STMicroelectronics.X-CUBE-TOUCHGFX.4.23.2
2024-05-31 17:26:49,396 [WARN] PackLoader:240 - Cannot read IP mode file for STMicroelectronics.X-CUBE-AZRTOS-F7.1.1.0
2024-05-31 17:26:49,426 [WARN] PackLoader:240 - Cannot read IP mode file for STMicroelectronics.FP-SNS-MOTENV1.4.3.2
2024-05-31 17:26:49,449 [WARN] PackLoader:240 - Cannot read IP mode file for STMicroelectronics.FP-SNS-FLIGHT1.5.0.2
2024-05-31 17:26:49,471 [WARN] PackLoader:240 - Cannot read IP mode file for STMicroelectronics.X-CUBE-DISPLAY.3.0.0
2024-05-31 17:26:49,496 [WARN] PackLoader:240 - Cannot read IP mode file for STMicroelectronics.X-CUBE-BLE1.7.0.0
2024-05-31 17:26:49,515 [WARN] PackLoader:240 - Cannot read IP mode file for emotas.I-CUBE-CANOPEN.1.3.0
2024-05-31 17:26:49,530 [WARN] PackLoader:240 - Cannot read IP mode file for STMicroelectronics.X-CUBE-TOUCHGFX.4.22.1
2024-05-31 17:26:49,552 [WARN] PackLoader:240 - Cannot read IP mode file for STMicroelectronics.X-CUBE-BLEMGR.3.1.0
2024-05-31 17:26:49,574 [WARN] PackLoader:240 - Cannot read IP mode file for STMicroelectronics.FP-SNS-SMARTAG2.1.2.0
2024-05-31 17:26:49,602 [INFO] LogOutputStream:77 - [STDOUT_REDIRECT] 1 : Invalid condition id : UX_CORESTACK_Condition cause : null
2024-05-31 17:26:49,603 [INFO] LogOutputStream:77 - [STDOUT_REDIRECT] 1 : Invalid condition id : UX_CORESTACK_Condition cause : null
2024-05-31 17:26:49,604 [INFO] LogOutputStream:77 - [STDOUT_REDIRECT] 1 : Invalid condition id : UX_CORESTACK_Condition cause : null
2024-05-31 17:26:49,605 [INFO] LogOutputStream:77 - [STDOUT_REDIRECT] 1 : Invalid condition id : UX_CORESTACK_Condition cause : null
2024-05-31 17:26:49,606 [INFO] LogOutputStream:77 - [STDOUT_REDIRECT] 1 : Invalid condition id : UX_CORESTACK_Condition cause : null
2024-05-31 17:26:49,609 [WARN] PackLoader:240 - Cannot read IP mode file for STMicroelectronics.X-CUBE-AZRTOS-WL.2.0.0
2024-05-31 17:26:49,623 [WARN] PackLoader:240 - Cannot read IP mode file for STMicroelectronics.FP-SNS-MOTENV1.5.0.0
2024-05-31 17:26:49,645 [WARN] PackLoader:240 - Cannot read IP mode file for WES.I-CUBE-Cesium.1.3.0
2024-05-31 17:26:49,662 [WARN] PackLoader:240 - Cannot read IP mode file for STMicroelectronics.X-CUBE-BLE2.3.3.0
2024-05-31 17:26:49,680 [WARN] PackLoader:240 - Cannot read IP mode file for STMicroelectronics.X-CUBE-TCPP.4.1.0
2024-05-31 17:26:49,701 [WARN] PackLoader:240 - Cannot read IP mode file for STMicroelectronics.X-CUBE-ALGOBUILD.1.3.0
2024-05-31 17:26:49,738 [WARN] PackLoader:240 - Cannot read IP mode file for STMicroelectronics.X-CUBE-AZRTOS-G0.1.1.0
2024-05-31 17:26:49,760 [WARN] PackLoader:240 - Cannot read IP mode file for STMicroelectronics.X-CUBE-SAFEA1.1.2.2
2024-05-31 17:26:49,786 [WARN] PackLoader:240 - Cannot read IP mode file for STMicroelectronics.X-CUBE-NFC4.3.0.0
2024-05-31 17:26:49,816 [WARN] PackLoader:240 - Cannot read IP mode file for STMicroelectronics.X-CUBE-BLEMGR.3.0.0
2024-05-31 17:26:49,835 [WARN] PackLoader:240 - Cannot read IP mode file for STMicroelectronics.FP-ATR-SIGFOX1.3.2.0
2024-05-31 17:26:49,852 [WARN] PackLoader:240 - Cannot read IP mode file for STMicroelectronics.X-CUBE-EEPRMA1.5.1.0
2024-05-31 17:26:49,900 [WARN] PackLoader:240 - Cannot read IP mode file for SEGGER.I-CUBE-embOS.1.3.1
2024-05-31 17:26:49,973 [WARN] PackLoader:240 - Cannot read IP mode file for STMicroelectronics.X-CUBE-ALGOBUILD.1.4.0
2024-05-31 17:26:49,997 [WARN] PackLoader:240 - Cannot read IP mode file for STMicroelectronics.X-CUBE-GNSS1.6.0.0
2024-05-31 17:26:50,043 [WARN] PackLoader:240 - Cannot read IP mode file for STMicroelectronics.X-CUBE-AZRTOS-F4.1.1.0
2024-05-31 17:26:50,071 [WARN] PackLoader:240 - Cannot read IP mode file for wolfSSL.I-CUBE-wolfSSL.5.6.3
2024-05-31 17:26:50,093 [WARN] PackLoader:240 - Cannot read IP mode file for STMicroelectronics.X-CUBE-FREERTOS.1.2.0
2024-05-31 17:26:50,111 [WARN] PackLoader:240 - Cannot read IP mode file for wolfSSL.I-CUBE-wolfSSL.5.6.6
2024-05-31 17:26:50,153 [WARN] PackLoader:240 - Cannot read IP mode file for STMicroelectronics.X-CUBE-AZRTOS-L5.2.0.0
2024-05-31 17:26:50,240 [WARN] PackLoader:240 - Cannot read IP mode file for STMicroelectronics.X-CUBE-MEMS1.9.6.0
2024-05-31 17:26:50,444 [WARN] PackLoader:240 - Cannot read IP mode file for STMicroelectronics.X-CUBE-EEPRMA1.4.2.0
2024-05-31 17:26:50,469 [WARN] PackLoader:240 - Cannot read IP mode file for STMicroelectronics.X-CUBE-NFC6.3.1.0
2024-05-31 17:26:50,492 [WARN] PackLoader:240 - Cannot read IP mode file for ITTIA_DB.I-CUBE-ITTIADB.8.8.0
2024-05-31 17:26:50,588 [WARN] PackLoader:240 - Cannot read IP mode file for STMicroelectronics.X-CUBE-BLEMGR.2.0.0
2024-05-31 17:26:50,612 [WARN] PackLoader:240 - Cannot read IP mode file for STMicroelectronics.X-CUBE-AI.9.0.0
2024-05-31 17:26:50,652 [WARN] ConditionMgr:438 - getConditionDescription Invalid condition id : UX DEVICE CLASS RTOS Condition cause : null
2024-05-31 17:26:50,652 [WARN] ConditionMgr:438 - getConditionDescription Invalid condition id : UX DEVICE CLASS RTOS Condition cause : null
2024-05-31 17:26:50,657 [WARN] PackLoader:240 - Cannot read IP mode file for STMicroelectronics.X-CUBE-AZRTOS-H7.3.1.0
2024-05-31 17:26:50,659 [WARN] ConditionMgr:1039 - genDependencies : Invalid condition id : UX DEVICE CLASS RTOS Condition cause : null
2024-05-31 17:26:50,659 [WARN] ConditionMgr:1039 - genDependencies : Invalid condition id : UX DEVICE CLASS RTOS Condition cause : null
2024-05-31 17:26:50,660 [WARN] ConditionMgr:1039 - genDependencies : Invalid condition id : UX DEVICE CLASS RTOS Condition cause : null
2024-05-31 17:26:50,660 [WARN] ConditionMgr:1039 - genDependencies : Invalid condition id : UX DEVICE CLASS RTOS Condition cause : null
2024-05-31 17:26:50,660 [WARN] ConditionMgr:1039 - genDependencies : Invalid condition id : UX DEVICE CLASS RTOS Condition cause : null
2024-05-31 17:26:50,683 [WARN] PackLoader:240 - Cannot read IP mode file for STMicroelectronics.X-CUBE-NFC7.1.0.1
2024-05-31 17:26:50,707 [WARN] PackLoader:240 - Cannot read IP mode file for STMicroelectronics.X-CUBE-NFC6.3.0.0
2024-05-31 17:26:50,736 [WARN] PackLoader:240 - Cannot read IP mode file for STMicroelectronics.X-CUBE-EEPRMA1.4.1.0
2024-05-31 17:26:50,758 [WARN] PackLoader:240 - Cannot read IP mode file for STMicroelectronics.X-CUBE-AI.8.1.0
2024-05-31 17:26:50,809 [WARN] ConditionMgr:438 - getConditionDescription Invalid condition id : LAN8742 Phy interface Condition cause : null
2024-05-31 17:26:50,810 [WARN] PackLoader:240 - Cannot read IP mode file for STMicroelectronics.X-CUBE-AZRTOS-L4.2.0.0
2024-05-31 17:26:50,813 [WARN] ConditionMgr:1039 - genDependencies : Invalid condition id : LAN8742 Phy interface Condition cause : null
2024-05-31 17:26:50,813 [WARN] ConditionMgr:1039 - genDependencies : Invalid condition id : LAN8742 Phy interface Condition cause : null
2024-05-31 17:26:50,814 [WARN] ConditionMgr:1039 - genDependencies : Invalid condition id : LAN8742 Phy interface Condition cause : null
2024-05-31 17:26:50,916 [WARN] PackLoader:240 - Cannot read IP mode file for STMicroelectronics.X-CUBE-SFXS2LP1.4.0.0
2024-05-31 17:26:50,935 [WARN] PackLoader:240 - Cannot read IP mode file for STMicroelectronics.X-CUBE-ISPU.1.1.0
2024-05-31 17:26:50,966 [WARN] ConditionMgr:438 - getConditionDescription Invalid condition id : UX DEVICE CLASS RTOS Condition cause : null
2024-05-31 17:26:50,966 [WARN] ConditionMgr:438 - getConditionDescription Invalid condition id : UX DEVICE CLASS RTOS Condition cause : null
2024-05-31 17:26:50,969 [WARN] PackLoader:240 - Cannot read IP mode file for STMicroelectronics.X-CUBE-AZRTOS-WB.2.0.0
2024-05-31 17:26:50,970 [WARN] ConditionMgr:1039 - genDependencies : Invalid condition id : UX DEVICE CLASS RTOS Condition cause : null
2024-05-31 17:26:50,970 [WARN] ConditionMgr:1039 - genDependencies : Invalid condition id : UX DEVICE CLASS RTOS Condition cause : null
2024-05-31 17:26:50,971 [WARN] ConditionMgr:1039 - genDependencies : Invalid condition id : UX DEVICE CLASS RTOS Condition cause : null
2024-05-31 17:26:50,971 [WARN] ConditionMgr:1039 - genDependencies : Invalid condition id : UX DEVICE CLASS RTOS Condition cause : null
2024-05-31 17:26:50,972 [WARN] ConditionMgr:1039 - genDependencies : Invalid condition id : UX DEVICE CLASS RTOS Condition cause : null
2024-05-31 17:26:51,003 [WARN] PackLoader:240 - Cannot read IP mode file for STMicroelectronics.X-CUBE-SUBG2.5.0.0
2024-05-31 17:26:51,040 [WARN] PackLoader:240 - Cannot read IP mode file for STMicroelectronics.X-CUBE-TOF1.3.3.1
2024-05-31 17:26:51,085 [WARN] PackLoader:240 - Cannot read IP mode file for STMicroelectronics.X-CUBE-AZRTOS-G4.2.0.0
2024-05-31 17:26:51,120 [WARN] PackLoader:240 - Cannot read IP mode file for Infineon.AIROC-Wi-Fi-Bluetooth-STM32.1.5.1
2024-05-31 17:26:51,143 [WARN] PackLoader:240 - Cannot read IP mode file for STMicroelectronics.FP-SNS-MOTENVWB1.1.3.0
2024-05-31 17:26:51,162 [WARN] PackLoader:240 - Cannot read IP mode file for STMicroelectronics.FP-SNS-MOTENVWB1.1.3.1
2024-05-31 17:26:51,181 [WARN] PackLoader:240 - Cannot read IP mode file for STMicroelectronics.X-CUBE-ISPU.2.0.0
2024-05-31 17:26:51,197 [WARN] PackLoader:240 - Cannot read IP mode file for STMicroelectronics.X-CUBE-ALS.1.0.2
2024-05-31 17:26:51,261 [WARN] PackLoader:240 - Cannot read IP mode file for STMicroelectronics.X-CUBE-MEMS1.10.0.0
2024-05-31 17:26:51,416 [WARN] PackLoader:240 - Cannot read IP mode file for STMicroelectronics.X-CUBE-FREERTOS.1.1.0
2024-05-31 17:26:51,440 [WARN] PackLoader:240 - Cannot read IP mode file for portGmbH.I-Cube-SoM-uGOAL.1.1.0
2024-05-31 17:26:51,457 [WARN] PackLoader:240 - Cannot read IP mode file for STMicroelectronics.X-CUBE-ALS.1.0.1
2024-05-31 17:26:51,497 [WARN] PackLoader:240 - Cannot read IP mode file for STMicroelectronics.X-CUBE-AZRTOS-H7RS.1.0.0
2024-05-31 17:26:51,518 [WARN] PackLoader:240 - Cannot read IP mode file for STMicroelectronics.FP-ATR-ASTRA1.2.0.0
2024-05-31 17:26:51,544 [WARN] PackLoader:240 - Cannot read IP mode file for STMicroelectronics.X-CUBE-TOF1.3.4.0
2024-05-31 17:26:51,583 [WARN] PackLoader:240 - Cannot read IP mode file for STMicroelectronics.X-CUBE-TOF1.3.4.1
2024-05-31 17:26:51,637 [WARN] PackLoader:240 - Cannot read IP mode file for STMicroelectronics.X-CUBE-AZRTOS-H7.3.2.0
2024-05-31 17:26:51,641 [INFO] ThirdParty:978 - Integrity check success = true
2024-05-31 17:26:51,642 [INFO] IntegrityCheckThread:100 - exiting critical section [integrity check]
2024-05-31 17:26:51,642 [INFO] IntegrityCheckThread:103 - End integrity checks thread
2024-05-31 17:27:09,008 [ERROR] LogOutputStream:75 - [STDERR_REDIRECT] SLF4J: Failed to load class "org.slf4j.impl.StaticLoggerBinder".
2024-05-31 17:27:09,010 [ERROR] LogOutputStream:75 - [STDERR_REDIRECT] SLF4J: Defaulting to no-operation (NOP) logger implementation
2024-05-31 17:27:09,011 [ERROR] LogOutputStream:75 - [STDERR_REDIRECT] SLF4J: See http://www.slf4j.org/codes.html#StaticLoggerBinder for further details.
