2024-05-05 16:22:20,306 [INFO] Activator:176 - 


2024-05-05 16:22:20,313 [INFO] Activator:177 - !SESSION log4j initialized
2024-05-05 16:22:29,007 [INFO] LogOutputStream:77 - [STDOUT_REDIRECT] 
2024-05-05 16:22:30,478 [INFO] ApplicationProperties:184 - Using Application install path: C:\ST\STM32CubeIDE_1.13.2\STM32CubeIDE\plugins\com.st.stm32cube.common.mx_6.10.0.202311202037
2024-05-05 16:22:30,496 [INFO] DbMcusXml:78 - Set database path to: C:\ST\STM32CubeIDE_1.13.2\STM32CubeIDE\plugins\com.st.stm32cube.common.mx_6.10.0.202311202037\\db\/mcu/
2024-05-05 16:22:30,496 [INFO] ApiDb:274 - Set plugin database path to: C:\ST\STM32CubeIDE_1.13.2\STM32CubeIDE\plugins\com.st.stm32cube.common.mx_6.10.0.202311202037\\db\/plugins/boardmanager/
2024-05-05 16:22:30,496 [WARN] ApiDb:259 - Overriding images path with different value:  => C:\ST\STM32CubeIDE_1.13.2\STM32CubeIDE\plugins\com.st.stm32cube.common.mx_6.10.0.202311202037\\db\/plugins/mcufinder/images/
2024-05-05 16:22:30,511 [INFO] ApiDb:250 - Set database path to: C:\Users\emper\.stmcufinder\plugins\mcufinder//mcu/
2024-05-05 16:22:30,512 [INFO] DbMcusAds:125 - Set database path to: C:\Users\emper\.stmcufinder\plugins\mcufinder//mcu/
2024-05-05 16:22:30,514 [INFO] CrossReferenceDbSqlite:203 - Set database path to: C:\Users\emper\.stmcufinder\plugins\mcufinder//mcu/cs/
2024-05-05 16:22:30,614 [INFO] RulesReader:64 - Compatibility file has been processed (297 Rules)
2024-05-05 16:22:30,720 [INFO] DbMcusXml:78 - Set database path to: C:\ST\STM32CubeIDE_1.13.2\STM32CubeIDE\plugins\com.st.stm32cube.common.mx_6.10.0.202311202037\\db\/mcu/
2024-05-05 16:22:30,720 [INFO] ApiDb:274 - Set plugin database path to: C:\ST\STM32CubeIDE_1.13.2\STM32CubeIDE\plugins\com.st.stm32cube.common.mx_6.10.0.202311202037\\db\/plugins/boardmanager/
2024-05-05 16:22:30,720 [INFO] ApiDb:261 - Set plugin images path to: C:\ST\STM32CubeIDE_1.13.2\STM32CubeIDE\plugins\com.st.stm32cube.common.mx_6.10.0.202311202037\\db\/plugins/mcufinder/images/
2024-05-05 16:22:30,720 [WARN] DbFile:41 - Overriding database path with different value: C:\Users\emper\.stmcufinder\plugins\mcufinder/ => C:\Users\emper\.stmcufinder\plugins\mcufinder
2024-05-05 16:22:30,720 [INFO] ApiDb:250 - Set database path to: C:\Users\emper\.stmcufinder\plugins\mcufinder//mcu/
2024-05-05 16:22:30,720 [WARN] DbFile:41 - Overriding database path with different value: C:\Users\emper\.stmcufinder\plugins\mcufinder/ => C:\Users\emper\.stmcufinder\plugins\mcufinder
2024-05-05 16:22:30,720 [INFO] DbMcusAds:125 - Set database path to: C:\Users\emper\.stmcufinder\plugins\mcufinder//mcu/
2024-05-05 16:22:30,720 [WARN] DbFile:41 - Overriding database path with different value: C:\Users\emper\.stmcufinder\plugins\mcufinder/ => C:\Users\emper\.stmcufinder\plugins\mcufinder
2024-05-05 16:22:30,720 [WARN] DbFile:41 - Overriding database path with different value: C:\Users\emper\.stmcufinder\plugins\mcufinder/ => C:\Users\emper\.stmcufinder\plugins\mcufinder
2024-05-05 16:22:30,720 [INFO] CrossReferenceDbSqlite:203 - Set database path to: C:\Users\emper\.stmcufinder\plugins\mcufinder//mcu/cs/
2024-05-05 16:22:30,816 [INFO] MainPanel:264 - HeapMemory: 268435456
2024-05-05 16:22:30,938 [INFO] DbMcusXml:78 - Set database path to: C:\ST\STM32CubeIDE_1.13.2\STM32CubeIDE\plugins\com.st.stm32cube.common.mx_6.10.0.202311202037\\db\/mcu/
2024-05-05 16:22:30,939 [INFO] ApiDb:274 - Set plugin database path to: C:\ST\STM32CubeIDE_1.13.2\STM32CubeIDE\plugins\com.st.stm32cube.common.mx_6.10.0.202311202037\\db\/plugins/boardmanager/
2024-05-05 16:22:30,939 [INFO] ApiDb:261 - Set plugin images path to: C:\ST\STM32CubeIDE_1.13.2\STM32CubeIDE\plugins\com.st.stm32cube.common.mx_6.10.0.202311202037\\db\/plugins/mcufinder/images/
2024-05-05 16:22:30,940 [WARN] DbFile:41 - Overriding database path with different value: C:\Users\emper\.stmcufinder\plugins\mcufinder/ => C:\Users\emper\.stmcufinder\plugins\mcufinder
2024-05-05 16:22:30,940 [INFO] ApiDb:250 - Set database path to: C:\Users\emper\.stmcufinder\plugins\mcufinder//mcu/
2024-05-05 16:22:30,940 [WARN] DbFile:41 - Overriding database path with different value: C:\Users\emper\.stmcufinder\plugins\mcufinder/ => C:\Users\emper\.stmcufinder\plugins\mcufinder
2024-05-05 16:22:30,940 [INFO] DbMcusAds:125 - Set database path to: C:\Users\emper\.stmcufinder\plugins\mcufinder//mcu/
2024-05-05 16:22:30,940 [WARN] DbFile:41 - Overriding database path with different value: C:\Users\emper\.stmcufinder\plugins\mcufinder/ => C:\Users\emper\.stmcufinder\plugins\mcufinder
2024-05-05 16:22:30,940 [WARN] DbFile:41 - Overriding database path with different value: C:\Users\emper\.stmcufinder\plugins\mcufinder/ => C:\Users\emper\.stmcufinder\plugins\mcufinder
2024-05-05 16:22:30,940 [INFO] CrossReferenceDbSqlite:203 - Set database path to: C:\Users\emper\.stmcufinder\plugins\mcufinder//mcu/cs/
2024-05-05 16:22:30,964 [INFO] ApplicationProperties:184 - Using Application install path: C:\ST\STM32CubeIDE_1.13.2\STM32CubeIDE\plugins\com.st.stm32cube.common.mx_6.10.0.202311202037
2024-05-05 16:22:30,966 [INFO] PluginManage:196 - Search for loadable plugins [exclusion list=, ]
2024-05-05 16:22:30,968 [INFO] PluginManage:310 - Check plugin analytics
2024-05-05 16:22:31,113 [INFO] AnalyticsPlugin:253 - Accepted Software Licenses: 
2024-05-05 16:22:31,114 [INFO] AnalyticsPlugin:255 - Accepted CMSIS Pack Licenses: ARM.CMSIS-DSP.1.15.0,ARM.CMSIS.6.0.0
2024-05-05 16:22:31,114 [INFO] AnalyticsPlugin:257 - Accepted Firmware Licenses: FW.G4.1.5.0
2024-05-05 16:22:31,117 [INFO] PluginManage:359 - Loaded plugin analytics (category:tool,tabindex:-1)
2024-05-05 16:22:31,117 [INFO] PluginManage:310 - Check plugin cadmodel
2024-05-05 16:22:31,136 [INFO] CADModel:105 - Init CAD model plugin
2024-05-05 16:22:31,136 [INFO] PluginManage:359 - Loaded plugin cadmodel (category:power,tabindex:5)
2024-05-05 16:22:31,136 [INFO] PluginManage:310 - Check plugin clock
2024-05-05 16:22:31,161 [INFO] PluginManage:359 - Loaded plugin clock (category:base,tabindex:2)
2024-05-05 16:22:31,161 [INFO] PluginManage:310 - Check plugin ddr
2024-05-05 16:22:31,165 [INFO] PluginManage:359 - Loaded plugin ddr (category:tool,tabindex:6)
2024-05-05 16:22:31,165 [INFO] PluginManage:310 - Check plugin filemanager
2024-05-05 16:22:31,313 [INFO] PluginManage:359 - Loaded plugin filemanager (category:base,tabindex:10)
2024-05-05 16:22:31,313 [INFO] PluginManage:310 - Check plugin ipmanager
2024-05-05 16:22:31,324 [INFO] PluginManage:359 - Loaded plugin ipmanager (category:base,tabindex:5)
2024-05-05 16:22:31,324 [INFO] PluginManage:310 - Check plugin lpbam
2024-05-05 16:22:31,346 [INFO] PluginManage:359 - Loaded plugin lpbam (category:base,tabindex:0)
2024-05-05 16:22:31,346 [INFO] PluginManage:310 - Check plugin memorymap
2024-05-05 16:22:31,374 [INFO] PluginManage:359 - Loaded plugin memorymap (category:base,tabindex:4)
2024-05-05 16:22:31,374 [INFO] PluginManage:310 - Check plugin pinoutandconfiguration
2024-05-05 16:22:31,394 [INFO] PluginManage:359 - Loaded plugin pinoutandconfiguration (category:base,tabindex:1)
2024-05-05 16:22:31,394 [INFO] PluginManage:310 - Check plugin pinoutconfig
2024-05-05 16:22:31,500 [WARN] SupportedApi:132 - Cannot load RTOS API schema: s4s-elt-must-match.1: The content of 'definitions' must match (annotation?, (simpleType | complexType)?, (unique | key | keyref)*)). A problem was found starting at: attribute.
2024-05-05 16:22:31,637 [INFO] PluginManage:359 - Loaded plugin pinoutconfig (category:base,tabindex:0)
2024-05-05 16:22:31,637 [INFO] PluginManage:310 - Check plugin power
2024-05-05 16:22:31,661 [INFO] PluginManage:359 - Loaded plugin power (category:power,tabindex:4)
2024-05-05 16:22:31,661 [INFO] PluginManage:310 - Check plugin projectmanager
2024-05-05 16:22:31,678 [INFO] PluginManage:359 - Loaded plugin projectmanager (category:projectmanager,tabindex:3)
2024-05-05 16:22:31,679 [INFO] PluginManage:310 - Check plugin thirdparty
2024-05-05 16:22:32,022 [INFO] PluginManage:359 - Loaded plugin thirdparty (category:base,tabindex:-1)
2024-05-05 16:22:32,023 [INFO] PluginManage:310 - Check plugin tools
2024-05-05 16:22:32,022 [WARN] IntegrityCheckThread:84 - waiting for thirdparty lock release [integrity check]
2024-05-05 16:22:32,023 [INFO] IntegrityCheckThread:86 - entering critical section [integrity check]
2024-05-05 16:22:32,023 [INFO] ThirdPartyUpdaterWithRetryManager:70 - Updater plugin not ready yet. [1/15]
2024-05-05 16:22:32,065 [INFO] PluginManage:359 - Loaded plugin tools (category:base,tabindex:7)
2024-05-05 16:22:32,065 [INFO] PluginManage:310 - Check plugin tutovideos
2024-05-05 16:22:32,297 [INFO] PluginManage:359 - Loaded plugin tutovideos (category:base,tabindex:-1)
2024-05-05 16:22:32,297 [INFO] PluginManage:310 - Check plugin updater
2024-05-05 16:22:32,317 [INFO] PluginManage:359 - Loaded plugin updater (category:base,tabindex:12)
2024-05-05 16:22:32,317 [INFO] PluginManage:310 - Check plugin userauth
2024-05-05 16:22:32,327 [INFO] UserAuth:114 - Init User Auth plugin
2024-05-05 16:22:32,328 [INFO] PluginManage:359 - Loaded plugin userauth (category:base,tabindex:14)
2024-05-05 16:22:32,329 [INFO] PluginManage:283 - PluginManage : Loaded plugins [17]
2024-05-05 16:22:32,682 [INFO] PinOutPanel:1499 - setPackage(No Configuration,No Configuration)
2024-05-05 16:22:32,786 [INFO] CADModel:165 - CPN selected for project level
2024-05-05 16:22:32,786 [INFO] CADModel:114 - Register for checkConnection events
2024-05-05 16:22:32,825 [INFO] IPUIPlugin:80 - create IPUIPlugin
2024-05-05 16:22:32,825 [INFO] PluginManager:220 - loadIPPluginJar : add adc
2024-05-05 16:22:32,869 [INFO] IPUIPlugin:80 - create IPUIPlugin
2024-05-05 16:22:32,869 [INFO] PluginManager:220 - loadIPPluginJar : add aes
2024-05-05 16:22:32,923 [INFO] IPUIPlugin:80 - create IPUIPlugin
2024-05-05 16:22:32,924 [INFO] PluginManager:220 - loadIPPluginJar : add can
2024-05-05 16:22:32,954 [INFO] IPUIPlugin:80 - create IPUIPlugin
2024-05-05 16:22:32,955 [INFO] PluginManager:220 - loadIPPluginJar : add comp
2024-05-05 16:22:32,994 [INFO] IPUIPlugin:80 - create IPUIPlugin
2024-05-05 16:22:32,994 [INFO] PluginManager:220 - loadIPPluginJar : add cryp
2024-05-05 16:22:33,029 [INFO] IPUIPlugin:80 - create IPUIPlugin
2024-05-05 16:22:33,029 [INFO] PluginManager:220 - loadIPPluginJar : add dfsdm
2024-05-05 16:22:33,047 [INFO] IPUIPlugin:80 - create IPUIPlugin
2024-05-05 16:22:33,047 [INFO] PluginManager:220 - loadIPPluginJar : add dma
2024-05-05 16:22:33,092 [INFO] IPUIPlugin:80 - create IPUIPlugin
2024-05-05 16:22:33,092 [INFO] PluginManager:220 - loadIPPluginJar : add dma3
2024-05-05 16:22:33,117 [INFO] IPUIPlugin:80 - create IPUIPlugin
2024-05-05 16:22:33,117 [INFO] PluginManager:220 - loadIPPluginJar : add fatfs
2024-05-05 16:22:33,170 [INFO] IPUIPlugin:80 - create IPUIPlugin
2024-05-05 16:22:33,170 [INFO] PluginManager:220 - loadIPPluginJar : add fmc
2024-05-05 16:22:33,186 [INFO] IPUIPlugin:80 - create IPUIPlugin
2024-05-05 16:22:33,186 [INFO] PluginManager:220 - loadIPPluginJar : add freertos
2024-05-05 16:22:33,207 [INFO] IPUIPlugin:80 - create IPUIPlugin
2024-05-05 16:22:33,209 [INFO] PluginManager:220 - loadIPPluginJar : add genericplugin
2024-05-05 16:22:33,307 [INFO] IPUIPlugin:80 - create IPUIPlugin
2024-05-05 16:22:33,307 [INFO] PluginManager:220 - loadIPPluginJar : add gfxmmu
2024-05-05 16:22:33,415 [INFO] IPUIPlugin:80 - create IPUIPlugin
2024-05-05 16:22:33,415 [INFO] PluginManager:220 - loadIPPluginJar : add gic
2024-05-05 16:22:33,430 [INFO] IPUIPlugin:80 - create IPUIPlugin
2024-05-05 16:22:33,430 [INFO] PluginManager:220 - loadIPPluginJar : add gpio
2024-05-05 16:22:33,520 [INFO] IPUIPlugin:80 - create IPUIPlugin
2024-05-05 16:22:33,520 [INFO] PluginManager:220 - loadIPPluginJar : add gtzc
2024-05-05 16:22:33,553 [INFO] IPUIPlugin:80 - create IPUIPlugin
2024-05-05 16:22:33,553 [INFO] PluginManager:220 - loadIPPluginJar : add hash
2024-05-05 16:22:33,597 [INFO] IPUIPlugin:80 - create IPUIPlugin
2024-05-05 16:22:33,597 [INFO] PluginManager:220 - loadIPPluginJar : add i2c
2024-05-05 16:22:33,636 [INFO] IPUIPlugin:80 - create IPUIPlugin
2024-05-05 16:22:33,636 [INFO] PluginManager:220 - loadIPPluginJar : add i2s
2024-05-05 16:22:33,684 [INFO] IPUIPlugin:80 - create IPUIPlugin
2024-05-05 16:22:33,684 [INFO] PluginManager:220 - loadIPPluginJar : add i3c
2024-05-05 16:22:33,789 [INFO] IPUIPlugin:80 - create IPUIPlugin
2024-05-05 16:22:33,789 [INFO] PluginManager:220 - loadIPPluginJar : add ipddr
2024-05-05 16:22:33,886 [INFO] IPUIPlugin:80 - create IPUIPlugin
2024-05-05 16:22:33,886 [INFO] PluginManager:220 - loadIPPluginJar : add linkedlist
2024-05-05 16:22:33,921 [INFO] IPUIPlugin:80 - create IPUIPlugin
2024-05-05 16:22:33,921 [INFO] PluginManager:220 - loadIPPluginJar : add lorawan
2024-05-05 16:22:33,956 [INFO] IPUIPlugin:80 - create IPUIPlugin
2024-05-05 16:22:33,957 [INFO] PluginManager:220 - loadIPPluginJar : add ltdc
2024-05-05 16:22:33,971 [INFO] IPUIPlugin:80 - create IPUIPlugin
2024-05-05 16:22:33,971 [INFO] PluginManager:220 - loadIPPluginJar : add mdma
2024-05-05 16:22:33,987 [INFO] IPUIPlugin:80 - create IPUIPlugin
2024-05-05 16:22:33,987 [INFO] PluginManager:220 - loadIPPluginJar : add nvic
2024-05-05 16:22:34,031 [INFO] IPUIPlugin:80 - create IPUIPlugin
2024-05-05 16:22:34,031 [INFO] PluginManager:220 - loadIPPluginJar : add opamp
2024-05-05 16:22:34,093 [INFO] IPUIPlugin:80 - create IPUIPlugin
2024-05-05 16:22:34,093 [INFO] PluginManager:220 - loadIPPluginJar : add openamp
2024-05-05 16:22:34,133 [INFO] IPUIPlugin:80 - create IPUIPlugin
2024-05-05 16:22:34,133 [INFO] PluginManager:220 - loadIPPluginJar : add pdm2pcm
2024-05-05 16:22:34,150 [INFO] IPUIPlugin:80 - create IPUIPlugin
2024-05-05 16:22:34,152 [INFO] PluginManager:220 - loadIPPluginJar : add plateformsettings
2024-05-05 16:22:34,177 [INFO] IPUIPlugin:80 - create IPUIPlugin
2024-05-05 16:22:34,177 [INFO] PluginManager:220 - loadIPPluginJar : add quadspi
2024-05-05 16:22:34,192 [INFO] IPUIPlugin:80 - create IPUIPlugin
2024-05-05 16:22:34,192 [INFO] PluginManager:220 - loadIPPluginJar : add resmgrutility
2024-05-05 16:22:34,248 [INFO] IPUIPlugin:80 - create IPUIPlugin
2024-05-05 16:22:34,248 [INFO] PluginManager:220 - loadIPPluginJar : add sai
2024-05-05 16:22:34,286 [INFO] IPUIPlugin:80 - create IPUIPlugin
2024-05-05 16:22:34,286 [INFO] PluginManager:220 - loadIPPluginJar : add spi
2024-05-05 16:22:34,354 [INFO] IPUIPlugin:80 - create IPUIPlugin
2024-05-05 16:22:34,354 [INFO] PluginManager:220 - loadIPPluginJar : add stm32_wpan
2024-05-05 16:22:34,380 [INFO] IPUIPlugin:80 - create IPUIPlugin
2024-05-05 16:22:34,380 [INFO] PluginManager:220 - loadIPPluginJar : add tim
2024-05-05 16:22:34,441 [INFO] IPUIPlugin:80 - create IPUIPlugin
2024-05-05 16:22:34,441 [INFO] PluginManager:220 - loadIPPluginJar : add touchsensing
2024-05-05 16:22:34,470 [INFO] IPUIPlugin:80 - create IPUIPlugin
2024-05-05 16:22:34,470 [INFO] PluginManager:220 - loadIPPluginJar : add tracer_emb
2024-05-05 16:22:34,499 [INFO] IPUIPlugin:80 - create IPUIPlugin
2024-05-05 16:22:34,499 [INFO] PluginManager:220 - loadIPPluginJar : add ts
2024-05-05 16:22:34,524 [INFO] IPUIPlugin:80 - create IPUIPlugin
2024-05-05 16:22:34,524 [INFO] PluginManager:220 - loadIPPluginJar : add tsc
2024-05-05 16:22:34,548 [INFO] IPUIPlugin:80 - create IPUIPlugin
2024-05-05 16:22:34,548 [INFO] PluginManager:220 - loadIPPluginJar : add ucpd
2024-05-05 16:22:34,597 [INFO] IPUIPlugin:80 - create IPUIPlugin
2024-05-05 16:22:34,597 [INFO] PluginManager:220 - loadIPPluginJar : add usart
2024-05-05 16:22:34,645 [INFO] IPUIPlugin:80 - create IPUIPlugin
2024-05-05 16:22:34,646 [INFO] PluginManager:220 - loadIPPluginJar : add usbx
2024-05-05 16:22:34,786 [INFO] CADModel:165 - CPN selected for project level
2024-05-05 16:22:34,786 [INFO] CADModel:114 - Register for checkConnection events
2024-05-05 16:22:34,786 [FATAL] Updater:308 - Updater called before beeing initialized
2024-05-05 16:22:34,786 [ERROR] CADModel:125 - Updater not yet initialized, retry later 
2024-05-05 16:22:34,951 [INFO] CADModel:165 - CPN selected for project level
2024-05-05 16:22:34,951 [INFO] CADModel:114 - Register for checkConnection events
2024-05-05 16:22:34,951 [FATAL] Updater:308 - Updater called before beeing initialized
2024-05-05 16:22:34,951 [ERROR] CADModel:125 - Updater not yet initialized, retry later 
2024-05-05 16:22:34,955 [FATAL] Updater:308 - Updater called before beeing initialized
2024-05-05 16:22:35,025 [INFO] ThirdPartyUpdaterWithRetryManager:70 - Updater plugin not ready yet. [2/15]
2024-05-05 16:22:35,060 [FATAL] Updater:308 - Updater called before beeing initialized
2024-05-05 16:22:35,070 [INFO] DbMcusAds:53 - JSON generation date=Wed Nov 29 17:52:27 ICT 2023 (1701255147349)
2024-05-05 16:22:35,071 [FATAL] Updater:308 - Updater called before beeing initialized
2024-05-05 16:22:35,148 [WARN] DetailPanel:346 - Failed to get advertising image, set to default
2024-05-05 16:22:35,246 [FATAL] Updater:308 - Updater called before beeing initialized
2024-05-05 16:22:35,248 [FATAL] Updater:308 - Updater called before beeing initialized
2024-05-05 16:22:35,248 [FATAL] Updater:308 - Updater called before beeing initialized
2024-05-05 16:22:35,249 [WARN] DetailPanel:346 - Failed to get advertising image, set to default
2024-05-05 16:22:35,250 [FATAL] Updater:308 - Updater called before beeing initialized
2024-05-05 16:22:35,305 [ERROR] Updater:1120 - MainUpdater not yet initialized. External WinMGr cannot be set.
2024-05-05 16:22:35,315 [INFO] Updater:1056 - Updater Version found : 6.10.0
2024-05-05 16:22:35,336 [INFO] ApplicationProperties:184 - Using Application install path: C:\ST\STM32CubeIDE_1.13.2\STM32CubeIDE\plugins\com.st.stm32cube.common.mx_6.10.0.202311202037
2024-05-05 16:22:36,918 [ERROR] LogOutputStream:75 - [STDERR_REDIRECT] May 05, 2024 4:22:36 PM java.util.prefs.WindowsPreferences <init>
2024-05-05 16:22:36,918 [ERROR] LogOutputStream:75 - [STDERR_REDIRECT] WARNING: Could not open/create prefs root node Software\JavaSoft\Prefs at root 0xffffffff80000002. Windows RegCreateKeyEx(...) returned error code 5.
2024-05-05 16:22:36,919 [ERROR] LogOutputStream:75 - [STDERR_REDIRECT] 
2024-05-05 16:22:37,514 [INFO] MainUpdater:2873 - connection check result : 10
2024-05-05 16:22:37,515 [INFO] MainUpdater:290 - Updater Check For Update Now.
2024-05-05 16:22:37,516 [INFO] MicroXplorer:498 - Change Database Version : DB.6.0.100
2024-05-05 16:22:37,529 [INFO] McuFinderGlobals:63 - Set McuFinder mode to 2 (CubeIDE integrated)
2024-05-05 16:22:37,542 [INFO] UserAuth:404 - Internet connection configuration mode: 1
2024-05-05 16:22:37,568 [INFO] JxBrowserEngine:152 - Initiate JxBrowser Engine with user profile folder
2024-05-05 16:22:37,700 [INFO] CheckServerUpdateThread:120 - End of CheckServer Thread
2024-05-05 16:22:38,296 [WARN] PackLoader:240 - Cannot read IP mode file for STMicroelectronics.FP-SNS-MOTENVWB1.1.4.0
2024-05-05 16:22:38,314 [WARN] PackLoader:240 - Cannot read IP mode file for STMicroelectronics.X-CUBE-SMBUS.2.1.0
2024-05-05 16:22:38,326 [WARN] PackLoader:240 - Cannot read IP mode file for STMicroelectronics.X-CUBE-TOUCHGFX.4.23.0
2024-05-05 16:22:38,336 [WARN] PackLoader:240 - Cannot read IP mode file for STMicroelectronics.X-CUBE-TOUCHGFX.4.23.2
2024-05-05 16:22:38,370 [WARN] PackLoader:240 - Cannot read IP mode file for STMicroelectronics.X-CUBE-AZRTOS-F7.1.1.0
2024-05-05 16:22:38,387 [WARN] PackLoader:240 - Cannot read IP mode file for STMicroelectronics.FP-SNS-MOTENV1.4.3.2
2024-05-05 16:22:38,401 [WARN] PackLoader:240 - Cannot read IP mode file for STMicroelectronics.FP-SNS-FLIGHT1.5.0.2
2024-05-05 16:22:38,416 [WARN] PackLoader:240 - Cannot read IP mode file for STMicroelectronics.X-CUBE-DISPLAY.3.0.0
2024-05-05 16:22:38,436 [WARN] PackLoader:240 - Cannot read IP mode file for STMicroelectronics.X-CUBE-BLE1.7.0.0
2024-05-05 16:22:38,452 [WARN] PackLoader:240 - Cannot read IP mode file for emotas.I-CUBE-CANOPEN.1.3.0
2024-05-05 16:22:38,467 [WARN] PackLoader:240 - Cannot read IP mode file for STMicroelectronics.X-CUBE-TOUCHGFX.4.22.1
2024-05-05 16:22:38,484 [WARN] PackLoader:240 - Cannot read IP mode file for STMicroelectronics.X-CUBE-BLEMGR.3.1.0
2024-05-05 16:22:38,499 [WARN] PackLoader:240 - Cannot read IP mode file for STMicroelectronics.FP-SNS-SMARTAG2.1.2.0
2024-05-05 16:22:38,519 [INFO] LogOutputStream:77 - [STDOUT_REDIRECT] 1 : Invalid condition id : UX_CORESTACK_Condition cause : null
2024-05-05 16:22:38,519 [INFO] LogOutputStream:77 - [STDOUT_REDIRECT] 1 : Invalid condition id : UX_CORESTACK_Condition cause : null
2024-05-05 16:22:38,521 [INFO] LogOutputStream:77 - [STDOUT_REDIRECT] 1 : Invalid condition id : UX_CORESTACK_Condition cause : null
2024-05-05 16:22:38,522 [INFO] LogOutputStream:77 - [STDOUT_REDIRECT] 1 : Invalid condition id : UX_CORESTACK_Condition cause : null
2024-05-05 16:22:38,522 [INFO] LogOutputStream:77 - [STDOUT_REDIRECT] 1 : Invalid condition id : UX_CORESTACK_Condition cause : null
2024-05-05 16:22:38,526 [WARN] PackLoader:240 - Cannot read IP mode file for STMicroelectronics.X-CUBE-AZRTOS-WL.2.0.0
2024-05-05 16:22:38,538 [WARN] PackLoader:240 - Cannot read IP mode file for STMicroelectronics.FP-SNS-MOTENV1.5.0.0
2024-05-05 16:22:38,555 [WARN] PackLoader:240 - Cannot read IP mode file for WES.I-CUBE-Cesium.1.3.0
2024-05-05 16:22:38,567 [WARN] PackLoader:240 - Cannot read IP mode file for STMicroelectronics.X-CUBE-BLE2.3.3.0
2024-05-05 16:22:38,580 [WARN] PackLoader:240 - Cannot read IP mode file for STMicroelectronics.X-CUBE-TCPP.4.1.0
2024-05-05 16:22:38,594 [WARN] PackLoader:240 - Cannot read IP mode file for STMicroelectronics.X-CUBE-ALGOBUILD.1.3.0
2024-05-05 16:22:38,623 [WARN] PackLoader:240 - Cannot read IP mode file for STMicroelectronics.X-CUBE-AZRTOS-G0.1.1.0
2024-05-05 16:22:38,637 [WARN] PackLoader:240 - Cannot read IP mode file for STMicroelectronics.X-CUBE-SAFEA1.1.2.2
2024-05-05 16:22:38,649 [WARN] PackLoader:240 - Cannot read IP mode file for STMicroelectronics.X-CUBE-NFC4.3.0.0
2024-05-05 16:22:38,673 [WARN] PackLoader:240 - Cannot read IP mode file for STMicroelectronics.X-CUBE-BLEMGR.3.0.0
2024-05-05 16:22:38,686 [WARN] PackLoader:240 - Cannot read IP mode file for STMicroelectronics.FP-ATR-SIGFOX1.3.2.0
2024-05-05 16:22:38,698 [WARN] PackLoader:240 - Cannot read IP mode file for STMicroelectronics.X-CUBE-EEPRMA1.5.1.0
2024-05-05 16:22:38,730 [WARN] PackLoader:240 - Cannot read IP mode file for SEGGER.I-CUBE-embOS.1.3.1
2024-05-05 16:22:38,765 [WARN] PackLoader:240 - Cannot read IP mode file for STMicroelectronics.X-CUBE-GNSS1.6.0.0
2024-05-05 16:22:38,787 [WARN] PackLoader:240 - Cannot read IP mode file for STMicroelectronics.X-CUBE-AZRTOS-F4.1.1.0
2024-05-05 16:22:38,806 [WARN] PackLoader:240 - Cannot read IP mode file for wolfSSL.I-CUBE-wolfSSL.5.6.3
2024-05-05 16:22:38,821 [WARN] PackLoader:240 - Cannot read IP mode file for STMicroelectronics.X-CUBE-FREERTOS.1.2.0
2024-05-05 16:22:38,831 [WARN] PackLoader:240 - Cannot read IP mode file for wolfSSL.I-CUBE-wolfSSL.5.6.6
2024-05-05 16:22:38,855 [WARN] PackLoader:240 - Cannot read IP mode file for STMicroelectronics.X-CUBE-AZRTOS-L5.2.0.0
2024-05-05 16:22:38,911 [WARN] PackLoader:240 - Cannot read IP mode file for STMicroelectronics.X-CUBE-MEMS1.9.6.0
2024-05-05 16:22:39,053 [WARN] PackLoader:240 - Cannot read IP mode file for STMicroelectronics.X-CUBE-EEPRMA1.4.2.0
2024-05-05 16:22:39,067 [WARN] PackLoader:240 - Cannot read IP mode file for STMicroelectronics.X-CUBE-NFC6.3.1.0
2024-05-05 16:22:39,082 [WARN] PackLoader:240 - Cannot read IP mode file for ITTIA_DB.I-CUBE-ITTIADB.8.8.0
2024-05-05 16:22:39,145 [WARN] PackLoader:240 - Cannot read IP mode file for STMicroelectronics.X-CUBE-BLEMGR.2.0.0
2024-05-05 16:22:39,159 [WARN] PackLoader:240 - Cannot read IP mode file for STMicroelectronics.X-CUBE-AI.9.0.0
2024-05-05 16:22:39,187 [WARN] ConditionMgr:438 - getConditionDescription Invalid condition id : UX DEVICE CLASS RTOS Condition cause : null
2024-05-05 16:22:39,187 [WARN] ConditionMgr:438 - getConditionDescription Invalid condition id : UX DEVICE CLASS RTOS Condition cause : null
2024-05-05 16:22:39,188 [WARN] PackLoader:240 - Cannot read IP mode file for STMicroelectronics.X-CUBE-AZRTOS-H7.3.1.0
2024-05-05 16:22:39,189 [WARN] ConditionMgr:1039 - genDependencies : Invalid condition id : UX DEVICE CLASS RTOS Condition cause : null
2024-05-05 16:22:39,190 [WARN] ConditionMgr:1039 - genDependencies : Invalid condition id : UX DEVICE CLASS RTOS Condition cause : null
2024-05-05 16:22:39,190 [WARN] ConditionMgr:1039 - genDependencies : Invalid condition id : UX DEVICE CLASS RTOS Condition cause : null
2024-05-05 16:22:39,191 [WARN] ConditionMgr:1039 - genDependencies : Invalid condition id : UX DEVICE CLASS RTOS Condition cause : null
2024-05-05 16:22:39,191 [WARN] ConditionMgr:1039 - genDependencies : Invalid condition id : UX DEVICE CLASS RTOS Condition cause : null
2024-05-05 16:22:39,207 [WARN] PackLoader:240 - Cannot read IP mode file for STMicroelectronics.X-CUBE-NFC7.1.0.1
2024-05-05 16:22:39,219 [WARN] PackLoader:240 - Cannot read IP mode file for STMicroelectronics.X-CUBE-NFC6.3.0.0
2024-05-05 16:22:39,235 [WARN] PackLoader:240 - Cannot read IP mode file for STMicroelectronics.X-CUBE-EEPRMA1.4.1.0
2024-05-05 16:22:39,247 [WARN] PackLoader:240 - Cannot read IP mode file for STMicroelectronics.X-CUBE-AI.8.1.0
2024-05-05 16:22:39,271 [WARN] ConditionMgr:438 - getConditionDescription Invalid condition id : LAN8742 Phy interface Condition cause : null
2024-05-05 16:22:39,272 [WARN] PackLoader:240 - Cannot read IP mode file for STMicroelectronics.X-CUBE-AZRTOS-L4.2.0.0
2024-05-05 16:22:39,273 [WARN] ConditionMgr:1039 - genDependencies : Invalid condition id : LAN8742 Phy interface Condition cause : null
2024-05-05 16:22:39,273 [WARN] ConditionMgr:1039 - genDependencies : Invalid condition id : LAN8742 Phy interface Condition cause : null
2024-05-05 16:22:39,274 [WARN] ConditionMgr:1039 - genDependencies : Invalid condition id : LAN8742 Phy interface Condition cause : null
2024-05-05 16:22:39,332 [WARN] PackLoader:240 - Cannot read IP mode file for STMicroelectronics.X-CUBE-SFXS2LP1.4.0.0
2024-05-05 16:22:39,346 [WARN] PackLoader:240 - Cannot read IP mode file for STMicroelectronics.X-CUBE-ISPU.1.1.0
2024-05-05 16:22:39,368 [WARN] ConditionMgr:438 - getConditionDescription Invalid condition id : UX DEVICE CLASS RTOS Condition cause : null
2024-05-05 16:22:39,369 [WARN] ConditionMgr:438 - getConditionDescription Invalid condition id : UX DEVICE CLASS RTOS Condition cause : null
2024-05-05 16:22:39,370 [WARN] PackLoader:240 - Cannot read IP mode file for STMicroelectronics.X-CUBE-AZRTOS-WB.2.0.0
2024-05-05 16:22:39,371 [WARN] ConditionMgr:1039 - genDependencies : Invalid condition id : UX DEVICE CLASS RTOS Condition cause : null
2024-05-05 16:22:39,371 [WARN] ConditionMgr:1039 - genDependencies : Invalid condition id : UX DEVICE CLASS RTOS Condition cause : null
2024-05-05 16:22:39,371 [WARN] ConditionMgr:1039 - genDependencies : Invalid condition id : UX DEVICE CLASS RTOS Condition cause : null
2024-05-05 16:22:39,371 [WARN] ConditionMgr:1039 - genDependencies : Invalid condition id : UX DEVICE CLASS RTOS Condition cause : null
2024-05-05 16:22:39,371 [WARN] ConditionMgr:1039 - genDependencies : Invalid condition id : UX DEVICE CLASS RTOS Condition cause : null
2024-05-05 16:22:39,387 [WARN] PackLoader:240 - Cannot read IP mode file for STMicroelectronics.X-CUBE-SUBG2.5.0.0
2024-05-05 16:22:39,407 [WARN] PackLoader:240 - Cannot read IP mode file for STMicroelectronics.X-CUBE-TOF1.3.3.1
2024-05-05 16:22:39,436 [WARN] PackLoader:240 - Cannot read IP mode file for STMicroelectronics.X-CUBE-AZRTOS-G4.2.0.0
2024-05-05 16:22:39,458 [WARN] PackLoader:240 - Cannot read IP mode file for Infineon.AIROC-Wi-Fi-Bluetooth-STM32.1.5.1
2024-05-05 16:22:39,471 [WARN] PackLoader:240 - Cannot read IP mode file for STMicroelectronics.FP-SNS-MOTENVWB1.1.3.0
2024-05-05 16:22:39,484 [WARN] PackLoader:240 - Cannot read IP mode file for STMicroelectronics.FP-SNS-MOTENVWB1.1.3.1
2024-05-05 16:22:39,495 [WARN] PackLoader:240 - Cannot read IP mode file for STMicroelectronics.X-CUBE-ISPU.2.0.0
2024-05-05 16:22:39,527 [WARN] PackLoader:240 - Cannot read IP mode file for STMicroelectronics.X-CUBE-MEMS1.10.0.0
2024-05-05 16:22:39,628 [WARN] PackLoader:240 - Cannot read IP mode file for STMicroelectronics.X-CUBE-FREERTOS.1.1.0
2024-05-05 16:22:39,642 [WARN] PackLoader:240 - Cannot read IP mode file for portGmbH.I-Cube-SoM-uGOAL.1.1.0
2024-05-05 16:22:39,653 [WARN] PackLoader:240 - Cannot read IP mode file for STMicroelectronics.X-CUBE-ALS.1.0.1
2024-05-05 16:22:39,679 [WARN] PackLoader:240 - Cannot read IP mode file for STMicroelectronics.X-CUBE-AZRTOS-H7RS.1.0.0
2024-05-05 16:22:39,691 [WARN] PackLoader:240 - Cannot read IP mode file for STMicroelectronics.FP-ATR-ASTRA1.2.0.0
2024-05-05 16:22:39,708 [WARN] PackLoader:240 - Cannot read IP mode file for STMicroelectronics.X-CUBE-TOF1.3.4.0
2024-05-05 16:22:39,732 [WARN] PackLoader:240 - Cannot read IP mode file for STMicroelectronics.X-CUBE-TOF1.3.4.1
2024-05-05 16:22:39,765 [WARN] PackLoader:240 - Cannot read IP mode file for STMicroelectronics.X-CUBE-AZRTOS-H7.3.2.0
2024-05-05 16:22:39,767 [INFO] ThirdParty:978 - Integrity check success = true
2024-05-05 16:22:39,768 [INFO] IntegrityCheckThread:100 - exiting critical section [integrity check]
2024-05-05 16:22:39,768 [INFO] IntegrityCheckThread:103 - End integrity checks thread
2024-05-05 16:22:41,595 [INFO] WebApp:161 - Instantiating new browser for Auth
2024-05-05 16:22:42,300 [INFO] WebApp:780 - Register for checkConnection events
2024-05-05 16:22:42,301 [INFO] WebApp:414 - Apply proxy settings
2024-05-05 16:22:42,301 [INFO] WebApp:499 - Chromium requires no authentication
2024-05-05 16:22:42,308 [INFO] WebApp:442 - Direct internet connection detected
2024-05-05 16:22:42,460 [INFO] WebApp:192 - Starting web application
2024-05-05 16:22:42,460 [INFO] WebApp:544 - Web application path used C:\ST\STM32CubeIDE_1.13.2\STM32CubeIDE\plugins\com.st.stm32cube.common.mx_6.10.0.202311202037\db\plugins\mcufinder\reactClient1\index.html
2024-05-05 16:23:03,328 [ERROR] LogOutputStream:75 - [STDERR_REDIRECT] SLF4J: Failed to load class "org.slf4j.impl.StaticLoggerBinder".
2024-05-05 16:23:03,329 [ERROR] LogOutputStream:75 - [STDERR_REDIRECT] SLF4J: Defaulting to no-operation (NOP) logger implementation
2024-05-05 16:23:03,330 [ERROR] LogOutputStream:75 - [STDERR_REDIRECT] SLF4J: See http://www.slf4j.org/codes.html#StaticLoggerBinder for further details.
