2024-05-22 17:20:59,345 [INFO] Activator:176 - 


2024-05-22 17:20:59,351 [INFO] Activator:177 - !SESSION log4j initialized
2024-05-22 17:21:06,781 [INFO] LogOutputStream:77 - [STDOUT_REDIRECT] 
2024-05-22 17:21:07,792 [INFO] ApplicationProperties:184 - Using Application install path: C:\ST\STM32CubeIDE_1.13.2\STM32CubeIDE\plugins\com.st.stm32cube.common.mx_6.10.0.202311202037
2024-05-22 17:21:07,808 [INFO] DbMcusXml:78 - Set database path to: C:\ST\STM32CubeIDE_1.13.2\STM32CubeIDE\plugins\com.st.stm32cube.common.mx_6.10.0.202311202037\\db\/mcu/
2024-05-22 17:21:07,808 [INFO] ApiDb:274 - Set plugin database path to: C:\ST\STM32CubeIDE_1.13.2\STM32CubeIDE\plugins\com.st.stm32cube.common.mx_6.10.0.202311202037\\db\/plugins/boardmanager/
2024-05-22 17:21:07,809 [WARN] ApiDb:259 - Overriding images path with different value:  => C:\ST\STM32CubeIDE_1.13.2\STM32CubeIDE\plugins\com.st.stm32cube.common.mx_6.10.0.202311202037\\db\/plugins/mcufinder/images/
2024-05-22 17:21:07,821 [INFO] ApiDb:250 - Set database path to: C:\Users\emper\.stmcufinder\plugins\mcufinder//mcu/
2024-05-22 17:21:07,823 [INFO] DbMcusAds:125 - Set database path to: C:\Users\emper\.stmcufinder\plugins\mcufinder//mcu/
2024-05-22 17:21:07,824 [INFO] CrossReferenceDbSqlite:203 - Set database path to: C:\Users\emper\.stmcufinder\plugins\mcufinder//mcu/cs/
2024-05-22 17:21:07,920 [INFO] RulesReader:64 - Compatibility file has been processed (297 Rules)
2024-05-22 17:21:08,010 [INFO] DbMcusXml:78 - Set database path to: C:\ST\STM32CubeIDE_1.13.2\STM32CubeIDE\plugins\com.st.stm32cube.common.mx_6.10.0.202311202037\\db\/mcu/
2024-05-22 17:21:08,010 [INFO] ApiDb:274 - Set plugin database path to: C:\ST\STM32CubeIDE_1.13.2\STM32CubeIDE\plugins\com.st.stm32cube.common.mx_6.10.0.202311202037\\db\/plugins/boardmanager/
2024-05-22 17:21:08,011 [INFO] ApiDb:261 - Set plugin images path to: C:\ST\STM32CubeIDE_1.13.2\STM32CubeIDE\plugins\com.st.stm32cube.common.mx_6.10.0.202311202037\\db\/plugins/mcufinder/images/
2024-05-22 17:21:08,011 [WARN] DbFile:41 - Overriding database path with different value: C:\Users\emper\.stmcufinder\plugins\mcufinder/ => C:\Users\emper\.stmcufinder\plugins\mcufinder
2024-05-22 17:21:08,011 [INFO] ApiDb:250 - Set database path to: C:\Users\emper\.stmcufinder\plugins\mcufinder//mcu/
2024-05-22 17:21:08,011 [WARN] DbFile:41 - Overriding database path with different value: C:\Users\emper\.stmcufinder\plugins\mcufinder/ => C:\Users\emper\.stmcufinder\plugins\mcufinder
2024-05-22 17:21:08,011 [INFO] DbMcusAds:125 - Set database path to: C:\Users\emper\.stmcufinder\plugins\mcufinder//mcu/
2024-05-22 17:21:08,011 [WARN] DbFile:41 - Overriding database path with different value: C:\Users\emper\.stmcufinder\plugins\mcufinder/ => C:\Users\emper\.stmcufinder\plugins\mcufinder
2024-05-22 17:21:08,011 [WARN] DbFile:41 - Overriding database path with different value: C:\Users\emper\.stmcufinder\plugins\mcufinder/ => C:\Users\emper\.stmcufinder\plugins\mcufinder
2024-05-22 17:21:08,011 [INFO] CrossReferenceDbSqlite:203 - Set database path to: C:\Users\emper\.stmcufinder\plugins\mcufinder//mcu/cs/
2024-05-22 17:21:08,095 [INFO] MainPanel:264 - HeapMemory: 268435456
2024-05-22 17:21:08,199 [INFO] DbMcusXml:78 - Set database path to: C:\ST\STM32CubeIDE_1.13.2\STM32CubeIDE\plugins\com.st.stm32cube.common.mx_6.10.0.202311202037\\db\/mcu/
2024-05-22 17:21:08,199 [INFO] ApiDb:274 - Set plugin database path to: C:\ST\STM32CubeIDE_1.13.2\STM32CubeIDE\plugins\com.st.stm32cube.common.mx_6.10.0.202311202037\\db\/plugins/boardmanager/
2024-05-22 17:21:08,199 [INFO] ApiDb:261 - Set plugin images path to: C:\ST\STM32CubeIDE_1.13.2\STM32CubeIDE\plugins\com.st.stm32cube.common.mx_6.10.0.202311202037\\db\/plugins/mcufinder/images/
2024-05-22 17:21:08,199 [WARN] DbFile:41 - Overriding database path with different value: C:\Users\emper\.stmcufinder\plugins\mcufinder/ => C:\Users\emper\.stmcufinder\plugins\mcufinder
2024-05-22 17:21:08,199 [INFO] ApiDb:250 - Set database path to: C:\Users\emper\.stmcufinder\plugins\mcufinder//mcu/
2024-05-22 17:21:08,200 [WARN] DbFile:41 - Overriding database path with different value: C:\Users\emper\.stmcufinder\plugins\mcufinder/ => C:\Users\emper\.stmcufinder\plugins\mcufinder
2024-05-22 17:21:08,200 [INFO] DbMcusAds:125 - Set database path to: C:\Users\emper\.stmcufinder\plugins\mcufinder//mcu/
2024-05-22 17:21:08,200 [WARN] DbFile:41 - Overriding database path with different value: C:\Users\emper\.stmcufinder\plugins\mcufinder/ => C:\Users\emper\.stmcufinder\plugins\mcufinder
2024-05-22 17:21:08,200 [WARN] DbFile:41 - Overriding database path with different value: C:\Users\emper\.stmcufinder\plugins\mcufinder/ => C:\Users\emper\.stmcufinder\plugins\mcufinder
2024-05-22 17:21:08,200 [INFO] CrossReferenceDbSqlite:203 - Set database path to: C:\Users\emper\.stmcufinder\plugins\mcufinder//mcu/cs/
2024-05-22 17:21:08,226 [INFO] ApplicationProperties:184 - Using Application install path: C:\ST\STM32CubeIDE_1.13.2\STM32CubeIDE\plugins\com.st.stm32cube.common.mx_6.10.0.202311202037
2024-05-22 17:21:08,228 [INFO] PluginManage:196 - Search for loadable plugins [exclusion list=, ]
2024-05-22 17:21:08,231 [INFO] PluginManage:310 - Check plugin analytics
2024-05-22 17:21:08,493 [INFO] AnalyticsPlugin:253 - Accepted Software Licenses: 
2024-05-22 17:21:08,494 [INFO] AnalyticsPlugin:255 - Accepted CMSIS Pack Licenses: ARM.CMSIS-DSP.1.15.0,ARM.CMSIS.6.0.0
2024-05-22 17:21:08,494 [INFO] AnalyticsPlugin:257 - Accepted Firmware Licenses: FW.G4.1.5.0
2024-05-22 17:21:08,497 [INFO] PluginManage:359 - Loaded plugin analytics (category:tool,tabindex:-1)
2024-05-22 17:21:08,497 [INFO] PluginManage:310 - Check plugin cadmodel
2024-05-22 17:21:08,512 [INFO] CADModel:105 - Init CAD model plugin
2024-05-22 17:21:08,514 [INFO] PluginManage:359 - Loaded plugin cadmodel (category:power,tabindex:5)
2024-05-22 17:21:08,514 [INFO] PluginManage:310 - Check plugin clock
2024-05-22 17:21:08,537 [INFO] PluginManage:359 - Loaded plugin clock (category:base,tabindex:2)
2024-05-22 17:21:08,538 [INFO] PluginManage:310 - Check plugin ddr
2024-05-22 17:21:08,541 [INFO] PluginManage:359 - Loaded plugin ddr (category:tool,tabindex:6)
2024-05-22 17:21:08,541 [INFO] PluginManage:310 - Check plugin filemanager
2024-05-22 17:21:08,694 [INFO] PluginManage:359 - Loaded plugin filemanager (category:base,tabindex:10)
2024-05-22 17:21:08,694 [INFO] PluginManage:310 - Check plugin ipmanager
2024-05-22 17:21:08,703 [INFO] PluginManage:359 - Loaded plugin ipmanager (category:base,tabindex:5)
2024-05-22 17:21:08,704 [INFO] PluginManage:310 - Check plugin lpbam
2024-05-22 17:21:08,723 [INFO] PluginManage:359 - Loaded plugin lpbam (category:base,tabindex:0)
2024-05-22 17:21:08,723 [INFO] PluginManage:310 - Check plugin memorymap
2024-05-22 17:21:08,752 [INFO] PluginManage:359 - Loaded plugin memorymap (category:base,tabindex:4)
2024-05-22 17:21:08,752 [INFO] PluginManage:310 - Check plugin pinoutandconfiguration
2024-05-22 17:21:08,772 [INFO] PluginManage:359 - Loaded plugin pinoutandconfiguration (category:base,tabindex:1)
2024-05-22 17:21:08,772 [INFO] PluginManage:310 - Check plugin pinoutconfig
2024-05-22 17:21:08,878 [WARN] SupportedApi:132 - Cannot load RTOS API schema: s4s-elt-must-match.1: The content of 'definitions' must match (annotation?, (simpleType | complexType)?, (unique | key | keyref)*)). A problem was found starting at: attribute.
2024-05-22 17:21:09,008 [INFO] PluginManage:359 - Loaded plugin pinoutconfig (category:base,tabindex:0)
2024-05-22 17:21:09,008 [INFO] PluginManage:310 - Check plugin power
2024-05-22 17:21:09,028 [INFO] PluginManage:359 - Loaded plugin power (category:power,tabindex:4)
2024-05-22 17:21:09,028 [INFO] PluginManage:310 - Check plugin projectmanager
2024-05-22 17:21:09,043 [INFO] PluginManage:359 - Loaded plugin projectmanager (category:projectmanager,tabindex:3)
2024-05-22 17:21:09,043 [INFO] PluginManage:310 - Check plugin thirdparty
2024-05-22 17:21:09,301 [INFO] PluginManage:359 - Loaded plugin thirdparty (category:base,tabindex:-1)
2024-05-22 17:21:09,302 [WARN] IntegrityCheckThread:84 - waiting for thirdparty lock release [integrity check]
2024-05-22 17:21:09,302 [INFO] PluginManage:310 - Check plugin tools
2024-05-22 17:21:09,302 [INFO] IntegrityCheckThread:86 - entering critical section [integrity check]
2024-05-22 17:21:09,302 [INFO] ThirdPartyUpdaterWithRetryManager:70 - Updater plugin not ready yet. [1/15]
2024-05-22 17:21:09,334 [INFO] PluginManage:359 - Loaded plugin tools (category:base,tabindex:7)
2024-05-22 17:21:09,334 [INFO] PluginManage:310 - Check plugin tutovideos
2024-05-22 17:21:09,512 [INFO] PluginManage:359 - Loaded plugin tutovideos (category:base,tabindex:-1)
2024-05-22 17:21:09,512 [INFO] PluginManage:310 - Check plugin updater
2024-05-22 17:21:09,525 [INFO] PluginManage:359 - Loaded plugin updater (category:base,tabindex:12)
2024-05-22 17:21:09,525 [INFO] PluginManage:310 - Check plugin userauth
2024-05-22 17:21:09,532 [INFO] UserAuth:114 - Init User Auth plugin
2024-05-22 17:21:09,532 [INFO] PluginManage:359 - Loaded plugin userauth (category:base,tabindex:14)
2024-05-22 17:21:09,533 [INFO] PluginManage:283 - PluginManage : Loaded plugins [17]
2024-05-22 17:21:09,801 [INFO] PinOutPanel:1499 - setPackage(No Configuration,No Configuration)
2024-05-22 17:21:09,886 [INFO] CADModel:165 - CPN selected for project level
2024-05-22 17:21:09,886 [INFO] CADModel:114 - Register for checkConnection events
2024-05-22 17:21:09,921 [INFO] IPUIPlugin:80 - create IPUIPlugin
2024-05-22 17:21:09,921 [INFO] PluginManager:220 - loadIPPluginJar : add adc
2024-05-22 17:21:09,965 [INFO] IPUIPlugin:80 - create IPUIPlugin
2024-05-22 17:21:09,965 [INFO] PluginManager:220 - loadIPPluginJar : add aes
2024-05-22 17:21:10,017 [INFO] IPUIPlugin:80 - create IPUIPlugin
2024-05-22 17:21:10,018 [INFO] PluginManager:220 - loadIPPluginJar : add can
2024-05-22 17:21:10,048 [INFO] IPUIPlugin:80 - create IPUIPlugin
2024-05-22 17:21:10,049 [INFO] PluginManager:220 - loadIPPluginJar : add comp
2024-05-22 17:21:10,092 [INFO] IPUIPlugin:80 - create IPUIPlugin
2024-05-22 17:21:10,092 [INFO] PluginManager:220 - loadIPPluginJar : add cryp
2024-05-22 17:21:10,130 [INFO] IPUIPlugin:80 - create IPUIPlugin
2024-05-22 17:21:10,130 [INFO] PluginManager:220 - loadIPPluginJar : add dfsdm
2024-05-22 17:21:10,146 [INFO] IPUIPlugin:80 - create IPUIPlugin
2024-05-22 17:21:10,147 [INFO] PluginManager:220 - loadIPPluginJar : add dma
2024-05-22 17:21:10,183 [INFO] IPUIPlugin:80 - create IPUIPlugin
2024-05-22 17:21:10,183 [INFO] PluginManager:220 - loadIPPluginJar : add dma3
2024-05-22 17:21:10,205 [INFO] IPUIPlugin:80 - create IPUIPlugin
2024-05-22 17:21:10,205 [INFO] PluginManager:220 - loadIPPluginJar : add fatfs
2024-05-22 17:21:10,254 [INFO] IPUIPlugin:80 - create IPUIPlugin
2024-05-22 17:21:10,254 [INFO] PluginManager:220 - loadIPPluginJar : add fmc
2024-05-22 17:21:10,269 [INFO] IPUIPlugin:80 - create IPUIPlugin
2024-05-22 17:21:10,269 [INFO] PluginManager:220 - loadIPPluginJar : add freertos
2024-05-22 17:21:10,286 [INFO] IPUIPlugin:80 - create IPUIPlugin
2024-05-22 17:21:10,286 [INFO] PluginManager:220 - loadIPPluginJar : add genericplugin
2024-05-22 17:21:10,391 [INFO] IPUIPlugin:80 - create IPUIPlugin
2024-05-22 17:21:10,391 [INFO] PluginManager:220 - loadIPPluginJar : add gfxmmu
2024-05-22 17:21:10,497 [INFO] IPUIPlugin:80 - create IPUIPlugin
2024-05-22 17:21:10,497 [INFO] PluginManager:220 - loadIPPluginJar : add gic
2024-05-22 17:21:10,509 [INFO] IPUIPlugin:80 - create IPUIPlugin
2024-05-22 17:21:10,509 [INFO] PluginManager:220 - loadIPPluginJar : add gpio
2024-05-22 17:21:10,582 [INFO] IPUIPlugin:80 - create IPUIPlugin
2024-05-22 17:21:10,582 [INFO] PluginManager:220 - loadIPPluginJar : add gtzc
2024-05-22 17:21:10,613 [INFO] IPUIPlugin:80 - create IPUIPlugin
2024-05-22 17:21:10,613 [INFO] PluginManager:220 - loadIPPluginJar : add hash
2024-05-22 17:21:10,658 [INFO] IPUIPlugin:80 - create IPUIPlugin
2024-05-22 17:21:10,658 [INFO] PluginManager:220 - loadIPPluginJar : add i2c
2024-05-22 17:21:10,694 [INFO] IPUIPlugin:80 - create IPUIPlugin
2024-05-22 17:21:10,694 [INFO] PluginManager:220 - loadIPPluginJar : add i2s
2024-05-22 17:21:10,733 [INFO] IPUIPlugin:80 - create IPUIPlugin
2024-05-22 17:21:10,733 [INFO] PluginManager:220 - loadIPPluginJar : add i3c
2024-05-22 17:21:10,827 [INFO] IPUIPlugin:80 - create IPUIPlugin
2024-05-22 17:21:10,827 [INFO] PluginManager:220 - loadIPPluginJar : add ipddr
2024-05-22 17:21:10,920 [INFO] IPUIPlugin:80 - create IPUIPlugin
2024-05-22 17:21:10,922 [INFO] PluginManager:220 - loadIPPluginJar : add linkedlist
2024-05-22 17:21:10,956 [INFO] IPUIPlugin:80 - create IPUIPlugin
2024-05-22 17:21:10,956 [INFO] PluginManager:220 - loadIPPluginJar : add lorawan
2024-05-22 17:21:10,984 [INFO] IPUIPlugin:80 - create IPUIPlugin
2024-05-22 17:21:10,984 [INFO] PluginManager:220 - loadIPPluginJar : add ltdc
2024-05-22 17:21:10,996 [INFO] IPUIPlugin:80 - create IPUIPlugin
2024-05-22 17:21:10,996 [INFO] PluginManager:220 - loadIPPluginJar : add mdma
2024-05-22 17:21:11,007 [INFO] IPUIPlugin:80 - create IPUIPlugin
2024-05-22 17:21:11,007 [INFO] PluginManager:220 - loadIPPluginJar : add nvic
2024-05-22 17:21:11,039 [INFO] IPUIPlugin:80 - create IPUIPlugin
2024-05-22 17:21:11,039 [INFO] PluginManager:220 - loadIPPluginJar : add opamp
2024-05-22 17:21:11,089 [INFO] IPUIPlugin:80 - create IPUIPlugin
2024-05-22 17:21:11,089 [INFO] PluginManager:220 - loadIPPluginJar : add openamp
2024-05-22 17:21:11,124 [INFO] IPUIPlugin:80 - create IPUIPlugin
2024-05-22 17:21:11,124 [INFO] PluginManager:220 - loadIPPluginJar : add pdm2pcm
2024-05-22 17:21:11,139 [INFO] IPUIPlugin:80 - create IPUIPlugin
2024-05-22 17:21:11,141 [INFO] PluginManager:220 - loadIPPluginJar : add plateformsettings
2024-05-22 17:21:11,159 [INFO] IPUIPlugin:80 - create IPUIPlugin
2024-05-22 17:21:11,160 [INFO] PluginManager:220 - loadIPPluginJar : add quadspi
2024-05-22 17:21:11,171 [INFO] IPUIPlugin:80 - create IPUIPlugin
2024-05-22 17:21:11,172 [INFO] PluginManager:220 - loadIPPluginJar : add resmgrutility
2024-05-22 17:21:11,213 [INFO] IPUIPlugin:80 - create IPUIPlugin
2024-05-22 17:21:11,213 [INFO] PluginManager:220 - loadIPPluginJar : add sai
2024-05-22 17:21:11,258 [INFO] IPUIPlugin:80 - create IPUIPlugin
2024-05-22 17:21:11,258 [INFO] PluginManager:220 - loadIPPluginJar : add spi
2024-05-22 17:21:11,320 [INFO] IPUIPlugin:80 - create IPUIPlugin
2024-05-22 17:21:11,320 [INFO] PluginManager:220 - loadIPPluginJar : add stm32_wpan
2024-05-22 17:21:11,342 [INFO] IPUIPlugin:80 - create IPUIPlugin
2024-05-22 17:21:11,342 [INFO] PluginManager:220 - loadIPPluginJar : add tim
2024-05-22 17:21:11,408 [INFO] IPUIPlugin:80 - create IPUIPlugin
2024-05-22 17:21:11,408 [INFO] PluginManager:220 - loadIPPluginJar : add touchsensing
2024-05-22 17:21:11,432 [INFO] IPUIPlugin:80 - create IPUIPlugin
2024-05-22 17:21:11,432 [INFO] PluginManager:220 - loadIPPluginJar : add tracer_emb
2024-05-22 17:21:11,457 [INFO] IPUIPlugin:80 - create IPUIPlugin
2024-05-22 17:21:11,457 [INFO] PluginManager:220 - loadIPPluginJar : add ts
2024-05-22 17:21:11,485 [INFO] IPUIPlugin:80 - create IPUIPlugin
2024-05-22 17:21:11,485 [INFO] PluginManager:220 - loadIPPluginJar : add tsc
2024-05-22 17:21:11,513 [INFO] IPUIPlugin:80 - create IPUIPlugin
2024-05-22 17:21:11,513 [INFO] PluginManager:220 - loadIPPluginJar : add ucpd
2024-05-22 17:21:11,571 [INFO] IPUIPlugin:80 - create IPUIPlugin
2024-05-22 17:21:11,571 [INFO] PluginManager:220 - loadIPPluginJar : add usart
2024-05-22 17:21:11,615 [INFO] IPUIPlugin:80 - create IPUIPlugin
2024-05-22 17:21:11,615 [INFO] PluginManager:220 - loadIPPluginJar : add usbx
2024-05-22 17:21:11,762 [INFO] CADModel:165 - CPN selected for project level
2024-05-22 17:21:11,762 [INFO] CADModel:114 - Register for checkConnection events
2024-05-22 17:21:11,762 [FATAL] Updater:308 - Updater called before beeing initialized
2024-05-22 17:21:11,763 [ERROR] CADModel:125 - Updater not yet initialized, retry later 
2024-05-22 17:21:11,913 [INFO] CADModel:165 - CPN selected for project level
2024-05-22 17:21:11,913 [INFO] CADModel:114 - Register for checkConnection events
2024-05-22 17:21:11,913 [FATAL] Updater:308 - Updater called before beeing initialized
2024-05-22 17:21:11,913 [ERROR] CADModel:125 - Updater not yet initialized, retry later 
2024-05-22 17:21:11,916 [FATAL] Updater:308 - Updater called before beeing initialized
2024-05-22 17:21:12,014 [FATAL] Updater:308 - Updater called before beeing initialized
2024-05-22 17:21:12,024 [INFO] DbMcusAds:53 - JSON generation date=Thu May 02 15:37:29 ICT 2024 (1714639049318)
2024-05-22 17:21:12,025 [FATAL] Updater:308 - Updater called before beeing initialized
2024-05-22 17:21:12,110 [WARN] DetailPanel:346 - Failed to get advertising image, set to default
2024-05-22 17:21:12,204 [FATAL] Updater:308 - Updater called before beeing initialized
2024-05-22 17:21:12,206 [FATAL] Updater:308 - Updater called before beeing initialized
2024-05-22 17:21:12,206 [FATAL] Updater:308 - Updater called before beeing initialized
2024-05-22 17:21:12,206 [WARN] DetailPanel:346 - Failed to get advertising image, set to default
2024-05-22 17:21:12,208 [FATAL] Updater:308 - Updater called before beeing initialized
2024-05-22 17:21:12,287 [ERROR] Updater:1120 - MainUpdater not yet initialized. External WinMGr cannot be set.
2024-05-22 17:21:12,296 [INFO] Updater:1056 - Updater Version found : 6.10.0
2024-05-22 17:21:12,303 [INFO] ThirdPartyUpdaterWithRetryManager:70 - Updater plugin not ready yet. [2/15]
2024-05-22 17:21:12,313 [INFO] ApplicationProperties:184 - Using Application install path: C:\ST\STM32CubeIDE_1.13.2\STM32CubeIDE\plugins\com.st.stm32cube.common.mx_6.10.0.202311202037
2024-05-22 17:21:13,889 [ERROR] LogOutputStream:75 - [STDERR_REDIRECT] May 22, 2024 5:21:13 PM java.util.prefs.WindowsPreferences <init>
2024-05-22 17:21:13,890 [ERROR] LogOutputStream:75 - [STDERR_REDIRECT] WARNING: Could not open/create prefs root node Software\JavaSoft\Prefs at root 0xffffffff80000002. Windows RegCreateKeyEx(...) returned error code 5.
2024-05-22 17:21:13,890 [ERROR] LogOutputStream:75 - [STDERR_REDIRECT] 
2024-05-22 17:21:14,879 [INFO] MainUpdater:2873 - connection check result : 10
2024-05-22 17:21:14,879 [INFO] MainUpdater:290 - Updater Check For Update Now.
2024-05-22 17:21:14,879 [INFO] MicroXplorer:498 - Change Database Version : DB.6.0.100
2024-05-22 17:21:14,891 [INFO] McuFinderGlobals:63 - Set McuFinder mode to 2 (CubeIDE integrated)
2024-05-22 17:21:14,903 [INFO] UserAuth:404 - Internet connection configuration mode: 1
2024-05-22 17:21:14,928 [INFO] JxBrowserEngine:152 - Initiate JxBrowser Engine with user profile folder
2024-05-22 17:21:15,069 [INFO] CheckServerUpdateThread:120 - End of CheckServer Thread
2024-05-22 17:21:15,546 [WARN] PackLoader:240 - Cannot read IP mode file for STMicroelectronics.FP-SNS-MOTENVWB1.1.4.0
2024-05-22 17:21:15,560 [WARN] PackLoader:240 - Cannot read IP mode file for STMicroelectronics.X-CUBE-SMBUS.2.1.0
2024-05-22 17:21:15,570 [WARN] PackLoader:240 - Cannot read IP mode file for STMicroelectronics.X-CUBE-TOUCHGFX.4.23.0
2024-05-22 17:21:15,578 [WARN] PackLoader:240 - Cannot read IP mode file for STMicroelectronics.X-CUBE-TOUCHGFX.4.23.2
2024-05-22 17:21:15,608 [WARN] PackLoader:240 - Cannot read IP mode file for STMicroelectronics.X-CUBE-AZRTOS-F7.1.1.0
2024-05-22 17:21:15,626 [WARN] PackLoader:240 - Cannot read IP mode file for STMicroelectronics.FP-SNS-MOTENV1.4.3.2
2024-05-22 17:21:15,639 [WARN] PackLoader:240 - Cannot read IP mode file for STMicroelectronics.FP-SNS-FLIGHT1.5.0.2
2024-05-22 17:21:15,656 [WARN] PackLoader:240 - Cannot read IP mode file for STMicroelectronics.X-CUBE-DISPLAY.3.0.0
2024-05-22 17:21:15,676 [WARN] PackLoader:240 - Cannot read IP mode file for STMicroelectronics.X-CUBE-BLE1.7.0.0
2024-05-22 17:21:15,689 [WARN] PackLoader:240 - Cannot read IP mode file for emotas.I-CUBE-CANOPEN.1.3.0
2024-05-22 17:21:15,702 [WARN] PackLoader:240 - Cannot read IP mode file for STMicroelectronics.X-CUBE-TOUCHGFX.4.22.1
2024-05-22 17:21:15,716 [WARN] PackLoader:240 - Cannot read IP mode file for STMicroelectronics.X-CUBE-BLEMGR.3.1.0
2024-05-22 17:21:15,729 [WARN] PackLoader:240 - Cannot read IP mode file for STMicroelectronics.FP-SNS-SMARTAG2.1.2.0
2024-05-22 17:21:15,746 [INFO] LogOutputStream:77 - [STDOUT_REDIRECT] 1 : Invalid condition id : UX_CORESTACK_Condition cause : null
2024-05-22 17:21:15,746 [INFO] LogOutputStream:77 - [STDOUT_REDIRECT] 1 : Invalid condition id : UX_CORESTACK_Condition cause : null
2024-05-22 17:21:15,747 [INFO] LogOutputStream:77 - [STDOUT_REDIRECT] 1 : Invalid condition id : UX_CORESTACK_Condition cause : null
2024-05-22 17:21:15,747 [INFO] LogOutputStream:77 - [STDOUT_REDIRECT] 1 : Invalid condition id : UX_CORESTACK_Condition cause : null
2024-05-22 17:21:15,749 [INFO] LogOutputStream:77 - [STDOUT_REDIRECT] 1 : Invalid condition id : UX_CORESTACK_Condition cause : null
2024-05-22 17:21:15,750 [WARN] PackLoader:240 - Cannot read IP mode file for STMicroelectronics.X-CUBE-AZRTOS-WL.2.0.0
2024-05-22 17:21:15,767 [WARN] PackLoader:240 - Cannot read IP mode file for STMicroelectronics.FP-SNS-MOTENV1.5.0.0
2024-05-22 17:21:15,788 [WARN] PackLoader:240 - Cannot read IP mode file for WES.I-CUBE-Cesium.1.3.0
2024-05-22 17:21:15,805 [WARN] PackLoader:240 - Cannot read IP mode file for STMicroelectronics.X-CUBE-BLE2.3.3.0
2024-05-22 17:21:15,824 [WARN] PackLoader:240 - Cannot read IP mode file for STMicroelectronics.X-CUBE-TCPP.4.1.0
2024-05-22 17:21:15,843 [WARN] PackLoader:240 - Cannot read IP mode file for STMicroelectronics.X-CUBE-ALGOBUILD.1.3.0
2024-05-22 17:21:15,896 [WARN] PackLoader:240 - Cannot read IP mode file for STMicroelectronics.X-CUBE-AZRTOS-G0.1.1.0
2024-05-22 17:21:15,911 [WARN] PackLoader:240 - Cannot read IP mode file for STMicroelectronics.X-CUBE-SAFEA1.1.2.2
2024-05-22 17:21:15,924 [WARN] PackLoader:240 - Cannot read IP mode file for STMicroelectronics.X-CUBE-NFC4.3.0.0
2024-05-22 17:21:15,940 [WARN] PackLoader:240 - Cannot read IP mode file for STMicroelectronics.X-CUBE-BLEMGR.3.0.0
2024-05-22 17:21:15,954 [WARN] PackLoader:240 - Cannot read IP mode file for STMicroelectronics.FP-ATR-SIGFOX1.3.2.0
2024-05-22 17:21:15,969 [WARN] PackLoader:240 - Cannot read IP mode file for STMicroelectronics.X-CUBE-EEPRMA1.5.1.0
2024-05-22 17:21:16,005 [WARN] PackLoader:240 - Cannot read IP mode file for SEGGER.I-CUBE-embOS.1.3.1
2024-05-22 17:21:16,058 [WARN] PackLoader:240 - Cannot read IP mode file for STMicroelectronics.X-CUBE-ALGOBUILD.1.4.0
2024-05-22 17:21:16,078 [WARN] PackLoader:240 - Cannot read IP mode file for STMicroelectronics.X-CUBE-GNSS1.6.0.0
2024-05-22 17:21:16,107 [WARN] PackLoader:240 - Cannot read IP mode file for STMicroelectronics.X-CUBE-AZRTOS-F4.1.1.0
2024-05-22 17:21:16,124 [WARN] PackLoader:240 - Cannot read IP mode file for wolfSSL.I-CUBE-wolfSSL.5.6.3
2024-05-22 17:21:16,140 [WARN] PackLoader:240 - Cannot read IP mode file for STMicroelectronics.X-CUBE-FREERTOS.1.2.0
2024-05-22 17:21:16,151 [WARN] PackLoader:240 - Cannot read IP mode file for wolfSSL.I-CUBE-wolfSSL.5.6.6
2024-05-22 17:21:16,179 [WARN] PackLoader:240 - Cannot read IP mode file for STMicroelectronics.X-CUBE-AZRTOS-L5.2.0.0
2024-05-22 17:21:16,230 [WARN] PackLoader:240 - Cannot read IP mode file for STMicroelectronics.X-CUBE-MEMS1.9.6.0
2024-05-22 17:21:16,316 [WARN] PackLoader:240 - Cannot read IP mode file for STMicroelectronics.X-CUBE-EEPRMA1.4.2.0
2024-05-22 17:21:16,334 [WARN] PackLoader:240 - Cannot read IP mode file for STMicroelectronics.X-CUBE-NFC6.3.1.0
2024-05-22 17:21:16,348 [WARN] PackLoader:240 - Cannot read IP mode file for ITTIA_DB.I-CUBE-ITTIADB.8.8.0
2024-05-22 17:21:16,411 [WARN] PackLoader:240 - Cannot read IP mode file for STMicroelectronics.X-CUBE-BLEMGR.2.0.0
2024-05-22 17:21:16,425 [WARN] PackLoader:240 - Cannot read IP mode file for STMicroelectronics.X-CUBE-AI.9.0.0
2024-05-22 17:21:16,452 [WARN] ConditionMgr:438 - getConditionDescription Invalid condition id : UX DEVICE CLASS RTOS Condition cause : null
2024-05-22 17:21:16,452 [WARN] ConditionMgr:438 - getConditionDescription Invalid condition id : UX DEVICE CLASS RTOS Condition cause : null
2024-05-22 17:21:16,455 [WARN] PackLoader:240 - Cannot read IP mode file for STMicroelectronics.X-CUBE-AZRTOS-H7.3.1.0
2024-05-22 17:21:16,456 [WARN] ConditionMgr:1039 - genDependencies : Invalid condition id : UX DEVICE CLASS RTOS Condition cause : null
2024-05-22 17:21:16,456 [WARN] ConditionMgr:1039 - genDependencies : Invalid condition id : UX DEVICE CLASS RTOS Condition cause : null
2024-05-22 17:21:16,457 [WARN] ConditionMgr:1039 - genDependencies : Invalid condition id : UX DEVICE CLASS RTOS Condition cause : null
2024-05-22 17:21:16,457 [WARN] ConditionMgr:1039 - genDependencies : Invalid condition id : UX DEVICE CLASS RTOS Condition cause : null
2024-05-22 17:21:16,457 [WARN] ConditionMgr:1039 - genDependencies : Invalid condition id : UX DEVICE CLASS RTOS Condition cause : null
2024-05-22 17:21:16,472 [WARN] PackLoader:240 - Cannot read IP mode file for STMicroelectronics.X-CUBE-NFC7.1.0.1
2024-05-22 17:21:16,485 [WARN] PackLoader:240 - Cannot read IP mode file for STMicroelectronics.X-CUBE-NFC6.3.0.0
2024-05-22 17:21:16,499 [WARN] PackLoader:240 - Cannot read IP mode file for STMicroelectronics.X-CUBE-EEPRMA1.4.1.0
2024-05-22 17:21:16,511 [WARN] PackLoader:240 - Cannot read IP mode file for STMicroelectronics.X-CUBE-AI.8.1.0
2024-05-22 17:21:16,536 [WARN] ConditionMgr:438 - getConditionDescription Invalid condition id : LAN8742 Phy interface Condition cause : null
2024-05-22 17:21:16,537 [WARN] PackLoader:240 - Cannot read IP mode file for STMicroelectronics.X-CUBE-AZRTOS-L4.2.0.0
2024-05-22 17:21:16,538 [WARN] ConditionMgr:1039 - genDependencies : Invalid condition id : LAN8742 Phy interface Condition cause : null
2024-05-22 17:21:16,538 [WARN] ConditionMgr:1039 - genDependencies : Invalid condition id : LAN8742 Phy interface Condition cause : null
2024-05-22 17:21:16,538 [WARN] ConditionMgr:1039 - genDependencies : Invalid condition id : LAN8742 Phy interface Condition cause : null
2024-05-22 17:21:16,611 [WARN] PackLoader:240 - Cannot read IP mode file for STMicroelectronics.X-CUBE-SFXS2LP1.4.0.0
2024-05-22 17:21:16,628 [WARN] PackLoader:240 - Cannot read IP mode file for STMicroelectronics.X-CUBE-ISPU.1.1.0
2024-05-22 17:21:16,660 [WARN] ConditionMgr:438 - getConditionDescription Invalid condition id : UX DEVICE CLASS RTOS Condition cause : null
2024-05-22 17:21:16,661 [WARN] ConditionMgr:438 - getConditionDescription Invalid condition id : UX DEVICE CLASS RTOS Condition cause : null
2024-05-22 17:21:16,662 [WARN] PackLoader:240 - Cannot read IP mode file for STMicroelectronics.X-CUBE-AZRTOS-WB.2.0.0
2024-05-22 17:21:16,663 [WARN] ConditionMgr:1039 - genDependencies : Invalid condition id : UX DEVICE CLASS RTOS Condition cause : null
2024-05-22 17:21:16,663 [WARN] ConditionMgr:1039 - genDependencies : Invalid condition id : UX DEVICE CLASS RTOS Condition cause : null
2024-05-22 17:21:16,664 [WARN] ConditionMgr:1039 - genDependencies : Invalid condition id : UX DEVICE CLASS RTOS Condition cause : null
2024-05-22 17:21:16,664 [WARN] ConditionMgr:1039 - genDependencies : Invalid condition id : UX DEVICE CLASS RTOS Condition cause : null
2024-05-22 17:21:16,664 [WARN] ConditionMgr:1039 - genDependencies : Invalid condition id : UX DEVICE CLASS RTOS Condition cause : null
2024-05-22 17:21:16,690 [WARN] PackLoader:240 - Cannot read IP mode file for STMicroelectronics.X-CUBE-SUBG2.5.0.0
2024-05-22 17:21:16,716 [WARN] PackLoader:240 - Cannot read IP mode file for STMicroelectronics.X-CUBE-TOF1.3.3.1
2024-05-22 17:21:16,749 [WARN] PackLoader:240 - Cannot read IP mode file for STMicroelectronics.X-CUBE-AZRTOS-G4.2.0.0
2024-05-22 17:21:16,776 [WARN] PackLoader:240 - Cannot read IP mode file for Infineon.AIROC-Wi-Fi-Bluetooth-STM32.1.5.1
2024-05-22 17:21:16,795 [WARN] PackLoader:240 - Cannot read IP mode file for STMicroelectronics.FP-SNS-MOTENVWB1.1.3.0
2024-05-22 17:21:16,812 [WARN] PackLoader:240 - Cannot read IP mode file for STMicroelectronics.FP-SNS-MOTENVWB1.1.3.1
2024-05-22 17:21:16,829 [WARN] PackLoader:240 - Cannot read IP mode file for STMicroelectronics.X-CUBE-ISPU.2.0.0
2024-05-22 17:21:16,878 [WARN] PackLoader:240 - Cannot read IP mode file for STMicroelectronics.X-CUBE-MEMS1.10.0.0
2024-05-22 17:21:16,988 [WARN] PackLoader:240 - Cannot read IP mode file for STMicroelectronics.X-CUBE-FREERTOS.1.1.0
2024-05-22 17:21:17,008 [WARN] PackLoader:240 - Cannot read IP mode file for portGmbH.I-Cube-SoM-uGOAL.1.1.0
2024-05-22 17:21:17,027 [WARN] PackLoader:240 - Cannot read IP mode file for STMicroelectronics.X-CUBE-ALS.1.0.1
2024-05-22 17:21:17,058 [WARN] PackLoader:240 - Cannot read IP mode file for STMicroelectronics.X-CUBE-AZRTOS-H7RS.1.0.0
2024-05-22 17:21:17,075 [WARN] PackLoader:240 - Cannot read IP mode file for STMicroelectronics.FP-ATR-ASTRA1.2.0.0
2024-05-22 17:21:17,096 [WARN] PackLoader:240 - Cannot read IP mode file for STMicroelectronics.X-CUBE-TOF1.3.4.0
2024-05-22 17:21:17,119 [WARN] PackLoader:240 - Cannot read IP mode file for STMicroelectronics.X-CUBE-TOF1.3.4.1
2024-05-22 17:21:17,150 [WARN] PackLoader:240 - Cannot read IP mode file for STMicroelectronics.X-CUBE-AZRTOS-H7.3.2.0
2024-05-22 17:21:17,159 [INFO] ThirdParty:978 - Integrity check success = true
2024-05-22 17:21:17,159 [INFO] IntegrityCheckThread:100 - exiting critical section [integrity check]
2024-05-22 17:21:17,159 [INFO] IntegrityCheckThread:103 - End integrity checks thread
2024-05-22 17:21:18,225 [INFO] WebApp:161 - Instantiating new browser for Auth
2024-05-22 17:21:19,058 [INFO] WebApp:780 - Register for checkConnection events
2024-05-22 17:21:19,058 [INFO] WebApp:414 - Apply proxy settings
2024-05-22 17:21:19,059 [INFO] WebApp:499 - Chromium requires no authentication
2024-05-22 17:21:19,070 [INFO] WebApp:442 - Direct internet connection detected
2024-05-22 17:21:19,308 [INFO] WebApp:192 - Starting web application
2024-05-22 17:21:19,308 [INFO] WebApp:544 - Web application path used C:\ST\STM32CubeIDE_1.13.2\STM32CubeIDE\plugins\com.st.stm32cube.common.mx_6.10.0.202311202037\db\plugins\mcufinder\reactClient1\index.html
2024-05-22 17:21:40,113 [ERROR] LogOutputStream:75 - [STDERR_REDIRECT] SLF4J: Failed to load class "org.slf4j.impl.StaticLoggerBinder".
2024-05-22 17:21:40,114 [ERROR] LogOutputStream:75 - [STDERR_REDIRECT] SLF4J: Defaulting to no-operation (NOP) logger implementation
2024-05-22 17:21:40,115 [ERROR] LogOutputStream:75 - [STDERR_REDIRECT] SLF4J: See http://www.slf4j.org/codes.html#StaticLoggerBinder for further details.
