2024-05-09 13:32:01,100 [ERROR] LogOutputStream:75 - [STDERR_REDIRECT] 
2024-05-09 18:39:25,788 [INFO] Activator:176 - 


2024-05-09 18:39:25,790 [INFO] Activator:177 - !SESSION log4j initialized
2024-05-09 18:39:31,460 [INFO] LogOutputStream:77 - [STDOUT_REDIRECT] 
2024-05-09 18:39:32,161 [INFO] ApplicationProperties:184 - Using Application install path: C:\ST\STM32CubeIDE_1.13.2\STM32CubeIDE\plugins\com.st.stm32cube.common.mx_6.10.0.202311202037
2024-05-09 18:39:32,178 [INFO] DbMcusXml:78 - Set database path to: C:\ST\STM32CubeIDE_1.13.2\STM32CubeIDE\plugins\com.st.stm32cube.common.mx_6.10.0.202311202037\\db\/mcu/
2024-05-09 18:39:32,178 [INFO] ApiDb:274 - Set plugin database path to: C:\ST\STM32CubeIDE_1.13.2\STM32CubeIDE\plugins\com.st.stm32cube.common.mx_6.10.0.202311202037\\db\/plugins/boardmanager/
2024-05-09 18:39:32,179 [WARN] ApiDb:259 - Overriding images path with different value:  => C:\ST\STM32CubeIDE_1.13.2\STM32CubeIDE\plugins\com.st.stm32cube.common.mx_6.10.0.202311202037\\db\/plugins/mcufinder/images/
2024-05-09 18:39:32,189 [INFO] ApiDb:250 - Set database path to: C:\Users\emper\.stmcufinder\plugins\mcufinder//mcu/
2024-05-09 18:39:32,190 [INFO] DbMcusAds:125 - Set database path to: C:\Users\emper\.stmcufinder\plugins\mcufinder//mcu/
2024-05-09 18:39:32,192 [INFO] CrossReferenceDbSqlite:203 - Set database path to: C:\Users\emper\.stmcufinder\plugins\mcufinder//mcu/cs/
2024-05-09 18:39:32,281 [INFO] RulesReader:64 - Compatibility file has been processed (297 Rules)
2024-05-09 18:39:32,369 [INFO] DbMcusXml:78 - Set database path to: C:\ST\STM32CubeIDE_1.13.2\STM32CubeIDE\plugins\com.st.stm32cube.common.mx_6.10.0.202311202037\\db\/mcu/
2024-05-09 18:39:32,369 [INFO] ApiDb:274 - Set plugin database path to: C:\ST\STM32CubeIDE_1.13.2\STM32CubeIDE\plugins\com.st.stm32cube.common.mx_6.10.0.202311202037\\db\/plugins/boardmanager/
2024-05-09 18:39:32,369 [INFO] ApiDb:261 - Set plugin images path to: C:\ST\STM32CubeIDE_1.13.2\STM32CubeIDE\plugins\com.st.stm32cube.common.mx_6.10.0.202311202037\\db\/plugins/mcufinder/images/
2024-05-09 18:39:32,370 [WARN] DbFile:41 - Overriding database path with different value: C:\Users\emper\.stmcufinder\plugins\mcufinder/ => C:\Users\emper\.stmcufinder\plugins\mcufinder
2024-05-09 18:39:32,370 [INFO] ApiDb:250 - Set database path to: C:\Users\emper\.stmcufinder\plugins\mcufinder//mcu/
2024-05-09 18:39:32,370 [WARN] DbFile:41 - Overriding database path with different value: C:\Users\emper\.stmcufinder\plugins\mcufinder/ => C:\Users\emper\.stmcufinder\plugins\mcufinder
2024-05-09 18:39:32,370 [INFO] DbMcusAds:125 - Set database path to: C:\Users\emper\.stmcufinder\plugins\mcufinder//mcu/
2024-05-09 18:39:32,370 [WARN] DbFile:41 - Overriding database path with different value: C:\Users\emper\.stmcufinder\plugins\mcufinder/ => C:\Users\emper\.stmcufinder\plugins\mcufinder
2024-05-09 18:39:32,370 [WARN] DbFile:41 - Overriding database path with different value: C:\Users\emper\.stmcufinder\plugins\mcufinder/ => C:\Users\emper\.stmcufinder\plugins\mcufinder
2024-05-09 18:39:32,370 [INFO] CrossReferenceDbSqlite:203 - Set database path to: C:\Users\emper\.stmcufinder\plugins\mcufinder//mcu/cs/
2024-05-09 18:39:32,439 [INFO] MainPanel:264 - HeapMemory: 268435456
2024-05-09 18:39:32,515 [INFO] DbMcusXml:78 - Set database path to: C:\ST\STM32CubeIDE_1.13.2\STM32CubeIDE\plugins\com.st.stm32cube.common.mx_6.10.0.202311202037\\db\/mcu/
2024-05-09 18:39:32,516 [INFO] ApiDb:274 - Set plugin database path to: C:\ST\STM32CubeIDE_1.13.2\STM32CubeIDE\plugins\com.st.stm32cube.common.mx_6.10.0.202311202037\\db\/plugins/boardmanager/
2024-05-09 18:39:32,516 [INFO] ApiDb:261 - Set plugin images path to: C:\ST\STM32CubeIDE_1.13.2\STM32CubeIDE\plugins\com.st.stm32cube.common.mx_6.10.0.202311202037\\db\/plugins/mcufinder/images/
2024-05-09 18:39:32,516 [WARN] DbFile:41 - Overriding database path with different value: C:\Users\emper\.stmcufinder\plugins\mcufinder/ => C:\Users\emper\.stmcufinder\plugins\mcufinder
2024-05-09 18:39:32,516 [INFO] ApiDb:250 - Set database path to: C:\Users\emper\.stmcufinder\plugins\mcufinder//mcu/
2024-05-09 18:39:32,516 [WARN] DbFile:41 - Overriding database path with different value: C:\Users\emper\.stmcufinder\plugins\mcufinder/ => C:\Users\emper\.stmcufinder\plugins\mcufinder
2024-05-09 18:39:32,517 [INFO] DbMcusAds:125 - Set database path to: C:\Users\emper\.stmcufinder\plugins\mcufinder//mcu/
2024-05-09 18:39:32,517 [WARN] DbFile:41 - Overriding database path with different value: C:\Users\emper\.stmcufinder\plugins\mcufinder/ => C:\Users\emper\.stmcufinder\plugins\mcufinder
2024-05-09 18:39:32,517 [WARN] DbFile:41 - Overriding database path with different value: C:\Users\emper\.stmcufinder\plugins\mcufinder/ => C:\Users\emper\.stmcufinder\plugins\mcufinder
2024-05-09 18:39:32,517 [INFO] CrossReferenceDbSqlite:203 - Set database path to: C:\Users\emper\.stmcufinder\plugins\mcufinder//mcu/cs/
2024-05-09 18:39:32,536 [INFO] ApplicationProperties:184 - Using Application install path: C:\ST\STM32CubeIDE_1.13.2\STM32CubeIDE\plugins\com.st.stm32cube.common.mx_6.10.0.202311202037
2024-05-09 18:39:32,536 [INFO] PluginManage:196 - Search for loadable plugins [exclusion list=, ]
2024-05-09 18:39:32,539 [INFO] PluginManage:310 - Check plugin analytics
2024-05-09 18:39:32,655 [INFO] AnalyticsPlugin:253 - Accepted Software Licenses: 
2024-05-09 18:39:32,656 [INFO] AnalyticsPlugin:255 - Accepted CMSIS Pack Licenses: ARM.CMSIS-DSP.1.15.0,ARM.CMSIS.6.0.0
2024-05-09 18:39:32,656 [INFO] AnalyticsPlugin:257 - Accepted Firmware Licenses: FW.G4.1.5.0
2024-05-09 18:39:32,659 [INFO] PluginManage:359 - Loaded plugin analytics (category:tool,tabindex:-1)
2024-05-09 18:39:32,659 [INFO] PluginManage:310 - Check plugin cadmodel
2024-05-09 18:39:32,665 [INFO] CADModel:105 - Init CAD model plugin
2024-05-09 18:39:32,666 [INFO] PluginManage:359 - Loaded plugin cadmodel (category:power,tabindex:5)
2024-05-09 18:39:32,666 [INFO] PluginManage:310 - Check plugin clock
2024-05-09 18:39:32,676 [INFO] PluginManage:359 - Loaded plugin clock (category:base,tabindex:2)
2024-05-09 18:39:32,676 [INFO] PluginManage:310 - Check plugin ddr
2024-05-09 18:39:32,678 [INFO] PluginManage:359 - Loaded plugin ddr (category:tool,tabindex:6)
2024-05-09 18:39:32,678 [INFO] PluginManage:310 - Check plugin filemanager
2024-05-09 18:39:32,786 [INFO] PluginManage:359 - Loaded plugin filemanager (category:base,tabindex:10)
2024-05-09 18:39:32,786 [INFO] PluginManage:310 - Check plugin ipmanager
2024-05-09 18:39:32,793 [INFO] PluginManage:359 - Loaded plugin ipmanager (category:base,tabindex:5)
2024-05-09 18:39:32,793 [INFO] PluginManage:310 - Check plugin lpbam
2024-05-09 18:39:32,801 [INFO] PluginManage:359 - Loaded plugin lpbam (category:base,tabindex:0)
2024-05-09 18:39:32,801 [INFO] PluginManage:310 - Check plugin memorymap
2024-05-09 18:39:32,814 [INFO] PluginManage:359 - Loaded plugin memorymap (category:base,tabindex:4)
2024-05-09 18:39:32,814 [INFO] PluginManage:310 - Check plugin pinoutandconfiguration
2024-05-09 18:39:32,821 [INFO] PluginManage:359 - Loaded plugin pinoutandconfiguration (category:base,tabindex:1)
2024-05-09 18:39:32,821 [INFO] PluginManage:310 - Check plugin pinoutconfig
2024-05-09 18:39:32,889 [WARN] SupportedApi:132 - Cannot load RTOS API schema: s4s-elt-must-match.1: The content of 'definitions' must match (annotation?, (simpleType | complexType)?, (unique | key | keyref)*)). A problem was found starting at: attribute.
2024-05-09 18:39:32,995 [INFO] PluginManage:359 - Loaded plugin pinoutconfig (category:base,tabindex:0)
2024-05-09 18:39:32,995 [INFO] PluginManage:310 - Check plugin power
2024-05-09 18:39:33,004 [INFO] PluginManage:359 - Loaded plugin power (category:power,tabindex:4)
2024-05-09 18:39:33,005 [INFO] PluginManage:310 - Check plugin projectmanager
2024-05-09 18:39:33,018 [INFO] PluginManage:359 - Loaded plugin projectmanager (category:projectmanager,tabindex:3)
2024-05-09 18:39:33,018 [INFO] PluginManage:310 - Check plugin thirdparty
2024-05-09 18:39:33,136 [INFO] PluginManage:359 - Loaded plugin thirdparty (category:base,tabindex:-1)
2024-05-09 18:39:33,136 [WARN] IntegrityCheckThread:84 - waiting for thirdparty lock release [integrity check]
2024-05-09 18:39:33,136 [INFO] PluginManage:310 - Check plugin tools
2024-05-09 18:39:33,137 [INFO] IntegrityCheckThread:86 - entering critical section [integrity check]
2024-05-09 18:39:33,137 [INFO] ThirdPartyUpdaterWithRetryManager:70 - Updater plugin not ready yet. [1/15]
2024-05-09 18:39:33,140 [INFO] PluginManage:359 - Loaded plugin tools (category:base,tabindex:7)
2024-05-09 18:39:33,140 [INFO] PluginManage:310 - Check plugin tutovideos
2024-05-09 18:39:33,285 [INFO] PluginManage:359 - Loaded plugin tutovideos (category:base,tabindex:-1)
2024-05-09 18:39:33,285 [INFO] PluginManage:310 - Check plugin updater
2024-05-09 18:39:33,296 [INFO] PluginManage:359 - Loaded plugin updater (category:base,tabindex:12)
2024-05-09 18:39:33,296 [INFO] PluginManage:310 - Check plugin userauth
2024-05-09 18:39:33,301 [INFO] UserAuth:114 - Init User Auth plugin
2024-05-09 18:39:33,301 [INFO] PluginManage:359 - Loaded plugin userauth (category:base,tabindex:14)
2024-05-09 18:39:33,302 [INFO] PluginManage:283 - PluginManage : Loaded plugins [17]
2024-05-09 18:39:33,492 [INFO] PinOutPanel:1499 - setPackage(No Configuration,No Configuration)
2024-05-09 18:39:33,566 [INFO] CADModel:165 - CPN selected for project level
2024-05-09 18:39:33,566 [INFO] CADModel:114 - Register for checkConnection events
2024-05-09 18:39:33,585 [INFO] IPUIPlugin:80 - create IPUIPlugin
2024-05-09 18:39:33,585 [INFO] PluginManager:220 - loadIPPluginJar : add adc
2024-05-09 18:39:33,588 [INFO] IPUIPlugin:80 - create IPUIPlugin
2024-05-09 18:39:33,589 [INFO] PluginManager:220 - loadIPPluginJar : add aes
2024-05-09 18:39:33,592 [INFO] IPUIPlugin:80 - create IPUIPlugin
2024-05-09 18:39:33,592 [INFO] PluginManager:220 - loadIPPluginJar : add can
2024-05-09 18:39:33,593 [INFO] IPUIPlugin:80 - create IPUIPlugin
2024-05-09 18:39:33,594 [INFO] PluginManager:220 - loadIPPluginJar : add comp
2024-05-09 18:39:33,596 [INFO] IPUIPlugin:80 - create IPUIPlugin
2024-05-09 18:39:33,596 [INFO] PluginManager:220 - loadIPPluginJar : add cryp
2024-05-09 18:39:33,598 [INFO] IPUIPlugin:80 - create IPUIPlugin
2024-05-09 18:39:33,598 [INFO] PluginManager:220 - loadIPPluginJar : add dfsdm
2024-05-09 18:39:33,602 [INFO] IPUIPlugin:80 - create IPUIPlugin
2024-05-09 18:39:33,602 [INFO] PluginManager:220 - loadIPPluginJar : add dma
2024-05-09 18:39:33,605 [INFO] IPUIPlugin:80 - create IPUIPlugin
2024-05-09 18:39:33,605 [INFO] PluginManager:220 - loadIPPluginJar : add dma3
2024-05-09 18:39:33,607 [INFO] IPUIPlugin:80 - create IPUIPlugin
2024-05-09 18:39:33,608 [INFO] PluginManager:220 - loadIPPluginJar : add fatfs
2024-05-09 18:39:33,611 [INFO] IPUIPlugin:80 - create IPUIPlugin
2024-05-09 18:39:33,611 [INFO] PluginManager:220 - loadIPPluginJar : add fmc
2024-05-09 18:39:33,616 [INFO] IPUIPlugin:80 - create IPUIPlugin
2024-05-09 18:39:33,616 [INFO] PluginManager:220 - loadIPPluginJar : add freertos
2024-05-09 18:39:33,618 [INFO] IPUIPlugin:80 - create IPUIPlugin
2024-05-09 18:39:33,618 [INFO] PluginManager:220 - loadIPPluginJar : add genericplugin
2024-05-09 18:39:33,620 [INFO] IPUIPlugin:80 - create IPUIPlugin
2024-05-09 18:39:33,620 [INFO] PluginManager:220 - loadIPPluginJar : add gfxmmu
2024-05-09 18:39:33,625 [INFO] IPUIPlugin:80 - create IPUIPlugin
2024-05-09 18:39:33,625 [INFO] PluginManager:220 - loadIPPluginJar : add gic
2024-05-09 18:39:33,629 [INFO] IPUIPlugin:80 - create IPUIPlugin
2024-05-09 18:39:33,629 [INFO] PluginManager:220 - loadIPPluginJar : add gpio
2024-05-09 18:39:33,631 [INFO] IPUIPlugin:80 - create IPUIPlugin
2024-05-09 18:39:33,632 [INFO] PluginManager:220 - loadIPPluginJar : add gtzc
2024-05-09 18:39:33,634 [INFO] IPUIPlugin:80 - create IPUIPlugin
2024-05-09 18:39:33,634 [INFO] PluginManager:220 - loadIPPluginJar : add hash
2024-05-09 18:39:33,636 [INFO] IPUIPlugin:80 - create IPUIPlugin
2024-05-09 18:39:33,636 [INFO] PluginManager:220 - loadIPPluginJar : add i2c
2024-05-09 18:39:33,638 [INFO] IPUIPlugin:80 - create IPUIPlugin
2024-05-09 18:39:33,638 [INFO] PluginManager:220 - loadIPPluginJar : add i2s
2024-05-09 18:39:33,641 [INFO] IPUIPlugin:80 - create IPUIPlugin
2024-05-09 18:39:33,641 [INFO] PluginManager:220 - loadIPPluginJar : add i3c
2024-05-09 18:39:33,644 [INFO] IPUIPlugin:80 - create IPUIPlugin
2024-05-09 18:39:33,644 [INFO] PluginManager:220 - loadIPPluginJar : add ipddr
2024-05-09 18:39:33,650 [INFO] IPUIPlugin:80 - create IPUIPlugin
2024-05-09 18:39:33,650 [INFO] PluginManager:220 - loadIPPluginJar : add linkedlist
2024-05-09 18:39:33,653 [INFO] IPUIPlugin:80 - create IPUIPlugin
2024-05-09 18:39:33,653 [INFO] PluginManager:220 - loadIPPluginJar : add lorawan
2024-05-09 18:39:33,654 [INFO] IPUIPlugin:80 - create IPUIPlugin
2024-05-09 18:39:33,654 [INFO] PluginManager:220 - loadIPPluginJar : add ltdc
2024-05-09 18:39:33,659 [INFO] IPUIPlugin:80 - create IPUIPlugin
2024-05-09 18:39:33,659 [INFO] PluginManager:220 - loadIPPluginJar : add mdma
2024-05-09 18:39:33,662 [INFO] IPUIPlugin:80 - create IPUIPlugin
2024-05-09 18:39:33,663 [INFO] PluginManager:220 - loadIPPluginJar : add nvic
2024-05-09 18:39:33,665 [INFO] IPUIPlugin:80 - create IPUIPlugin
2024-05-09 18:39:33,665 [INFO] PluginManager:220 - loadIPPluginJar : add opamp
2024-05-09 18:39:33,669 [INFO] IPUIPlugin:80 - create IPUIPlugin
2024-05-09 18:39:33,669 [INFO] PluginManager:220 - loadIPPluginJar : add openamp
2024-05-09 18:39:33,672 [INFO] IPUIPlugin:80 - create IPUIPlugin
2024-05-09 18:39:33,672 [INFO] PluginManager:220 - loadIPPluginJar : add pdm2pcm
2024-05-09 18:39:33,677 [INFO] IPUIPlugin:80 - create IPUIPlugin
2024-05-09 18:39:33,678 [INFO] PluginManager:220 - loadIPPluginJar : add plateformsettings
2024-05-09 18:39:33,680 [INFO] IPUIPlugin:80 - create IPUIPlugin
2024-05-09 18:39:33,681 [INFO] PluginManager:220 - loadIPPluginJar : add quadspi
2024-05-09 18:39:33,684 [INFO] IPUIPlugin:80 - create IPUIPlugin
2024-05-09 18:39:33,684 [INFO] PluginManager:220 - loadIPPluginJar : add resmgrutility
2024-05-09 18:39:33,687 [INFO] IPUIPlugin:80 - create IPUIPlugin
2024-05-09 18:39:33,687 [INFO] PluginManager:220 - loadIPPluginJar : add sai
2024-05-09 18:39:33,689 [INFO] IPUIPlugin:80 - create IPUIPlugin
2024-05-09 18:39:33,689 [INFO] PluginManager:220 - loadIPPluginJar : add spi
2024-05-09 18:39:33,693 [INFO] IPUIPlugin:80 - create IPUIPlugin
2024-05-09 18:39:33,693 [INFO] PluginManager:220 - loadIPPluginJar : add stm32_wpan
2024-05-09 18:39:33,695 [INFO] IPUIPlugin:80 - create IPUIPlugin
2024-05-09 18:39:33,695 [INFO] PluginManager:220 - loadIPPluginJar : add tim
2024-05-09 18:39:33,697 [INFO] IPUIPlugin:80 - create IPUIPlugin
2024-05-09 18:39:33,697 [INFO] PluginManager:220 - loadIPPluginJar : add touchsensing
2024-05-09 18:39:33,699 [INFO] IPUIPlugin:80 - create IPUIPlugin
2024-05-09 18:39:33,699 [INFO] PluginManager:220 - loadIPPluginJar : add tracer_emb
2024-05-09 18:39:33,701 [INFO] IPUIPlugin:80 - create IPUIPlugin
2024-05-09 18:39:33,701 [INFO] PluginManager:220 - loadIPPluginJar : add ts
2024-05-09 18:39:33,702 [INFO] IPUIPlugin:80 - create IPUIPlugin
2024-05-09 18:39:33,702 [INFO] PluginManager:220 - loadIPPluginJar : add tsc
2024-05-09 18:39:33,704 [INFO] IPUIPlugin:80 - create IPUIPlugin
2024-05-09 18:39:33,704 [INFO] PluginManager:220 - loadIPPluginJar : add ucpd
2024-05-09 18:39:33,706 [INFO] IPUIPlugin:80 - create IPUIPlugin
2024-05-09 18:39:33,706 [INFO] PluginManager:220 - loadIPPluginJar : add usart
2024-05-09 18:39:33,708 [INFO] IPUIPlugin:80 - create IPUIPlugin
2024-05-09 18:39:33,709 [INFO] PluginManager:220 - loadIPPluginJar : add usbx
2024-05-09 18:39:33,831 [INFO] CADModel:165 - CPN selected for project level
2024-05-09 18:39:33,831 [INFO] CADModel:114 - Register for checkConnection events
2024-05-09 18:39:33,832 [FATAL] Updater:308 - Updater called before beeing initialized
2024-05-09 18:39:33,832 [ERROR] CADModel:125 - Updater not yet initialized, retry later 
2024-05-09 18:39:33,958 [INFO] CADModel:165 - CPN selected for project level
2024-05-09 18:39:33,958 [INFO] CADModel:114 - Register for checkConnection events
2024-05-09 18:39:33,958 [FATAL] Updater:308 - Updater called before beeing initialized
2024-05-09 18:39:33,958 [ERROR] CADModel:125 - Updater not yet initialized, retry later 
2024-05-09 18:39:33,961 [FATAL] Updater:308 - Updater called before beeing initialized
2024-05-09 18:39:34,047 [FATAL] Updater:308 - Updater called before beeing initialized
2024-05-09 18:39:34,050 [INFO] DbMcusAds:53 - JSON generation date=Thu May 02 15:37:29 ICT 2024 (1714639049318)
2024-05-09 18:39:34,050 [FATAL] Updater:308 - Updater called before beeing initialized
2024-05-09 18:39:34,084 [WARN] DetailPanel:346 - Failed to get advertising image, set to default
2024-05-09 18:39:34,169 [FATAL] Updater:308 - Updater called before beeing initialized
2024-05-09 18:39:34,171 [FATAL] Updater:308 - Updater called before beeing initialized
2024-05-09 18:39:34,171 [FATAL] Updater:308 - Updater called before beeing initialized
2024-05-09 18:39:34,171 [WARN] DetailPanel:346 - Failed to get advertising image, set to default
2024-05-09 18:39:34,171 [FATAL] Updater:308 - Updater called before beeing initialized
2024-05-09 18:39:34,211 [ERROR] Updater:1120 - MainUpdater not yet initialized. External WinMGr cannot be set.
2024-05-09 18:39:34,213 [INFO] Updater:1056 - Updater Version found : 6.10.0
2024-05-09 18:39:34,232 [INFO] ApplicationProperties:184 - Using Application install path: C:\ST\STM32CubeIDE_1.13.2\STM32CubeIDE\plugins\com.st.stm32cube.common.mx_6.10.0.202311202037
2024-05-09 18:39:35,820 [ERROR] LogOutputStream:75 - [STDERR_REDIRECT] May 09, 2024 6:39:35 PM java.util.prefs.WindowsPreferences <init>
2024-05-09 18:39:35,821 [ERROR] LogOutputStream:75 - [STDERR_REDIRECT] WARNING: Could not open/create prefs root node Software\JavaSoft\Prefs at root 0xffffffff80000002. Windows RegCreateKeyEx(...) returned error code 5.
2024-05-09 18:39:35,822 [ERROR] LogOutputStream:75 - [STDERR_REDIRECT] 
2024-05-09 18:39:36,138 [INFO] ThirdPartyUpdaterWithRetryManager:70 - Updater plugin not ready yet. [2/15]
2024-05-09 18:39:36,762 [INFO] MainUpdater:2873 - connection check result : 10
2024-05-09 18:39:36,763 [INFO] MainUpdater:290 - Updater Check For Update Now.
2024-05-09 18:39:36,763 [INFO] MicroXplorer:498 - Change Database Version : DB.6.0.100
2024-05-09 18:39:36,779 [INFO] McuFinderGlobals:63 - Set McuFinder mode to 2 (CubeIDE integrated)
2024-05-09 18:39:36,787 [INFO] UserAuth:404 - Internet connection configuration mode: 1
2024-05-09 18:39:36,808 [INFO] JxBrowserEngine:152 - Initiate JxBrowser Engine with user profile folder
2024-05-09 18:39:36,923 [INFO] CheckServerUpdateThread:120 - End of CheckServer Thread
2024-05-09 18:39:38,749 [INFO] WebApp:161 - Instantiating new browser for Auth
2024-05-09 18:39:39,358 [INFO] WebApp:780 - Register for checkConnection events
2024-05-09 18:39:39,358 [INFO] WebApp:414 - Apply proxy settings
2024-05-09 18:39:39,358 [INFO] WebApp:499 - Chromium requires no authentication
2024-05-09 18:39:39,366 [INFO] WebApp:442 - Direct internet connection detected
2024-05-09 18:39:39,407 [WARN] PackLoader:240 - Cannot read IP mode file for STMicroelectronics.FP-SNS-MOTENVWB1.1.4.0
2024-05-09 18:39:39,416 [WARN] PackLoader:240 - Cannot read IP mode file for STMicroelectronics.X-CUBE-SMBUS.2.1.0
2024-05-09 18:39:39,421 [WARN] PackLoader:240 - Cannot read IP mode file for STMicroelectronics.X-CUBE-TOUCHGFX.4.23.0
2024-05-09 18:39:39,423 [WARN] PackLoader:240 - Cannot read IP mode file for STMicroelectronics.X-CUBE-TOUCHGFX.4.23.2
2024-05-09 18:39:39,442 [WARN] PackLoader:240 - Cannot read IP mode file for STMicroelectronics.X-CUBE-AZRTOS-F7.1.1.0
2024-05-09 18:39:39,451 [WARN] PackLoader:240 - Cannot read IP mode file for STMicroelectronics.FP-SNS-MOTENV1.4.3.2
2024-05-09 18:39:39,458 [WARN] PackLoader:240 - Cannot read IP mode file for STMicroelectronics.FP-SNS-FLIGHT1.5.0.2
2024-05-09 18:39:39,466 [WARN] PackLoader:240 - Cannot read IP mode file for STMicroelectronics.X-CUBE-DISPLAY.3.0.0
2024-05-09 18:39:39,477 [WARN] PackLoader:240 - Cannot read IP mode file for STMicroelectronics.X-CUBE-BLE1.7.0.0
2024-05-09 18:39:39,484 [WARN] PackLoader:240 - Cannot read IP mode file for emotas.I-CUBE-CANOPEN.1.3.0
2024-05-09 18:39:39,489 [WARN] PackLoader:240 - Cannot read IP mode file for STMicroelectronics.X-CUBE-TOUCHGFX.4.22.1
2024-05-09 18:39:39,499 [WARN] PackLoader:240 - Cannot read IP mode file for STMicroelectronics.X-CUBE-BLEMGR.3.1.0
2024-05-09 18:39:39,506 [WARN] PackLoader:240 - Cannot read IP mode file for STMicroelectronics.FP-SNS-SMARTAG2.1.2.0
2024-05-09 18:39:39,517 [INFO] LogOutputStream:77 - [STDOUT_REDIRECT] 1 : Invalid condition id : UX_CORESTACK_Condition cause : null
2024-05-09 18:39:39,517 [INFO] LogOutputStream:77 - [STDOUT_REDIRECT] 1 : Invalid condition id : UX_CORESTACK_Condition cause : null
2024-05-09 18:39:39,518 [INFO] LogOutputStream:77 - [STDOUT_REDIRECT] 1 : Invalid condition id : UX_CORESTACK_Condition cause : null
2024-05-09 18:39:39,519 [INFO] LogOutputStream:77 - [STDOUT_REDIRECT] 1 : Invalid condition id : UX_CORESTACK_Condition cause : null
2024-05-09 18:39:39,519 [INFO] LogOutputStream:77 - [STDOUT_REDIRECT] 1 : Invalid condition id : UX_CORESTACK_Condition cause : null
2024-05-09 18:39:39,522 [WARN] PackLoader:240 - Cannot read IP mode file for STMicroelectronics.X-CUBE-AZRTOS-WL.2.0.0
2024-05-09 18:39:39,530 [WARN] PackLoader:240 - Cannot read IP mode file for STMicroelectronics.FP-SNS-MOTENV1.5.0.0
2024-05-09 18:39:39,541 [WARN] PackLoader:240 - Cannot read IP mode file for WES.I-CUBE-Cesium.1.3.0
2024-05-09 18:39:39,554 [WARN] PackLoader:240 - Cannot read IP mode file for STMicroelectronics.X-CUBE-BLE2.3.3.0
2024-05-09 18:39:39,560 [WARN] PackLoader:240 - Cannot read IP mode file for STMicroelectronics.X-CUBE-TCPP.4.1.0
2024-05-09 18:39:39,567 [WARN] PackLoader:240 - Cannot read IP mode file for STMicroelectronics.X-CUBE-ALGOBUILD.1.3.0
2024-05-09 18:39:39,580 [WARN] PackLoader:240 - Cannot read IP mode file for STMicroelectronics.X-CUBE-AZRTOS-G0.1.1.0
2024-05-09 18:39:39,588 [INFO] WebApp:192 - Starting web application
2024-05-09 18:39:39,588 [INFO] WebApp:544 - Web application path used C:\ST\STM32CubeIDE_1.13.2\STM32CubeIDE\plugins\com.st.stm32cube.common.mx_6.10.0.202311202037\db\plugins\mcufinder\reactClient1\index.html
2024-05-09 18:39:39,588 [WARN] PackLoader:240 - Cannot read IP mode file for STMicroelectronics.X-CUBE-SAFEA1.1.2.2
2024-05-09 18:39:39,595 [WARN] PackLoader:240 - Cannot read IP mode file for STMicroelectronics.X-CUBE-NFC4.3.0.0
2024-05-09 18:39:39,604 [WARN] PackLoader:240 - Cannot read IP mode file for STMicroelectronics.X-CUBE-BLEMGR.3.0.0
2024-05-09 18:39:39,611 [WARN] PackLoader:240 - Cannot read IP mode file for STMicroelectronics.FP-ATR-SIGFOX1.3.2.0
2024-05-09 18:39:39,618 [WARN] PackLoader:240 - Cannot read IP mode file for STMicroelectronics.X-CUBE-EEPRMA1.5.1.0
2024-05-09 18:39:39,643 [WARN] PackLoader:240 - Cannot read IP mode file for SEGGER.I-CUBE-embOS.1.3.1
2024-05-09 18:39:39,673 [WARN] PackLoader:240 - Cannot read IP mode file for STMicroelectronics.X-CUBE-GNSS1.6.0.0
2024-05-09 18:39:39,688 [WARN] PackLoader:240 - Cannot read IP mode file for STMicroelectronics.X-CUBE-AZRTOS-F4.1.1.0
2024-05-09 18:39:39,696 [WARN] PackLoader:240 - Cannot read IP mode file for wolfSSL.I-CUBE-wolfSSL.5.6.3
2024-05-09 18:39:39,705 [WARN] PackLoader:240 - Cannot read IP mode file for STMicroelectronics.X-CUBE-FREERTOS.1.2.0
2024-05-09 18:39:39,710 [WARN] PackLoader:240 - Cannot read IP mode file for wolfSSL.I-CUBE-wolfSSL.5.6.6
2024-05-09 18:39:39,726 [WARN] PackLoader:240 - Cannot read IP mode file for STMicroelectronics.X-CUBE-AZRTOS-L5.2.0.0
2024-05-09 18:39:39,774 [WARN] PackLoader:240 - Cannot read IP mode file for STMicroelectronics.X-CUBE-MEMS1.9.6.0
2024-05-09 18:39:39,880 [WARN] PackLoader:240 - Cannot read IP mode file for STMicroelectronics.X-CUBE-EEPRMA1.4.2.0
2024-05-09 18:39:39,896 [WARN] PackLoader:240 - Cannot read IP mode file for STMicroelectronics.X-CUBE-NFC6.3.1.0
2024-05-09 18:39:39,906 [WARN] PackLoader:240 - Cannot read IP mode file for ITTIA_DB.I-CUBE-ITTIADB.8.8.0
2024-05-09 18:39:39,961 [WARN] PackLoader:240 - Cannot read IP mode file for STMicroelectronics.X-CUBE-BLEMGR.2.0.0
2024-05-09 18:39:39,969 [WARN] PackLoader:240 - Cannot read IP mode file for STMicroelectronics.X-CUBE-AI.9.0.0
2024-05-09 18:39:39,982 [WARN] ConditionMgr:438 - getConditionDescription Invalid condition id : UX DEVICE CLASS RTOS Condition cause : null
2024-05-09 18:39:39,982 [WARN] ConditionMgr:438 - getConditionDescription Invalid condition id : UX DEVICE CLASS RTOS Condition cause : null
2024-05-09 18:39:39,984 [WARN] PackLoader:240 - Cannot read IP mode file for STMicroelectronics.X-CUBE-AZRTOS-H7.3.1.0
2024-05-09 18:39:39,985 [WARN] ConditionMgr:1039 - genDependencies : Invalid condition id : UX DEVICE CLASS RTOS Condition cause : null
2024-05-09 18:39:39,985 [WARN] ConditionMgr:1039 - genDependencies : Invalid condition id : UX DEVICE CLASS RTOS Condition cause : null
2024-05-09 18:39:39,985 [WARN] ConditionMgr:1039 - genDependencies : Invalid condition id : UX DEVICE CLASS RTOS Condition cause : null
2024-05-09 18:39:39,985 [WARN] ConditionMgr:1039 - genDependencies : Invalid condition id : UX DEVICE CLASS RTOS Condition cause : null
2024-05-09 18:39:39,985 [WARN] ConditionMgr:1039 - genDependencies : Invalid condition id : UX DEVICE CLASS RTOS Condition cause : null
2024-05-09 18:39:39,995 [WARN] PackLoader:240 - Cannot read IP mode file for STMicroelectronics.X-CUBE-NFC7.1.0.1
2024-05-09 18:39:40,001 [WARN] PackLoader:240 - Cannot read IP mode file for STMicroelectronics.X-CUBE-NFC6.3.0.0
2024-05-09 18:39:40,010 [WARN] PackLoader:240 - Cannot read IP mode file for STMicroelectronics.X-CUBE-EEPRMA1.4.1.0
2024-05-09 18:39:40,014 [WARN] PackLoader:240 - Cannot read IP mode file for STMicroelectronics.X-CUBE-AI.8.1.0
2024-05-09 18:39:40,030 [WARN] ConditionMgr:438 - getConditionDescription Invalid condition id : LAN8742 Phy interface Condition cause : null
2024-05-09 18:39:40,031 [WARN] PackLoader:240 - Cannot read IP mode file for STMicroelectronics.X-CUBE-AZRTOS-L4.2.0.0
2024-05-09 18:39:40,032 [WARN] ConditionMgr:1039 - genDependencies : Invalid condition id : LAN8742 Phy interface Condition cause : null
2024-05-09 18:39:40,033 [WARN] ConditionMgr:1039 - genDependencies : Invalid condition id : LAN8742 Phy interface Condition cause : null
2024-05-09 18:39:40,033 [WARN] ConditionMgr:1039 - genDependencies : Invalid condition id : LAN8742 Phy interface Condition cause : null
2024-05-09 18:39:40,097 [WARN] PackLoader:240 - Cannot read IP mode file for STMicroelectronics.X-CUBE-SFXS2LP1.4.0.0
2024-05-09 18:39:40,106 [WARN] PackLoader:240 - Cannot read IP mode file for STMicroelectronics.X-CUBE-ISPU.1.1.0
2024-05-09 18:39:40,117 [WARN] ConditionMgr:438 - getConditionDescription Invalid condition id : UX DEVICE CLASS RTOS Condition cause : null
2024-05-09 18:39:40,118 [WARN] ConditionMgr:438 - getConditionDescription Invalid condition id : UX DEVICE CLASS RTOS Condition cause : null
2024-05-09 18:39:40,119 [WARN] PackLoader:240 - Cannot read IP mode file for STMicroelectronics.X-CUBE-AZRTOS-WB.2.0.0
2024-05-09 18:39:40,120 [WARN] ConditionMgr:1039 - genDependencies : Invalid condition id : UX DEVICE CLASS RTOS Condition cause : null
2024-05-09 18:39:40,120 [WARN] ConditionMgr:1039 - genDependencies : Invalid condition id : UX DEVICE CLASS RTOS Condition cause : null
2024-05-09 18:39:40,120 [WARN] ConditionMgr:1039 - genDependencies : Invalid condition id : UX DEVICE CLASS RTOS Condition cause : null
2024-05-09 18:39:40,120 [WARN] ConditionMgr:1039 - genDependencies : Invalid condition id : UX DEVICE CLASS RTOS Condition cause : null
2024-05-09 18:39:40,120 [WARN] ConditionMgr:1039 - genDependencies : Invalid condition id : UX DEVICE CLASS RTOS Condition cause : null
2024-05-09 18:39:40,134 [WARN] PackLoader:240 - Cannot read IP mode file for STMicroelectronics.X-CUBE-SUBG2.5.0.0
2024-05-09 18:39:40,146 [WARN] PackLoader:240 - Cannot read IP mode file for STMicroelectronics.X-CUBE-TOF1.3.3.1
2024-05-09 18:39:40,165 [WARN] PackLoader:240 - Cannot read IP mode file for STMicroelectronics.X-CUBE-AZRTOS-G4.2.0.0
2024-05-09 18:39:40,179 [WARN] PackLoader:240 - Cannot read IP mode file for Infineon.AIROC-Wi-Fi-Bluetooth-STM32.1.5.1
2024-05-09 18:39:40,190 [WARN] PackLoader:240 - Cannot read IP mode file for STMicroelectronics.FP-SNS-MOTENVWB1.1.3.0
2024-05-09 18:39:40,196 [WARN] PackLoader:240 - Cannot read IP mode file for STMicroelectronics.FP-SNS-MOTENVWB1.1.3.1
2024-05-09 18:39:40,202 [WARN] PackLoader:240 - Cannot read IP mode file for STMicroelectronics.X-CUBE-ISPU.2.0.0
2024-05-09 18:39:40,227 [WARN] PackLoader:240 - Cannot read IP mode file for STMicroelectronics.X-CUBE-MEMS1.10.0.0
2024-05-09 18:39:40,307 [WARN] PackLoader:240 - Cannot read IP mode file for STMicroelectronics.X-CUBE-FREERTOS.1.1.0
2024-05-09 18:39:40,315 [WARN] PackLoader:240 - Cannot read IP mode file for portGmbH.I-Cube-SoM-uGOAL.1.1.0
2024-05-09 18:39:40,322 [WARN] PackLoader:240 - Cannot read IP mode file for STMicroelectronics.X-CUBE-ALS.1.0.1
2024-05-09 18:39:40,335 [WARN] PackLoader:240 - Cannot read IP mode file for STMicroelectronics.X-CUBE-AZRTOS-H7RS.1.0.0
2024-05-09 18:39:40,341 [WARN] PackLoader:240 - Cannot read IP mode file for STMicroelectronics.FP-ATR-ASTRA1.2.0.0
2024-05-09 18:39:40,350 [WARN] PackLoader:240 - Cannot read IP mode file for STMicroelectronics.X-CUBE-TOF1.3.4.0
2024-05-09 18:39:40,371 [WARN] PackLoader:240 - Cannot read IP mode file for STMicroelectronics.X-CUBE-TOF1.3.4.1
2024-05-09 18:39:40,392 [WARN] PackLoader:240 - Cannot read IP mode file for STMicroelectronics.X-CUBE-AZRTOS-H7.3.2.0
2024-05-09 18:39:40,395 [INFO] ThirdParty:978 - Integrity check success = true
2024-05-09 18:39:40,395 [INFO] IntegrityCheckThread:100 - exiting critical section [integrity check]
2024-05-09 18:39:40,397 [INFO] IntegrityCheckThread:103 - End integrity checks thread
2024-05-09 18:40:00,313 [ERROR] LogOutputStream:75 - [STDERR_REDIRECT] SLF4J: Failed to load class "org.slf4j.impl.StaticLoggerBinder".
2024-05-09 18:40:00,315 [ERROR] LogOutputStream:75 - [STDERR_REDIRECT] SLF4J: Defaulting to no-operation (NOP) logger implementation
2024-05-09 18:40:00,316 [ERROR] LogOutputStream:75 - [STDERR_REDIRECT] SLF4J: See http://www.slf4j.org/codes.html#StaticLoggerBinder for further details.
